[0.029s] Invoking command in '/root/Gazebo_WS/build/gazebo_practise': CMAKE_PREFIX_PATH=/root/Gazebo_WS/install/franka_description:/root/Gazebo_WS/install/gazebo_practise:/root/Gazebo_WS/install/franka_moveit_config:/opt/ros/humble /usr/bin/cmake /root/Gazebo_WS/src/gazebo_practise -DAMENT_CMAKE_SYMLINK_INSTALL=1 -DCMAKE_INSTALL_PREFIX=/root/Gazebo_WS/install/gazebo_practise
[0.036s] -- Found ament_cmake: 1.3.11 (/opt/ros/humble/share/ament_cmake/cmake)
[0.105s] -- Override CMake install command with custom implementation using symlinks instead of copying resources
[0.109s] -- Found rclcpp: 16.0.11 (/opt/ros/humble/share/rclcpp/cmake)
[0.256s] -- Found rosidl_generator_c: 3.1.6 (/opt/ros/humble/share/rosidl_generator_c/cmake)
[0.257s] -- Found rosidl_adapter: 3.1.6 (/opt/ros/humble/share/rosidl_adapter/cmake)
[0.261s] -- Found rosidl_generator_cpp: 3.1.6 (/opt/ros/humble/share/rosidl_generator_cpp/cmake)
[0.266s] -- Using all available rosidl_typesupport_c: rosidl_typesupport_fastrtps_c;rosidl_typesupport_introspection_c
[0.273s] -- Using all available rosidl_typesupport_cpp: rosidl_typesupport_fastrtps_cpp;rosidl_typesupport_introspection_cpp
[0.290s] -- Found rmw_implementation_cmake: 6.1.2 (/opt/ros/humble/share/rmw_implementation_cmake/cmake)
[0.291s] -- Found rmw_fastrtps_cpp: 6.2.7 (/opt/ros/humble/share/rmw_fastrtps_cpp/cmake)
[4.279s] -- Using RMW implementation 'rmw_fastrtps_cpp' as default
[4.307s] -- Found ros_gz_sim: 0.244.16 (/opt/ros/humble/share/ros_gz_sim/cmake)
[4.308s] -- Found robot_state_publisher: 3.0.3 (/opt/ros/humble/share/robot_state_publisher/cmake)
[4.317s] -- Found eigen3_cmake_module: 0.1.1 (/opt/ros/humble/share/eigen3_cmake_module/cmake)
[4.318s] -- Ensuring Eigen3 include directory is part of orocos-kdl CMake target
[5.243s] -- Found rviz2: 11.2.16 (/opt/ros/humble/share/rviz2/cmake)
[5.243s] -- Found franka_description: 0.4.0 (/root/Gazebo_WS/install/franka_description/share/franka_description/cmake)
[5.243s] -- Found trajectory_msgs: 4.2.4 (/opt/ros/humble/share/trajectory_msgs/cmake)
[5.254s] -- Found ament_lint_auto: 0.12.11 (/opt/ros/humble/share/ament_lint_auto/cmake)
[5.296s] -- Added test 'cppcheck' to perform static code analysis on C / C++ code
[5.297s] -- Configured cppcheck include dirs: 
[5.297s] -- Configured cppcheck exclude dirs and/or files: 
[5.297s] -- Added test 'flake8' to check Python code syntax and style conventions
[5.297s] -- Added test 'lint_cmake' to check CMake code style
[5.297s] -- Added test 'pep257' to check Python code against some of the docstring style conventions in PEP 257
[5.299s] -- Added test 'uncrustify' to check C / C++ code style
[5.299s] -- Configured uncrustify additional arguments: 
[5.299s] -- Added test 'xmllint' to check XML markup files
[5.300s] -- Configuring done
[5.306s] -- Generating done
[5.308s] -- Build files have been written to: /root/Gazebo_WS/build/gazebo_practise
[5.315s] Invoked command in '/root/Gazebo_WS/build/gazebo_practise' returned '0': CMAKE_PREFIX_PATH=/root/Gazebo_WS/install/franka_description:/root/Gazebo_WS/install/gazebo_practise:/root/Gazebo_WS/install/franka_moveit_config:/opt/ros/humble /usr/bin/cmake /root/Gazebo_WS/src/gazebo_practise -DAMENT_CMAKE_SYMLINK_INSTALL=1 -DCMAKE_INSTALL_PREFIX=/root/Gazebo_WS/install/gazebo_practise
[5.316s] Invoking command in '/root/Gazebo_WS/build/gazebo_practise': CMAKE_PREFIX_PATH=/root/Gazebo_WS/install/franka_description:/root/Gazebo_WS/install/gazebo_practise:/root/Gazebo_WS/install/franka_moveit_config:/opt/ros/humble /usr/bin/cmake --build /root/Gazebo_WS/build/gazebo_practise -- -j20 -l20
[5.335s] [35m[1mConsolidate compiler generated dependencies of target reference_generator[0m
[5.345s] [100%] Built target reference_generator
[5.350s] Invoked command in '/root/Gazebo_WS/build/gazebo_practise' returned '0': CMAKE_PREFIX_PATH=/root/Gazebo_WS/install/franka_description:/root/Gazebo_WS/install/gazebo_practise:/root/Gazebo_WS/install/franka_moveit_config:/opt/ros/humble /usr/bin/cmake --build /root/Gazebo_WS/build/gazebo_practise -- -j20 -l20
[5.351s] Invoking command in '/root/Gazebo_WS/build/gazebo_practise': CMAKE_PREFIX_PATH=/root/Gazebo_WS/install/franka_description:/root/Gazebo_WS/install/gazebo_practise:/root/Gazebo_WS/install/franka_moveit_config:/opt/ros/humble /usr/bin/cmake --install /root/Gazebo_WS/build/gazebo_practise
[5.355s] -- Install configuration: ""
[5.355s] -- Execute custom install script
[5.355s] -- Up-to-date symlink: /root/Gazebo_WS/install/gazebo_practise/share/gazebo_practise/launch/empty_world.launch.py
[5.355s] -- Up-to-date symlink: /root/Gazebo_WS/install/gazebo_practise/share/gazebo_practise/launch/frames_2025-02-23_17.58.07.gv
[5.355s] -- Up-to-date symlink: /root/Gazebo_WS/install/gazebo_practise/share/gazebo_practise/launch/send_trajectory.launch.py
[5.355s] -- Up-to-date symlink: /root/Gazebo_WS/install/gazebo_practise/share/gazebo_practise/urdf/URDF_Practise.urdf
[5.355s] -- Up-to-date symlink: /root/Gazebo_WS/install/gazebo_practise/share/gazebo_practise/urdf/URDF_Simple.urdf
[5.356s] -- Up-to-date symlink: /root/Gazebo_WS/install/gazebo_practise/share/gazebo_practise/worlds/world.sdf
[5.356s] -- Up-to-date symlink: /root/Gazebo_WS/install/gazebo_practise/share/gazebo_practise/config/my_robot_config.rviz
[5.356s] -- Up-to-date symlink: /root/Gazebo_WS/install/gazebo_practise/share/gazebo_practise/controller_config/controller.yaml
[5.356s] -- Up-to-date symlink: /root/Gazebo_WS/install/gazebo_practise/lib/gazebo_practise/reference_generator
[5.356s] -- Up-to-date symlink: /root/Gazebo_WS/install/gazebo_practise/share/ament_index/resource_index/package_run_dependencies/gazebo_practise
[5.357s] -- Up-to-date symlink: /root/Gazebo_WS/install/gazebo_practise/share/ament_index/resource_index/parent_prefix_path/gazebo_practise
[5.357s] -- Up-to-date symlink: /root/Gazebo_WS/install/gazebo_practise/share/gazebo_practise/environment/ament_prefix_path.sh
[5.357s] -- Up-to-date symlink: /root/Gazebo_WS/install/gazebo_practise/share/gazebo_practise/environment/ament_prefix_path.dsv
[5.357s] -- Up-to-date symlink: /root/Gazebo_WS/install/gazebo_practise/share/gazebo_practise/environment/path.sh
[5.357s] -- Up-to-date symlink: /root/Gazebo_WS/install/gazebo_practise/share/gazebo_practise/environment/path.dsv
[5.357s] -- Up-to-date symlink: /root/Gazebo_WS/install/gazebo_practise/share/gazebo_practise/local_setup.bash
[5.357s] -- Up-to-date symlink: /root/Gazebo_WS/install/gazebo_practise/share/gazebo_practise/local_setup.sh
[5.357s] -- Up-to-date symlink: /root/Gazebo_WS/install/gazebo_practise/share/gazebo_practise/local_setup.zsh
[5.357s] -- Up-to-date symlink: /root/Gazebo_WS/install/gazebo_practise/share/gazebo_practise/local_setup.dsv
[5.357s] -- Symlinking: /root/Gazebo_WS/install/gazebo_practise/share/gazebo_practise/package.dsv
[5.362s] -- Up-to-date symlink: /root/Gazebo_WS/install/gazebo_practise/share/ament_index/resource_index/packages/gazebo_practise
[5.362s] -- Up-to-date symlink: /root/Gazebo_WS/install/gazebo_practise/share/gazebo_practise/cmake/gazebo_practiseConfig.cmake
[5.362s] -- Up-to-date symlink: /root/Gazebo_WS/install/gazebo_practise/share/gazebo_practise/cmake/gazebo_practiseConfig-version.cmake
[5.362s] -- Up-to-date symlink: /root/Gazebo_WS/install/gazebo_practise/share/gazebo_practise/package.xml
[5.364s] Invoked command in '/root/Gazebo_WS/build/gazebo_practise' returned '0': CMAKE_PREFIX_PATH=/root/Gazebo_WS/install/franka_description:/root/Gazebo_WS/install/gazebo_practise:/root/Gazebo_WS/install/franka_moveit_config:/opt/ros/humble /usr/bin/cmake --install /root/Gazebo_WS/build/gazebo_practise
