[0.959s] DEBUG:colcon:Command line arguments: ['/usr/bin/colcon', 'build', '--packages-select', 'franka_moveit_config']
[0.959s] DEBUG:colcon:Parsed command line arguments: Namespace(log_base=None, log_level=None, verb_name='build', build_base='build', install_base='install', merge_install=False, symlink_install=False, test_result_base=None, continue_on_error=False, executor='parallel', parallel_workers=20, event_handlers=None, ignore_user_meta=False, metas=['./colcon.meta'], base_paths=['.'], packages_ignore=None, packages_ignore_regex=None, paths=None, packages_up_to=None, packages_up_to_regex=None, packages_above=None, packages_above_and_dependencies=None, packages_above_depth=None, packages_select_by_dep=None, packages_skip_by_dep=None, packages_skip_up_to=None, packages_select_build_failed=False, packages_skip_build_finished=False, packages_select_test_failures=False, packages_skip_test_passed=False, packages_select=['franka_moveit_config'], packages_skip=None, packages_select_regex=None, packages_skip_regex=None, packages_start=None, packages_end=None, allow_overriding=[], cmake_args=None, cmake_target=None, cmake_target_skip_unavailable=False, cmake_clean_cache=False, cmake_clean_first=False, cmake_force_configure=False, ament_cmake_args=None, catkin_cmake_args=None, catkin_skip_building_tests=False, mixin_files=None, mixin=None, verb_parser=<colcon_mixin.mixin.mixin_argument.MixinArgumentDecorator object at 0x7f7dc0a47a90>, verb_extension=<colcon_core.verb.build.BuildVerb object at 0x7f7dc0a47520>, main=<bound method BuildVerb.main of <colcon_core.verb.build.BuildVerb object at 0x7f7dc0a47520>>, mixin_verb=('build',))
[1.054s] Level 1:colcon.colcon_core.package_discovery:discover_packages(colcon_meta) check parameters
[1.054s] Level 1:colcon.colcon_core.package_discovery:discover_packages(recursive) check parameters
[1.054s] Level 1:colcon.colcon_core.package_discovery:discover_packages(ignore) check parameters
[1.054s] Level 1:colcon.colcon_core.package_discovery:discover_packages(path) check parameters
[1.054s] Level 1:colcon.colcon_core.package_discovery:discover_packages(colcon_meta) discover
[1.054s] Level 1:colcon.colcon_core.package_discovery:discover_packages(recursive) discover
[1.054s] INFO:colcon.colcon_core.package_discovery:Crawling recursively for packages in '/root/Gazebo_WS'
[1.054s] Level 1:colcon.colcon_core.package_identification:_identify(.) by extensions ['ignore', 'ignore_ament_install']
[1.054s] Level 1:colcon.colcon_core.package_identification:_identify(.) by extension 'ignore'
[1.054s] Level 1:colcon.colcon_core.package_identification:_identify(.) by extension 'ignore_ament_install'
[1.054s] Level 1:colcon.colcon_core.package_identification:_identify(.) by extensions ['colcon_pkg']
[1.054s] Level 1:colcon.colcon_core.package_identification:_identify(.) by extension 'colcon_pkg'
[1.054s] Level 1:colcon.colcon_core.package_identification:_identify(.) by extensions ['colcon_meta']
[1.054s] Level 1:colcon.colcon_core.package_identification:_identify(.) by extension 'colcon_meta'
[1.054s] Level 1:colcon.colcon_core.package_identification:_identify(.) by extensions ['ros']
[1.054s] Level 1:colcon.colcon_core.package_identification:_identify(.) by extension 'ros'
[1.061s] Level 1:colcon.colcon_core.package_identification:_identify(.) by extensions ['cmake', 'python']
[1.061s] Level 1:colcon.colcon_core.package_identification:_identify(.) by extension 'cmake'
[1.061s] Level 1:colcon.colcon_core.package_identification:_identify(.) by extension 'python'
[1.061s] Level 1:colcon.colcon_core.package_identification:_identify(.) by extensions ['python_setup_py']
[1.061s] Level 1:colcon.colcon_core.package_identification:_identify(.) by extension 'python_setup_py'
[1.061s] Level 1:colcon.colcon_core.package_identification:_identify(build) by extensions ['ignore', 'ignore_ament_install']
[1.061s] Level 1:colcon.colcon_core.package_identification:_identify(build) by extension 'ignore'
[1.061s] Level 1:colcon.colcon_core.package_identification:_identify(build) ignored
[1.061s] Level 1:colcon.colcon_core.package_identification:_identify(install) by extensions ['ignore', 'ignore_ament_install']
[1.061s] Level 1:colcon.colcon_core.package_identification:_identify(install) by extension 'ignore'
[1.061s] Level 1:colcon.colcon_core.package_identification:_identify(install) ignored
[1.061s] Level 1:colcon.colcon_core.package_identification:_identify(log) by extensions ['ignore', 'ignore_ament_install']
[1.061s] Level 1:colcon.colcon_core.package_identification:_identify(log) by extension 'ignore'
[1.061s] Level 1:colcon.colcon_core.package_identification:_identify(log) ignored
[1.061s] Level 1:colcon.colcon_core.package_identification:_identify(src) by extensions ['ignore', 'ignore_ament_install']
[1.062s] Level 1:colcon.colcon_core.package_identification:_identify(src) by extension 'ignore'
[1.062s] Level 1:colcon.colcon_core.package_identification:_identify(src) by extension 'ignore_ament_install'
[1.062s] Level 1:colcon.colcon_core.package_identification:_identify(src) by extensions ['colcon_pkg']
[1.062s] Level 1:colcon.colcon_core.package_identification:_identify(src) by extension 'colcon_pkg'
[1.062s] Level 1:colcon.colcon_core.package_identification:_identify(src) by extensions ['colcon_meta']
[1.062s] Level 1:colcon.colcon_core.package_identification:_identify(src) by extension 'colcon_meta'
[1.062s] Level 1:colcon.colcon_core.package_identification:_identify(src) by extensions ['ros']
[1.062s] Level 1:colcon.colcon_core.package_identification:_identify(src) by extension 'ros'
[1.062s] Level 1:colcon.colcon_core.package_identification:_identify(src) by extensions ['cmake', 'python']
[1.062s] Level 1:colcon.colcon_core.package_identification:_identify(src) by extension 'cmake'
[1.062s] Level 1:colcon.colcon_core.package_identification:_identify(src) by extension 'python'
[1.062s] Level 1:colcon.colcon_core.package_identification:_identify(src) by extensions ['python_setup_py']
[1.062s] Level 1:colcon.colcon_core.package_identification:_identify(src) by extension 'python_setup_py'
[1.062s] Level 1:colcon.colcon_core.package_identification:_identify(src/franka_description) by extensions ['ignore', 'ignore_ament_install']
[1.062s] Level 1:colcon.colcon_core.package_identification:_identify(src/franka_description) by extension 'ignore'
[1.062s] Level 1:colcon.colcon_core.package_identification:_identify(src/franka_description) by extension 'ignore_ament_install'
[1.062s] Level 1:colcon.colcon_core.package_identification:_identify(src/franka_description) by extensions ['colcon_pkg']
[1.062s] Level 1:colcon.colcon_core.package_identification:_identify(src/franka_description) by extension 'colcon_pkg'
[1.062s] Level 1:colcon.colcon_core.package_identification:_identify(src/franka_description) by extensions ['colcon_meta']
[1.062s] Level 1:colcon.colcon_core.package_identification:_identify(src/franka_description) by extension 'colcon_meta'
[1.062s] Level 1:colcon.colcon_core.package_identification:_identify(src/franka_description) by extensions ['ros']
[1.062s] Level 1:colcon.colcon_core.package_identification:_identify(src/franka_description) by extension 'ros'
[1.065s] DEBUG:colcon.colcon_core.package_identification:Package 'src/franka_description' with type 'ros.ament_cmake' and name 'franka_description'
[1.065s] Level 1:colcon.colcon_core.package_identification:_identify(src/franka_moveit_config) by extensions ['ignore', 'ignore_ament_install']
[1.065s] Level 1:colcon.colcon_core.package_identification:_identify(src/franka_moveit_config) by extension 'ignore'
[1.065s] Level 1:colcon.colcon_core.package_identification:_identify(src/franka_moveit_config) by extension 'ignore_ament_install'
[1.065s] Level 1:colcon.colcon_core.package_identification:_identify(src/franka_moveit_config) by extensions ['colcon_pkg']
[1.065s] Level 1:colcon.colcon_core.package_identification:_identify(src/franka_moveit_config) by extension 'colcon_pkg'
[1.065s] Level 1:colcon.colcon_core.package_identification:_identify(src/franka_moveit_config) by extensions ['colcon_meta']
[1.065s] Level 1:colcon.colcon_core.package_identification:_identify(src/franka_moveit_config) by extension 'colcon_meta'
[1.065s] Level 1:colcon.colcon_core.package_identification:_identify(src/franka_moveit_config) by extensions ['ros']
[1.065s] Level 1:colcon.colcon_core.package_identification:_identify(src/franka_moveit_config) by extension 'ros'
[1.066s] DEBUG:colcon.colcon_core.package_identification:Package 'src/franka_moveit_config' with type 'ros.ament_cmake' and name 'franka_moveit_config'
[1.066s] Level 1:colcon.colcon_core.package_identification:_identify(src/gazebo_practise) by extensions ['ignore', 'ignore_ament_install']
[1.066s] Level 1:colcon.colcon_core.package_identification:_identify(src/gazebo_practise) by extension 'ignore'
[1.066s] Level 1:colcon.colcon_core.package_identification:_identify(src/gazebo_practise) by extension 'ignore_ament_install'
[1.066s] Level 1:colcon.colcon_core.package_identification:_identify(src/gazebo_practise) by extensions ['colcon_pkg']
[1.066s] Level 1:colcon.colcon_core.package_identification:_identify(src/gazebo_practise) by extension 'colcon_pkg'
[1.066s] Level 1:colcon.colcon_core.package_identification:_identify(src/gazebo_practise) by extensions ['colcon_meta']
[1.067s] Level 1:colcon.colcon_core.package_identification:_identify(src/gazebo_practise) by extension 'colcon_meta'
[1.067s] Level 1:colcon.colcon_core.package_identification:_identify(src/gazebo_practise) by extensions ['ros']
[1.067s] Level 1:colcon.colcon_core.package_identification:_identify(src/gazebo_practise) by extension 'ros'
[1.067s] DEBUG:colcon.colcon_core.package_identification:Package 'src/gazebo_practise' with type 'ros.ament_cmake' and name 'gazebo_practise'
[1.067s] Level 1:colcon.colcon_core.package_discovery:discover_packages(recursive) using defaults
[1.067s] Level 1:colcon.colcon_core.package_discovery:discover_packages(ignore) discover
[1.067s] Level 1:colcon.colcon_core.package_discovery:discover_packages(ignore) using defaults
[1.067s] Level 1:colcon.colcon_core.package_discovery:discover_packages(path) discover
[1.067s] Level 1:colcon.colcon_core.package_discovery:discover_packages(path) using defaults
[1.087s] INFO:colcon.colcon_core.package_selection:Skipping not selected package 'franka_description' in 'src/franka_description'
[1.087s] INFO:colcon.colcon_core.package_selection:Skipping not selected package 'gazebo_practise' in 'src/gazebo_practise'
[1.087s] Level 1:colcon.colcon_core.package_discovery:discover_packages(prefix_path) check parameters
[1.087s] Level 1:colcon.colcon_core.package_discovery:discover_packages(prefix_path) discover
[1.088s] WARNING:colcon.colcon_ros.prefix_path.ament:The path '/root/Gazebo_WS/install/gazebo_practise' in the environment variable AMENT_PREFIX_PATH doesn't exist
[1.088s] WARNING:colcon.colcon_ros.prefix_path.ament:The path '/root/Gazebo_WS/install/franka_description' in the environment variable AMENT_PREFIX_PATH doesn't exist
[1.088s] WARNING:colcon.colcon_ros.prefix_path.ament:The path '/root/Gazebo_WS/install/Gazebo_Practise' in the environment variable AMENT_PREFIX_PATH doesn't exist
[1.089s] WARNING:colcon.colcon_ros.prefix_path.catkin:The path '/root/Gazebo_WS/install/gazebo_practise' in the environment variable CMAKE_PREFIX_PATH doesn't exist
[1.089s] WARNING:colcon.colcon_ros.prefix_path.catkin:The path '/root/Gazebo_WS/install/franka_moveit_config' in the environment variable CMAKE_PREFIX_PATH doesn't exist
[1.089s] WARNING:colcon.colcon_ros.prefix_path.catkin:The path '/root/Gazebo_WS/install/franka_description' in the environment variable CMAKE_PREFIX_PATH doesn't exist
[1.089s] WARNING:colcon.colcon_ros.prefix_path.catkin:The path '/root/Gazebo_WS/install/Gazebo_Practise' in the environment variable CMAKE_PREFIX_PATH doesn't exist
[1.089s] DEBUG:colcon.colcon_installed_package_information.package_discovery:Found 0 installed packages in /root/Gazebo_WS/install
[1.091s] DEBUG:colcon.colcon_installed_package_information.package_discovery:Found 57 installed packages in /root/Moveit2_WS/install
[1.092s] DEBUG:colcon.colcon_installed_package_information.package_discovery:Found 398 installed packages in /opt/ros/humble
[1.095s] Level 1:colcon.colcon_core.package_discovery:discover_packages(prefix_path) using defaults
[1.127s] Level 5:colcon.colcon_core.verb:set package 'franka_moveit_config' build argument 'cmake_args' from command line to 'None'
[1.127s] Level 5:colcon.colcon_core.verb:set package 'franka_moveit_config' build argument 'cmake_target' from command line to 'None'
[1.127s] Level 5:colcon.colcon_core.verb:set package 'franka_moveit_config' build argument 'cmake_target_skip_unavailable' from command line to 'False'
[1.127s] Level 5:colcon.colcon_core.verb:set package 'franka_moveit_config' build argument 'cmake_clean_cache' from command line to 'False'
[1.127s] Level 5:colcon.colcon_core.verb:set package 'franka_moveit_config' build argument 'cmake_clean_first' from command line to 'False'
[1.127s] Level 5:colcon.colcon_core.verb:set package 'franka_moveit_config' build argument 'cmake_force_configure' from command line to 'False'
[1.127s] Level 5:colcon.colcon_core.verb:set package 'franka_moveit_config' build argument 'ament_cmake_args' from command line to 'None'
[1.127s] Level 5:colcon.colcon_core.verb:set package 'franka_moveit_config' build argument 'catkin_cmake_args' from command line to 'None'
[1.127s] Level 5:colcon.colcon_core.verb:set package 'franka_moveit_config' build argument 'catkin_skip_building_tests' from command line to 'False'
[1.127s] DEBUG:colcon.colcon_core.verb:Building package 'franka_moveit_config' with the following arguments: {'ament_cmake_args': None, 'build_base': '/root/Gazebo_WS/build/franka_moveit_config', 'catkin_cmake_args': None, 'catkin_skip_building_tests': False, 'cmake_args': None, 'cmake_clean_cache': False, 'cmake_clean_first': False, 'cmake_force_configure': False, 'cmake_target': None, 'cmake_target_skip_unavailable': False, 'install_base': '/root/Gazebo_WS/install/franka_moveit_config', 'merge_install': False, 'path': '/root/Gazebo_WS/src/franka_moveit_config', 'symlink_install': False, 'test_result_base': None}
[1.127s] INFO:colcon.colcon_core.executor:Executing jobs using 'parallel' executor
[1.128s] DEBUG:colcon.colcon_parallel_executor.executor.parallel:run_until_complete
[1.128s] INFO:colcon.colcon_ros.task.ament_cmake.build:Building ROS package in '/root/Gazebo_WS/src/franka_moveit_config' with build type 'ament_cmake'
[1.128s] INFO:colcon.colcon_cmake.task.cmake.build:Building CMake package in '/root/Gazebo_WS/src/franka_moveit_config'
[1.130s] INFO:colcon.colcon_core.plugin_system:Skipping extension 'colcon_core.shell.bat': Not used on non-Windows systems
[1.130s] INFO:colcon.colcon_core.shell:Skip shell extension 'powershell' for command environment: Not usable outside of PowerShell
[1.130s] DEBUG:colcon.colcon_core.shell:Skip shell extension 'dsv' for command environment
[1.134s] WARNING:colcon.colcon_core.shell:The following packages are in the workspace but haven't been built:
- franka_description
They are being used from the following locations instead:
- /opt/ros/humble
To suppress this warning ignore these packages in the workspace:
--packages-ignore franka_description
[1.141s] DEBUG:colcon.colcon_core.event_handler.log_command:Invoking command in '/root/Gazebo_WS/build/franka_moveit_config': CMAKE_PREFIX_PATH=${CMAKE_PREFIX_PATH}:/root/Moveit2_WS/install/moveit_configs_utils:/root/Moveit2_WS/install/launch_param_builder:/opt/ros/humble /usr/bin/cmake /root/Gazebo_WS/src/franka_moveit_config -DCMAKE_INSTALL_PREFIX=/root/Gazebo_WS/install/franka_moveit_config
[12.566s] DEBUG:colcon.colcon_core.event_handler.log_command:Invoked command in '/root/Gazebo_WS/build/franka_moveit_config' returned '0': CMAKE_PREFIX_PATH=${CMAKE_PREFIX_PATH}:/root/Moveit2_WS/install/moveit_configs_utils:/root/Moveit2_WS/install/launch_param_builder:/opt/ros/humble /usr/bin/cmake /root/Gazebo_WS/src/franka_moveit_config -DCMAKE_INSTALL_PREFIX=/root/Gazebo_WS/install/franka_moveit_config
[12.568s] DEBUG:colcon.colcon_core.event_handler.log_command:Invoking command in '/root/Gazebo_WS/build/franka_moveit_config': CMAKE_PREFIX_PATH=${CMAKE_PREFIX_PATH}:/root/Moveit2_WS/install/moveit_configs_utils:/root/Moveit2_WS/install/launch_param_builder:/opt/ros/humble /usr/bin/cmake --build /root/Gazebo_WS/build/franka_moveit_config -- -j20 -l20
[12.592s] DEBUG:colcon.colcon_core.event_handler.log_command:Invoked command in '/root/Gazebo_WS/build/franka_moveit_config' returned '0': CMAKE_PREFIX_PATH=${CMAKE_PREFIX_PATH}:/root/Moveit2_WS/install/moveit_configs_utils:/root/Moveit2_WS/install/launch_param_builder:/opt/ros/humble /usr/bin/cmake --build /root/Gazebo_WS/build/franka_moveit_config -- -j20 -l20
[12.598s] DEBUG:colcon.colcon_core.event_handler.log_command:Invoking command in '/root/Gazebo_WS/build/franka_moveit_config': CMAKE_PREFIX_PATH=${CMAKE_PREFIX_PATH}:/root/Moveit2_WS/install/moveit_configs_utils:/root/Moveit2_WS/install/launch_param_builder:/opt/ros/humble /usr/bin/cmake --install /root/Gazebo_WS/build/franka_moveit_config
[12.610s] Level 1:colcon.colcon_core.environment:create_environment_scripts_only(franka_moveit_config)
[12.610s] DEBUG:colcon.colcon_core.event_handler.log_command:Invoked command in '/root/Gazebo_WS/build/franka_moveit_config' returned '0': CMAKE_PREFIX_PATH=${CMAKE_PREFIX_PATH}:/root/Moveit2_WS/install/moveit_configs_utils:/root/Moveit2_WS/install/launch_param_builder:/opt/ros/humble /usr/bin/cmake --install /root/Gazebo_WS/build/franka_moveit_config
[12.615s] Level 1:colcon.colcon_core.environment:checking '/root/Gazebo_WS/install/franka_moveit_config' for CMake module files
[12.615s] Level 1:colcon.colcon_core.environment:checking '/root/Gazebo_WS/install/franka_moveit_config' for CMake config files
[12.615s] Level 1:colcon.colcon_core.shell:create_environment_hook('franka_moveit_config', 'cmake_prefix_path')
[12.615s] INFO:colcon.colcon_core.shell:Creating environment hook '/root/Gazebo_WS/install/franka_moveit_config/share/franka_moveit_config/hook/cmake_prefix_path.ps1'
[12.616s] INFO:colcon.colcon_core.shell:Creating environment descriptor '/root/Gazebo_WS/install/franka_moveit_config/share/franka_moveit_config/hook/cmake_prefix_path.dsv'
[12.616s] INFO:colcon.colcon_core.shell:Creating environment hook '/root/Gazebo_WS/install/franka_moveit_config/share/franka_moveit_config/hook/cmake_prefix_path.sh'
[12.617s] Level 1:colcon.colcon_core.environment:checking '/root/Gazebo_WS/install/franka_moveit_config/bin'
[12.617s] Level 1:colcon.colcon_core.environment:checking '/root/Gazebo_WS/install/franka_moveit_config/lib/pkgconfig/franka_moveit_config.pc'
[12.617s] Level 1:colcon.colcon_core.environment:checking '/root/Gazebo_WS/install/franka_moveit_config/lib/python3.10/site-packages'
[12.617s] Level 1:colcon.colcon_core.environment:checking '/root/Gazebo_WS/install/franka_moveit_config/bin'
[12.617s] INFO:colcon.colcon_core.shell:Creating package script '/root/Gazebo_WS/install/franka_moveit_config/share/franka_moveit_config/package.ps1'
[12.618s] INFO:colcon.colcon_core.shell:Creating package descriptor '/root/Gazebo_WS/install/franka_moveit_config/share/franka_moveit_config/package.dsv'
[12.619s] INFO:colcon.colcon_core.shell:Creating package script '/root/Gazebo_WS/install/franka_moveit_config/share/franka_moveit_config/package.sh'
[12.619s] INFO:colcon.colcon_core.shell:Creating package script '/root/Gazebo_WS/install/franka_moveit_config/share/franka_moveit_config/package.bash'
[12.620s] INFO:colcon.colcon_core.shell:Creating package script '/root/Gazebo_WS/install/franka_moveit_config/share/franka_moveit_config/package.zsh'
[12.620s] Level 1:colcon.colcon_core.environment:create_file_with_runtime_dependencies(/root/Gazebo_WS/install/franka_moveit_config/share/colcon-core/packages/franka_moveit_config)
[12.621s] Level 1:colcon.colcon_core.environment:create_environment_scripts_only(franka_moveit_config)
[12.621s] Level 1:colcon.colcon_core.environment:checking '/root/Gazebo_WS/install/franka_moveit_config' for CMake module files
[12.621s] Level 1:colcon.colcon_core.environment:checking '/root/Gazebo_WS/install/franka_moveit_config' for CMake config files
[12.621s] Level 1:colcon.colcon_core.shell:create_environment_hook('franka_moveit_config', 'cmake_prefix_path')
[12.621s] INFO:colcon.colcon_core.shell:Creating environment hook '/root/Gazebo_WS/install/franka_moveit_config/share/franka_moveit_config/hook/cmake_prefix_path.ps1'
[12.621s] INFO:colcon.colcon_core.shell:Creating environment descriptor '/root/Gazebo_WS/install/franka_moveit_config/share/franka_moveit_config/hook/cmake_prefix_path.dsv'
[12.622s] INFO:colcon.colcon_core.shell:Creating environment hook '/root/Gazebo_WS/install/franka_moveit_config/share/franka_moveit_config/hook/cmake_prefix_path.sh'
[12.622s] Level 1:colcon.colcon_core.environment:checking '/root/Gazebo_WS/install/franka_moveit_config/bin'
[12.622s] Level 1:colcon.colcon_core.environment:checking '/root/Gazebo_WS/install/franka_moveit_config/lib/pkgconfig/franka_moveit_config.pc'
[12.622s] Level 1:colcon.colcon_core.environment:checking '/root/Gazebo_WS/install/franka_moveit_config/lib/python3.10/site-packages'
[12.622s] Level 1:colcon.colcon_core.environment:checking '/root/Gazebo_WS/install/franka_moveit_config/bin'
[12.622s] INFO:colcon.colcon_core.shell:Creating package script '/root/Gazebo_WS/install/franka_moveit_config/share/franka_moveit_config/package.ps1'
[12.623s] INFO:colcon.colcon_core.shell:Creating package descriptor '/root/Gazebo_WS/install/franka_moveit_config/share/franka_moveit_config/package.dsv'
[12.623s] INFO:colcon.colcon_core.shell:Creating package script '/root/Gazebo_WS/install/franka_moveit_config/share/franka_moveit_config/package.sh'
[12.623s] INFO:colcon.colcon_core.shell:Creating package script '/root/Gazebo_WS/install/franka_moveit_config/share/franka_moveit_config/package.bash'
[12.623s] INFO:colcon.colcon_core.shell:Creating package script '/root/Gazebo_WS/install/franka_moveit_config/share/franka_moveit_config/package.zsh'
[12.623s] Level 1:colcon.colcon_core.environment:create_file_with_runtime_dependencies(/root/Gazebo_WS/install/franka_moveit_config/share/colcon-core/packages/franka_moveit_config)
[12.624s] DEBUG:colcon.colcon_parallel_executor.executor.parallel:closing loop
[12.624s] DEBUG:colcon.colcon_parallel_executor.executor.parallel:loop closed
[12.624s] DEBUG:colcon.colcon_parallel_executor.executor.parallel:run_until_complete finished with '0'
[12.624s] DEBUG:colcon.colcon_core.event_reactor:joining thread
[13.334s] INFO:colcon.colcon_core.plugin_system:Skipping extension 'colcon_notification.desktop_notification.notify_send': Could not find 'notify-send'
[13.335s] INFO:colcon.colcon_core.plugin_system:Skipping extension 'colcon_notification.desktop_notification.terminal_notifier': Not used on non-Darwin systems
[13.335s] INFO:colcon.colcon_core.plugin_system:Skipping extension 'colcon_notification.desktop_notification.win32': Not used on non-Windows systems
[13.335s] INFO:colcon.colcon_notification.desktop_notification:Sending desktop notification using 'notify2'
[13.335s] DEBUG:colcon.colcon_notification.desktop_notification.notify2:Failed to initialize notify2: org.freedesktop.DBus.Error.FileNotFound: Failed to connect to socket /run/user/0/bus: No such file or directory
[13.335s] DEBUG:colcon.colcon_core.event_reactor:joined thread
[13.336s] INFO:colcon.colcon_core.shell:Creating prefix script '/root/Gazebo_WS/install/local_setup.ps1'
[13.337s] INFO:colcon.colcon_core.shell:Creating prefix util module '/root/Gazebo_WS/install/_local_setup_util_ps1.py'
[13.338s] INFO:colcon.colcon_core.shell:Creating prefix chain script '/root/Gazebo_WS/install/setup.ps1'
[13.340s] INFO:colcon.colcon_core.shell:Creating prefix script '/root/Gazebo_WS/install/local_setup.sh'
[13.341s] INFO:colcon.colcon_core.shell:Creating prefix util module '/root/Gazebo_WS/install/_local_setup_util_sh.py'
[13.342s] INFO:colcon.colcon_core.shell:Creating prefix chain script '/root/Gazebo_WS/install/setup.sh'
[13.343s] INFO:colcon.colcon_core.shell:Creating prefix script '/root/Gazebo_WS/install/local_setup.bash'
[13.343s] INFO:colcon.colcon_core.shell:Creating prefix chain script '/root/Gazebo_WS/install/setup.bash'
[13.344s] INFO:colcon.colcon_core.shell:Creating prefix script '/root/Gazebo_WS/install/local_setup.zsh'
[13.345s] INFO:colcon.colcon_core.shell:Creating prefix chain script '/root/Gazebo_WS/install/setup.zsh'
