[0.198s] DEBUG:colcon:Command line arguments: ['/usr/bin/colcon', 'build', '--symlink-install']
[0.198s] DEBUG:colcon:Parsed command line arguments: Namespace(log_base=None, log_level=None, verb_name='build', build_base='build', install_base='install', merge_install=False, symlink_install=True, test_result_base=None, continue_on_error=False, executor='parallel', parallel_workers=20, event_handlers=None, ignore_user_meta=False, metas=['./colcon.meta'], base_paths=['.'], packages_ignore=None, packages_ignore_regex=None, paths=None, packages_up_to=None, packages_up_to_regex=None, packages_above=None, packages_above_and_dependencies=None, packages_above_depth=None, packages_select_by_dep=None, packages_skip_by_dep=None, packages_skip_up_to=None, packages_select_build_failed=False, packages_skip_build_finished=False, packages_select_test_failures=False, packages_skip_test_passed=False, packages_select=None, packages_skip=None, packages_select_regex=None, packages_skip_regex=None, packages_start=None, packages_end=None, allow_overriding=[], cmake_args=None, cmake_target=None, cmake_target_skip_unavailable=False, cmake_clean_cache=False, cmake_clean_first=False, cmake_force_configure=False, ament_cmake_args=None, catkin_cmake_args=None, catkin_skip_building_tests=False, mixin_files=None, mixin=None, verb_parser=<colcon_mixin.mixin.mixin_argument.MixinArgumentDecorator object at 0x7f382892e8f0>, verb_extension=<colcon_core.verb.build.BuildVerb object at 0x7f382892e380>, main=<bound method BuildVerb.main of <colcon_core.verb.build.BuildVerb object at 0x7f382892e380>>, mixin_verb=('build',))
[0.285s] Level 1:colcon.colcon_core.package_discovery:discover_packages(colcon_meta) check parameters
[0.285s] Level 1:colcon.colcon_core.package_discovery:discover_packages(recursive) check parameters
[0.285s] Level 1:colcon.colcon_core.package_discovery:discover_packages(ignore) check parameters
[0.285s] Level 1:colcon.colcon_core.package_discovery:discover_packages(path) check parameters
[0.285s] Level 1:colcon.colcon_core.package_discovery:discover_packages(colcon_meta) discover
[0.285s] Level 1:colcon.colcon_core.package_discovery:discover_packages(recursive) discover
[0.285s] INFO:colcon.colcon_core.package_discovery:Crawling recursively for packages in '/root/Gazebo_WS'
[0.285s] Level 1:colcon.colcon_core.package_identification:_identify(.) by extensions ['ignore', 'ignore_ament_install']
[0.285s] Level 1:colcon.colcon_core.package_identification:_identify(.) by extension 'ignore'
[0.285s] Level 1:colcon.colcon_core.package_identification:_identify(.) by extension 'ignore_ament_install'
[0.285s] Level 1:colcon.colcon_core.package_identification:_identify(.) by extensions ['colcon_pkg']
[0.285s] Level 1:colcon.colcon_core.package_identification:_identify(.) by extension 'colcon_pkg'
[0.285s] Level 1:colcon.colcon_core.package_identification:_identify(.) by extensions ['colcon_meta']
[0.285s] Level 1:colcon.colcon_core.package_identification:_identify(.) by extension 'colcon_meta'
[0.285s] Level 1:colcon.colcon_core.package_identification:_identify(.) by extensions ['ros']
[0.285s] Level 1:colcon.colcon_core.package_identification:_identify(.) by extension 'ros'
[0.291s] Level 1:colcon.colcon_core.package_identification:_identify(.) by extensions ['cmake', 'python']
[0.291s] Level 1:colcon.colcon_core.package_identification:_identify(.) by extension 'cmake'
[0.291s] Level 1:colcon.colcon_core.package_identification:_identify(.) by extension 'python'
[0.291s] Level 1:colcon.colcon_core.package_identification:_identify(.) by extensions ['python_setup_py']
[0.291s] Level 1:colcon.colcon_core.package_identification:_identify(.) by extension 'python_setup_py'
[0.291s] Level 1:colcon.colcon_core.package_identification:_identify(build) by extensions ['ignore', 'ignore_ament_install']
[0.291s] Level 1:colcon.colcon_core.package_identification:_identify(build) by extension 'ignore'
[0.291s] Level 1:colcon.colcon_core.package_identification:_identify(build) ignored
[0.291s] Level 1:colcon.colcon_core.package_identification:_identify(install) by extensions ['ignore', 'ignore_ament_install']
[0.291s] Level 1:colcon.colcon_core.package_identification:_identify(install) by extension 'ignore'
[0.291s] Level 1:colcon.colcon_core.package_identification:_identify(install) ignored
[0.291s] Level 1:colcon.colcon_core.package_identification:_identify(log) by extensions ['ignore', 'ignore_ament_install']
[0.292s] Level 1:colcon.colcon_core.package_identification:_identify(log) by extension 'ignore'
[0.292s] Level 1:colcon.colcon_core.package_identification:_identify(log) ignored
[0.292s] Level 1:colcon.colcon_core.package_identification:_identify(src) by extensions ['ignore', 'ignore_ament_install']
[0.292s] Level 1:colcon.colcon_core.package_identification:_identify(src) by extension 'ignore'
[0.292s] Level 1:colcon.colcon_core.package_identification:_identify(src) by extension 'ignore_ament_install'
[0.292s] Level 1:colcon.colcon_core.package_identification:_identify(src) by extensions ['colcon_pkg']
[0.292s] Level 1:colcon.colcon_core.package_identification:_identify(src) by extension 'colcon_pkg'
[0.292s] Level 1:colcon.colcon_core.package_identification:_identify(src) by extensions ['colcon_meta']
[0.292s] Level 1:colcon.colcon_core.package_identification:_identify(src) by extension 'colcon_meta'
[0.292s] Level 1:colcon.colcon_core.package_identification:_identify(src) by extensions ['ros']
[0.292s] Level 1:colcon.colcon_core.package_identification:_identify(src) by extension 'ros'
[0.292s] Level 1:colcon.colcon_core.package_identification:_identify(src) by extensions ['cmake', 'python']
[0.292s] Level 1:colcon.colcon_core.package_identification:_identify(src) by extension 'cmake'
[0.292s] Level 1:colcon.colcon_core.package_identification:_identify(src) by extension 'python'
[0.292s] Level 1:colcon.colcon_core.package_identification:_identify(src) by extensions ['python_setup_py']
[0.292s] Level 1:colcon.colcon_core.package_identification:_identify(src) by extension 'python_setup_py'
[0.292s] Level 1:colcon.colcon_core.package_identification:_identify(src/franka_description) by extensions ['ignore', 'ignore_ament_install']
[0.292s] Level 1:colcon.colcon_core.package_identification:_identify(src/franka_description) by extension 'ignore'
[0.292s] Level 1:colcon.colcon_core.package_identification:_identify(src/franka_description) by extension 'ignore_ament_install'
[0.292s] Level 1:colcon.colcon_core.package_identification:_identify(src/franka_description) by extensions ['colcon_pkg']
[0.292s] Level 1:colcon.colcon_core.package_identification:_identify(src/franka_description) by extension 'colcon_pkg'
[0.292s] Level 1:colcon.colcon_core.package_identification:_identify(src/franka_description) by extensions ['colcon_meta']
[0.292s] Level 1:colcon.colcon_core.package_identification:_identify(src/franka_description) by extension 'colcon_meta'
[0.292s] Level 1:colcon.colcon_core.package_identification:_identify(src/franka_description) by extensions ['ros']
[0.292s] Level 1:colcon.colcon_core.package_identification:_identify(src/franka_description) by extension 'ros'
[0.294s] DEBUG:colcon.colcon_core.package_identification:Package 'src/franka_description' with type 'ros.ament_cmake' and name 'franka_description'
[0.294s] Level 1:colcon.colcon_core.package_identification:_identify(src/franka_moveit_config) by extensions ['ignore', 'ignore_ament_install']
[0.294s] Level 1:colcon.colcon_core.package_identification:_identify(src/franka_moveit_config) by extension 'ignore'
[0.294s] Level 1:colcon.colcon_core.package_identification:_identify(src/franka_moveit_config) by extension 'ignore_ament_install'
[0.294s] Level 1:colcon.colcon_core.package_identification:_identify(src/franka_moveit_config) by extensions ['colcon_pkg']
[0.294s] Level 1:colcon.colcon_core.package_identification:_identify(src/franka_moveit_config) by extension 'colcon_pkg'
[0.294s] Level 1:colcon.colcon_core.package_identification:_identify(src/franka_moveit_config) by extensions ['colcon_meta']
[0.294s] Level 1:colcon.colcon_core.package_identification:_identify(src/franka_moveit_config) by extension 'colcon_meta'
[0.294s] Level 1:colcon.colcon_core.package_identification:_identify(src/franka_moveit_config) by extensions ['ros']
[0.294s] Level 1:colcon.colcon_core.package_identification:_identify(src/franka_moveit_config) by extension 'ros'
[0.294s] DEBUG:colcon.colcon_core.package_identification:Package 'src/franka_moveit_config' with type 'ros.ament_cmake' and name 'franka_moveit_config'
[0.294s] Level 1:colcon.colcon_core.package_identification:_identify(src/gazebo_practise) by extensions ['ignore', 'ignore_ament_install']
[0.294s] Level 1:colcon.colcon_core.package_identification:_identify(src/gazebo_practise) by extension 'ignore'
[0.295s] Level 1:colcon.colcon_core.package_identification:_identify(src/gazebo_practise) by extension 'ignore_ament_install'
[0.295s] Level 1:colcon.colcon_core.package_identification:_identify(src/gazebo_practise) by extensions ['colcon_pkg']
[0.295s] Level 1:colcon.colcon_core.package_identification:_identify(src/gazebo_practise) by extension 'colcon_pkg'
[0.295s] Level 1:colcon.colcon_core.package_identification:_identify(src/gazebo_practise) by extensions ['colcon_meta']
[0.295s] Level 1:colcon.colcon_core.package_identification:_identify(src/gazebo_practise) by extension 'colcon_meta'
[0.295s] Level 1:colcon.colcon_core.package_identification:_identify(src/gazebo_practise) by extensions ['ros']
[0.295s] Level 1:colcon.colcon_core.package_identification:_identify(src/gazebo_practise) by extension 'ros'
[0.295s] DEBUG:colcon.colcon_core.package_identification:Package 'src/gazebo_practise' with type 'ros.ament_cmake' and name 'gazebo_practise'
[0.295s] Level 1:colcon.colcon_core.package_discovery:discover_packages(recursive) using defaults
[0.295s] Level 1:colcon.colcon_core.package_discovery:discover_packages(ignore) discover
[0.295s] Level 1:colcon.colcon_core.package_discovery:discover_packages(ignore) using defaults
[0.295s] Level 1:colcon.colcon_core.package_discovery:discover_packages(path) discover
[0.295s] Level 1:colcon.colcon_core.package_discovery:discover_packages(path) using defaults
[0.313s] Level 1:colcon.colcon_core.package_discovery:discover_packages(prefix_path) check parameters
[0.313s] Level 1:colcon.colcon_core.package_discovery:discover_packages(prefix_path) discover
[0.314s] DEBUG:colcon.colcon_installed_package_information.package_discovery:Found 3 installed packages in /root/Gazebo_WS/install
[0.315s] DEBUG:colcon.colcon_installed_package_information.package_discovery:Found 398 installed packages in /opt/ros/humble
[0.316s] Level 1:colcon.colcon_core.package_discovery:discover_packages(prefix_path) using defaults
[0.340s] Level 5:colcon.colcon_core.verb:set package 'franka_description' build argument 'cmake_args' from command line to 'None'
[0.340s] Level 5:colcon.colcon_core.verb:set package 'franka_description' build argument 'cmake_target' from command line to 'None'
[0.340s] Level 5:colcon.colcon_core.verb:set package 'franka_description' build argument 'cmake_target_skip_unavailable' from command line to 'False'
[0.340s] Level 5:colcon.colcon_core.verb:set package 'franka_description' build argument 'cmake_clean_cache' from command line to 'False'
[0.340s] Level 5:colcon.colcon_core.verb:set package 'franka_description' build argument 'cmake_clean_first' from command line to 'False'
[0.340s] Level 5:colcon.colcon_core.verb:set package 'franka_description' build argument 'cmake_force_configure' from command line to 'False'
[0.340s] Level 5:colcon.colcon_core.verb:set package 'franka_description' build argument 'ament_cmake_args' from command line to 'None'
[0.341s] Level 5:colcon.colcon_core.verb:set package 'franka_description' build argument 'catkin_cmake_args' from command line to 'None'
[0.341s] Level 5:colcon.colcon_core.verb:set package 'franka_description' build argument 'catkin_skip_building_tests' from command line to 'False'
[0.341s] DEBUG:colcon.colcon_core.verb:Building package 'franka_description' with the following arguments: {'ament_cmake_args': None, 'build_base': '/root/Gazebo_WS/build/franka_description', 'catkin_cmake_args': None, 'catkin_skip_building_tests': False, 'cmake_args': None, 'cmake_clean_cache': False, 'cmake_clean_first': False, 'cmake_force_configure': False, 'cmake_target': None, 'cmake_target_skip_unavailable': False, 'install_base': '/root/Gazebo_WS/install/franka_description', 'merge_install': False, 'path': '/root/Gazebo_WS/src/franka_description', 'symlink_install': True, 'test_result_base': None}
[0.341s] Level 5:colcon.colcon_core.verb:set package 'franka_moveit_config' build argument 'cmake_args' from command line to 'None'
[0.341s] Level 5:colcon.colcon_core.verb:set package 'franka_moveit_config' build argument 'cmake_target' from command line to 'None'
[0.341s] Level 5:colcon.colcon_core.verb:set package 'franka_moveit_config' build argument 'cmake_target_skip_unavailable' from command line to 'False'
[0.341s] Level 5:colcon.colcon_core.verb:set package 'franka_moveit_config' build argument 'cmake_clean_cache' from command line to 'False'
[0.341s] Level 5:colcon.colcon_core.verb:set package 'franka_moveit_config' build argument 'cmake_clean_first' from command line to 'False'
[0.341s] Level 5:colcon.colcon_core.verb:set package 'franka_moveit_config' build argument 'cmake_force_configure' from command line to 'False'
[0.341s] Level 5:colcon.colcon_core.verb:set package 'franka_moveit_config' build argument 'ament_cmake_args' from command line to 'None'
[0.341s] Level 5:colcon.colcon_core.verb:set package 'franka_moveit_config' build argument 'catkin_cmake_args' from command line to 'None'
[0.341s] Level 5:colcon.colcon_core.verb:set package 'franka_moveit_config' build argument 'catkin_skip_building_tests' from command line to 'False'
[0.341s] DEBUG:colcon.colcon_core.verb:Building package 'franka_moveit_config' with the following arguments: {'ament_cmake_args': None, 'build_base': '/root/Gazebo_WS/build/franka_moveit_config', 'catkin_cmake_args': None, 'catkin_skip_building_tests': False, 'cmake_args': None, 'cmake_clean_cache': False, 'cmake_clean_first': False, 'cmake_force_configure': False, 'cmake_target': None, 'cmake_target_skip_unavailable': False, 'install_base': '/root/Gazebo_WS/install/franka_moveit_config', 'merge_install': False, 'path': '/root/Gazebo_WS/src/franka_moveit_config', 'symlink_install': True, 'test_result_base': None}
[0.341s] Level 5:colcon.colcon_core.verb:set package 'gazebo_practise' build argument 'cmake_args' from command line to 'None'
[0.341s] Level 5:colcon.colcon_core.verb:set package 'gazebo_practise' build argument 'cmake_target' from command line to 'None'
[0.341s] Level 5:colcon.colcon_core.verb:set package 'gazebo_practise' build argument 'cmake_target_skip_unavailable' from command line to 'False'
[0.341s] Level 5:colcon.colcon_core.verb:set package 'gazebo_practise' build argument 'cmake_clean_cache' from command line to 'False'
[0.341s] Level 5:colcon.colcon_core.verb:set package 'gazebo_practise' build argument 'cmake_clean_first' from command line to 'False'
[0.341s] Level 5:colcon.colcon_core.verb:set package 'gazebo_practise' build argument 'cmake_force_configure' from command line to 'False'
[0.341s] Level 5:colcon.colcon_core.verb:set package 'gazebo_practise' build argument 'ament_cmake_args' from command line to 'None'
[0.341s] Level 5:colcon.colcon_core.verb:set package 'gazebo_practise' build argument 'catkin_cmake_args' from command line to 'None'
[0.341s] Level 5:colcon.colcon_core.verb:set package 'gazebo_practise' build argument 'catkin_skip_building_tests' from command line to 'False'
[0.341s] DEBUG:colcon.colcon_core.verb:Building package 'gazebo_practise' with the following arguments: {'ament_cmake_args': None, 'build_base': '/root/Gazebo_WS/build/gazebo_practise', 'catkin_cmake_args': None, 'catkin_skip_building_tests': False, 'cmake_args': None, 'cmake_clean_cache': False, 'cmake_clean_first': False, 'cmake_force_configure': False, 'cmake_target': None, 'cmake_target_skip_unavailable': False, 'install_base': '/root/Gazebo_WS/install/gazebo_practise', 'merge_install': False, 'path': '/root/Gazebo_WS/src/gazebo_practise', 'symlink_install': True, 'test_result_base': None}
[0.341s] INFO:colcon.colcon_core.executor:Executing jobs using 'parallel' executor
[0.342s] DEBUG:colcon.colcon_parallel_executor.executor.parallel:run_until_complete
[0.342s] INFO:colcon.colcon_ros.task.ament_cmake.build:Building ROS package in '/root/Gazebo_WS/src/franka_description' with build type 'ament_cmake'
[0.342s] INFO:colcon.colcon_cmake.task.cmake.build:Building CMake package in '/root/Gazebo_WS/src/franka_description'
[0.344s] INFO:colcon.colcon_core.plugin_system:Skipping extension 'colcon_core.shell.bat': Not used on non-Windows systems
[0.344s] INFO:colcon.colcon_core.shell:Skip shell extension 'powershell' for command environment: Not usable outside of PowerShell
[0.344s] DEBUG:colcon.colcon_core.shell:Skip shell extension 'dsv' for command environment
[0.350s] DEBUG:colcon.colcon_core.event_handler.log_command:Invoking command in '/root/Gazebo_WS/build/franka_description': CMAKE_PREFIX_PATH=${CMAKE_PREFIX_PATH}:/opt/ros/humble /usr/bin/cmake /root/Gazebo_WS/src/franka_description -DAMENT_CMAKE_SYMLINK_INSTALL=1 -DCMAKE_INSTALL_PREFIX=/root/Gazebo_WS/install/franka_description
[0.665s] DEBUG:colcon.colcon_core.event_handler.log_command:Invoked command in '/root/Gazebo_WS/build/franka_description' returned '0': CMAKE_PREFIX_PATH=${CMAKE_PREFIX_PATH}:/opt/ros/humble /usr/bin/cmake /root/Gazebo_WS/src/franka_description -DAMENT_CMAKE_SYMLINK_INSTALL=1 -DCMAKE_INSTALL_PREFIX=/root/Gazebo_WS/install/franka_description
[0.665s] DEBUG:colcon.colcon_core.event_handler.log_command:Invoking command in '/root/Gazebo_WS/build/franka_description': CMAKE_PREFIX_PATH=${CMAKE_PREFIX_PATH}:/opt/ros/humble /usr/bin/cmake --build /root/Gazebo_WS/build/franka_description -- -j20 -l20
[0.681s] DEBUG:colcon.colcon_core.event_handler.log_command:Invoked command in '/root/Gazebo_WS/build/franka_description' returned '0': CMAKE_PREFIX_PATH=${CMAKE_PREFIX_PATH}:/opt/ros/humble /usr/bin/cmake --build /root/Gazebo_WS/build/franka_description -- -j20 -l20
[0.686s] DEBUG:colcon.colcon_core.event_handler.log_command:Invoking command in '/root/Gazebo_WS/build/franka_description': CMAKE_PREFIX_PATH=${CMAKE_PREFIX_PATH}:/opt/ros/humble /usr/bin/cmake --install /root/Gazebo_WS/build/franka_description
[0.701s] Level 1:colcon.colcon_core.environment:create_environment_scripts_only(franka_description)
[0.702s] DEBUG:colcon.colcon_core.event_handler.log_command:Invoked command in '/root/Gazebo_WS/build/franka_description' returned '0': CMAKE_PREFIX_PATH=${CMAKE_PREFIX_PATH}:/opt/ros/humble /usr/bin/cmake --install /root/Gazebo_WS/build/franka_description
[0.703s] Level 1:colcon.colcon_core.environment:checking '/root/Gazebo_WS/install/franka_description' for CMake module files
[0.703s] Level 1:colcon.colcon_core.environment:checking '/root/Gazebo_WS/install/franka_description' for CMake config files
[0.703s] Level 1:colcon.colcon_core.shell:create_environment_hook('franka_description', 'cmake_prefix_path')
[0.703s] INFO:colcon.colcon_core.shell:Creating environment hook '/root/Gazebo_WS/install/franka_description/share/franka_description/hook/cmake_prefix_path.ps1'
[0.704s] INFO:colcon.colcon_core.shell:Creating environment descriptor '/root/Gazebo_WS/install/franka_description/share/franka_description/hook/cmake_prefix_path.dsv'
[0.704s] INFO:colcon.colcon_core.shell:Creating environment hook '/root/Gazebo_WS/install/franka_description/share/franka_description/hook/cmake_prefix_path.sh'
[0.705s] Level 1:colcon.colcon_core.environment:checking '/root/Gazebo_WS/install/franka_description/bin'
[0.705s] Level 1:colcon.colcon_core.environment:checking '/root/Gazebo_WS/install/franka_description/lib/pkgconfig/franka_description.pc'
[0.705s] Level 1:colcon.colcon_core.environment:checking '/root/Gazebo_WS/install/franka_description/lib/python3.10/site-packages'
[0.705s] Level 1:colcon.colcon_core.environment:checking '/root/Gazebo_WS/install/franka_description/bin'
[0.705s] INFO:colcon.colcon_core.shell:Creating package script '/root/Gazebo_WS/install/franka_description/share/franka_description/package.ps1'
[0.705s] INFO:colcon.colcon_core.shell:Creating package descriptor '/root/Gazebo_WS/install/franka_description/share/franka_description/package.dsv'
[0.706s] INFO:colcon.colcon_core.shell:Creating package script '/root/Gazebo_WS/install/franka_description/share/franka_description/package.sh'
[0.706s] INFO:colcon.colcon_core.shell:Creating package script '/root/Gazebo_WS/install/franka_description/share/franka_description/package.bash'
[0.706s] INFO:colcon.colcon_core.shell:Creating package script '/root/Gazebo_WS/install/franka_description/share/franka_description/package.zsh'
[0.707s] Level 1:colcon.colcon_core.environment:create_file_with_runtime_dependencies(/root/Gazebo_WS/install/franka_description/share/colcon-core/packages/franka_description)
[0.707s] Level 1:colcon.colcon_core.environment:create_environment_scripts_only(franka_description)
[0.707s] Level 1:colcon.colcon_core.environment:checking '/root/Gazebo_WS/install/franka_description' for CMake module files
[0.707s] Level 1:colcon.colcon_core.environment:checking '/root/Gazebo_WS/install/franka_description' for CMake config files
[0.708s] Level 1:colcon.colcon_core.shell:create_environment_hook('franka_description', 'cmake_prefix_path')
[0.708s] INFO:colcon.colcon_core.shell:Creating environment hook '/root/Gazebo_WS/install/franka_description/share/franka_description/hook/cmake_prefix_path.ps1'
[0.708s] INFO:colcon.colcon_core.shell:Creating environment descriptor '/root/Gazebo_WS/install/franka_description/share/franka_description/hook/cmake_prefix_path.dsv'
[0.708s] INFO:colcon.colcon_core.shell:Creating environment hook '/root/Gazebo_WS/install/franka_description/share/franka_description/hook/cmake_prefix_path.sh'
[0.709s] Level 1:colcon.colcon_core.environment:checking '/root/Gazebo_WS/install/franka_description/bin'
[0.709s] Level 1:colcon.colcon_core.environment:checking '/root/Gazebo_WS/install/franka_description/lib/pkgconfig/franka_description.pc'
[0.709s] Level 1:colcon.colcon_core.environment:checking '/root/Gazebo_WS/install/franka_description/lib/python3.10/site-packages'
[0.709s] Level 1:colcon.colcon_core.environment:checking '/root/Gazebo_WS/install/franka_description/bin'
[0.709s] INFO:colcon.colcon_core.shell:Creating package script '/root/Gazebo_WS/install/franka_description/share/franka_description/package.ps1'
[0.709s] INFO:colcon.colcon_core.shell:Creating package descriptor '/root/Gazebo_WS/install/franka_description/share/franka_description/package.dsv'
[0.710s] INFO:colcon.colcon_core.shell:Creating package script '/root/Gazebo_WS/install/franka_description/share/franka_description/package.sh'
[0.710s] INFO:colcon.colcon_core.shell:Creating package script '/root/Gazebo_WS/install/franka_description/share/franka_description/package.bash'
[0.710s] INFO:colcon.colcon_core.shell:Creating package script '/root/Gazebo_WS/install/franka_description/share/franka_description/package.zsh'
[0.710s] Level 1:colcon.colcon_core.environment:create_file_with_runtime_dependencies(/root/Gazebo_WS/install/franka_description/share/colcon-core/packages/franka_description)
[0.710s] INFO:colcon.colcon_ros.task.ament_cmake.build:Building ROS package in '/root/Gazebo_WS/src/franka_moveit_config' with build type 'ament_cmake'
[0.710s] INFO:colcon.colcon_cmake.task.cmake.build:Building CMake package in '/root/Gazebo_WS/src/franka_moveit_config'
[0.711s] INFO:colcon.colcon_core.shell:Skip shell extension 'powershell' for command environment: Not usable outside of PowerShell
[0.711s] DEBUG:colcon.colcon_core.shell:Skip shell extension 'dsv' for command environment
[0.714s] INFO:colcon.colcon_ros.task.ament_cmake.build:Building ROS package in '/root/Gazebo_WS/src/gazebo_practise' with build type 'ament_cmake'
[0.714s] INFO:colcon.colcon_cmake.task.cmake.build:Building CMake package in '/root/Gazebo_WS/src/gazebo_practise'
[0.715s] INFO:colcon.colcon_core.shell:Skip shell extension 'powershell' for command environment: Not usable outside of PowerShell
[0.715s] DEBUG:colcon.colcon_core.shell:Skip shell extension 'dsv' for command environment
[0.744s] DEBUG:colcon.colcon_core.event_handler.log_command:Invoking command in '/root/Gazebo_WS/build/franka_moveit_config': CMAKE_PREFIX_PATH=/root/Gazebo_WS/install/franka_description:/root/Gazebo_WS/install/gazebo_practise:/root/Gazebo_WS/install/franka_moveit_config:/opt/ros/humble /usr/bin/cmake /root/Gazebo_WS/src/franka_moveit_config -DAMENT_CMAKE_SYMLINK_INSTALL=1 -DCMAKE_INSTALL_PREFIX=/root/Gazebo_WS/install/franka_moveit_config
[0.745s] DEBUG:colcon.colcon_core.event_handler.log_command:Invoking command in '/root/Gazebo_WS/build/gazebo_practise': CMAKE_PREFIX_PATH=/root/Gazebo_WS/install/franka_description:/root/Gazebo_WS/install/gazebo_practise:/root/Gazebo_WS/install/franka_moveit_config:/opt/ros/humble /usr/bin/cmake /root/Gazebo_WS/src/gazebo_practise -DAMENT_CMAKE_SYMLINK_INSTALL=1 -DCMAKE_INSTALL_PREFIX=/root/Gazebo_WS/install/gazebo_practise
[0.860s] DEBUG:colcon.colcon_core.event_handler.log_command:Invoked command in '/root/Gazebo_WS/build/franka_moveit_config' returned '0': CMAKE_PREFIX_PATH=/root/Gazebo_WS/install/franka_description:/root/Gazebo_WS/install/gazebo_practise:/root/Gazebo_WS/install/franka_moveit_config:/opt/ros/humble /usr/bin/cmake /root/Gazebo_WS/src/franka_moveit_config -DAMENT_CMAKE_SYMLINK_INSTALL=1 -DCMAKE_INSTALL_PREFIX=/root/Gazebo_WS/install/franka_moveit_config
[0.861s] DEBUG:colcon.colcon_core.event_handler.log_command:Invoking command in '/root/Gazebo_WS/build/franka_moveit_config': CMAKE_PREFIX_PATH=/root/Gazebo_WS/install/franka_description:/root/Gazebo_WS/install/gazebo_practise:/root/Gazebo_WS/install/franka_moveit_config:/opt/ros/humble /usr/bin/cmake --build /root/Gazebo_WS/build/franka_moveit_config -- -j20 -l20
[0.879s] DEBUG:colcon.colcon_core.event_handler.log_command:Invoked command in '/root/Gazebo_WS/build/franka_moveit_config' returned '0': CMAKE_PREFIX_PATH=/root/Gazebo_WS/install/franka_description:/root/Gazebo_WS/install/gazebo_practise:/root/Gazebo_WS/install/franka_moveit_config:/opt/ros/humble /usr/bin/cmake --build /root/Gazebo_WS/build/franka_moveit_config -- -j20 -l20
[0.880s] DEBUG:colcon.colcon_core.event_handler.log_command:Invoking command in '/root/Gazebo_WS/build/franka_moveit_config': CMAKE_PREFIX_PATH=/root/Gazebo_WS/install/franka_description:/root/Gazebo_WS/install/gazebo_practise:/root/Gazebo_WS/install/franka_moveit_config:/opt/ros/humble /usr/bin/cmake --install /root/Gazebo_WS/build/franka_moveit_config
[0.891s] Level 1:colcon.colcon_core.environment:create_environment_scripts_only(franka_moveit_config)
[0.891s] DEBUG:colcon.colcon_core.event_handler.log_command:Invoked command in '/root/Gazebo_WS/build/franka_moveit_config' returned '0': CMAKE_PREFIX_PATH=/root/Gazebo_WS/install/franka_description:/root/Gazebo_WS/install/gazebo_practise:/root/Gazebo_WS/install/franka_moveit_config:/opt/ros/humble /usr/bin/cmake --install /root/Gazebo_WS/build/franka_moveit_config
[0.891s] Level 1:colcon.colcon_core.environment:checking '/root/Gazebo_WS/install/franka_moveit_config' for CMake module files
[0.892s] Level 1:colcon.colcon_core.environment:checking '/root/Gazebo_WS/install/franka_moveit_config' for CMake config files
[0.892s] Level 1:colcon.colcon_core.shell:create_environment_hook('franka_moveit_config', 'cmake_prefix_path')
[0.892s] INFO:colcon.colcon_core.shell:Creating environment hook '/root/Gazebo_WS/install/franka_moveit_config/share/franka_moveit_config/hook/cmake_prefix_path.ps1'
[0.892s] INFO:colcon.colcon_core.shell:Creating environment descriptor '/root/Gazebo_WS/install/franka_moveit_config/share/franka_moveit_config/hook/cmake_prefix_path.dsv'
[0.892s] INFO:colcon.colcon_core.shell:Creating environment hook '/root/Gazebo_WS/install/franka_moveit_config/share/franka_moveit_config/hook/cmake_prefix_path.sh'
[0.893s] Level 1:colcon.colcon_core.environment:checking '/root/Gazebo_WS/install/franka_moveit_config/bin'
[0.893s] Level 1:colcon.colcon_core.environment:checking '/root/Gazebo_WS/install/franka_moveit_config/lib/pkgconfig/franka_moveit_config.pc'
[0.893s] Level 1:colcon.colcon_core.environment:checking '/root/Gazebo_WS/install/franka_moveit_config/lib/python3.10/site-packages'
[0.893s] Level 1:colcon.colcon_core.environment:checking '/root/Gazebo_WS/install/franka_moveit_config/bin'
[0.893s] INFO:colcon.colcon_core.shell:Creating package script '/root/Gazebo_WS/install/franka_moveit_config/share/franka_moveit_config/package.ps1'
[0.893s] INFO:colcon.colcon_core.shell:Creating package descriptor '/root/Gazebo_WS/install/franka_moveit_config/share/franka_moveit_config/package.dsv'
[0.894s] INFO:colcon.colcon_core.shell:Creating package script '/root/Gazebo_WS/install/franka_moveit_config/share/franka_moveit_config/package.sh'
[0.894s] INFO:colcon.colcon_core.shell:Creating package script '/root/Gazebo_WS/install/franka_moveit_config/share/franka_moveit_config/package.bash'
[0.894s] INFO:colcon.colcon_core.shell:Creating package script '/root/Gazebo_WS/install/franka_moveit_config/share/franka_moveit_config/package.zsh'
[0.894s] Level 1:colcon.colcon_core.environment:create_file_with_runtime_dependencies(/root/Gazebo_WS/install/franka_moveit_config/share/colcon-core/packages/franka_moveit_config)
[0.894s] Level 1:colcon.colcon_core.environment:create_environment_scripts_only(franka_moveit_config)
[0.894s] Level 1:colcon.colcon_core.environment:checking '/root/Gazebo_WS/install/franka_moveit_config' for CMake module files
[0.895s] Level 1:colcon.colcon_core.environment:checking '/root/Gazebo_WS/install/franka_moveit_config' for CMake config files
[0.895s] Level 1:colcon.colcon_core.shell:create_environment_hook('franka_moveit_config', 'cmake_prefix_path')
[0.895s] INFO:colcon.colcon_core.shell:Creating environment hook '/root/Gazebo_WS/install/franka_moveit_config/share/franka_moveit_config/hook/cmake_prefix_path.ps1'
[0.895s] INFO:colcon.colcon_core.shell:Creating environment descriptor '/root/Gazebo_WS/install/franka_moveit_config/share/franka_moveit_config/hook/cmake_prefix_path.dsv'
[0.895s] INFO:colcon.colcon_core.shell:Creating environment hook '/root/Gazebo_WS/install/franka_moveit_config/share/franka_moveit_config/hook/cmake_prefix_path.sh'
[0.896s] Level 1:colcon.colcon_core.environment:checking '/root/Gazebo_WS/install/franka_moveit_config/bin'
[0.896s] Level 1:colcon.colcon_core.environment:checking '/root/Gazebo_WS/install/franka_moveit_config/lib/pkgconfig/franka_moveit_config.pc'
[0.896s] Level 1:colcon.colcon_core.environment:checking '/root/Gazebo_WS/install/franka_moveit_config/lib/python3.10/site-packages'
[0.896s] Level 1:colcon.colcon_core.environment:checking '/root/Gazebo_WS/install/franka_moveit_config/bin'
[0.896s] INFO:colcon.colcon_core.shell:Creating package script '/root/Gazebo_WS/install/franka_moveit_config/share/franka_moveit_config/package.ps1'
[0.896s] INFO:colcon.colcon_core.shell:Creating package descriptor '/root/Gazebo_WS/install/franka_moveit_config/share/franka_moveit_config/package.dsv'
[0.897s] INFO:colcon.colcon_core.shell:Creating package script '/root/Gazebo_WS/install/franka_moveit_config/share/franka_moveit_config/package.sh'
[0.897s] INFO:colcon.colcon_core.shell:Creating package script '/root/Gazebo_WS/install/franka_moveit_config/share/franka_moveit_config/package.bash'
[0.897s] INFO:colcon.colcon_core.shell:Creating package script '/root/Gazebo_WS/install/franka_moveit_config/share/franka_moveit_config/package.zsh'
[0.897s] Level 1:colcon.colcon_core.environment:create_file_with_runtime_dependencies(/root/Gazebo_WS/install/franka_moveit_config/share/colcon-core/packages/franka_moveit_config)
[6.031s] DEBUG:colcon.colcon_core.event_handler.log_command:Invoked command in '/root/Gazebo_WS/build/gazebo_practise' returned '0': CMAKE_PREFIX_PATH=/root/Gazebo_WS/install/franka_description:/root/Gazebo_WS/install/gazebo_practise:/root/Gazebo_WS/install/franka_moveit_config:/opt/ros/humble /usr/bin/cmake /root/Gazebo_WS/src/gazebo_practise -DAMENT_CMAKE_SYMLINK_INSTALL=1 -DCMAKE_INSTALL_PREFIX=/root/Gazebo_WS/install/gazebo_practise
[6.031s] DEBUG:colcon.colcon_core.event_handler.log_command:Invoking command in '/root/Gazebo_WS/build/gazebo_practise': CMAKE_PREFIX_PATH=/root/Gazebo_WS/install/franka_description:/root/Gazebo_WS/install/gazebo_practise:/root/Gazebo_WS/install/franka_moveit_config:/opt/ros/humble /usr/bin/cmake --build /root/Gazebo_WS/build/gazebo_practise -- -j20 -l20
[6.065s] DEBUG:colcon.colcon_core.event_handler.log_command:Invoked command in '/root/Gazebo_WS/build/gazebo_practise' returned '0': CMAKE_PREFIX_PATH=/root/Gazebo_WS/install/franka_description:/root/Gazebo_WS/install/gazebo_practise:/root/Gazebo_WS/install/franka_moveit_config:/opt/ros/humble /usr/bin/cmake --build /root/Gazebo_WS/build/gazebo_practise -- -j20 -l20
[6.066s] DEBUG:colcon.colcon_core.event_handler.log_command:Invoking command in '/root/Gazebo_WS/build/gazebo_practise': CMAKE_PREFIX_PATH=/root/Gazebo_WS/install/franka_description:/root/Gazebo_WS/install/gazebo_practise:/root/Gazebo_WS/install/franka_moveit_config:/opt/ros/humble /usr/bin/cmake --install /root/Gazebo_WS/build/gazebo_practise
[6.078s] Level 1:colcon.colcon_core.environment:create_environment_scripts_only(gazebo_practise)
[6.079s] Level 1:colcon.colcon_core.environment:checking '/root/Gazebo_WS/install/gazebo_practise' for CMake module files
[6.079s] DEBUG:colcon.colcon_core.event_handler.log_command:Invoked command in '/root/Gazebo_WS/build/gazebo_practise' returned '0': CMAKE_PREFIX_PATH=/root/Gazebo_WS/install/franka_description:/root/Gazebo_WS/install/gazebo_practise:/root/Gazebo_WS/install/franka_moveit_config:/opt/ros/humble /usr/bin/cmake --install /root/Gazebo_WS/build/gazebo_practise
[6.080s] Level 1:colcon.colcon_core.environment:checking '/root/Gazebo_WS/install/gazebo_practise' for CMake config files
[6.080s] Level 1:colcon.colcon_core.shell:create_environment_hook('gazebo_practise', 'cmake_prefix_path')
[6.080s] INFO:colcon.colcon_core.shell:Creating environment hook '/root/Gazebo_WS/install/gazebo_practise/share/gazebo_practise/hook/cmake_prefix_path.ps1'
[6.080s] INFO:colcon.colcon_core.shell:Creating environment descriptor '/root/Gazebo_WS/install/gazebo_practise/share/gazebo_practise/hook/cmake_prefix_path.dsv'
[6.080s] INFO:colcon.colcon_core.shell:Creating environment hook '/root/Gazebo_WS/install/gazebo_practise/share/gazebo_practise/hook/cmake_prefix_path.sh'
[6.081s] Level 1:colcon.colcon_core.environment:checking '/root/Gazebo_WS/install/gazebo_practise/lib'
[6.081s] Level 1:colcon.colcon_core.environment:checking '/root/Gazebo_WS/install/gazebo_practise/bin'
[6.081s] Level 1:colcon.colcon_core.environment:checking '/root/Gazebo_WS/install/gazebo_practise/lib/pkgconfig/gazebo_practise.pc'
[6.081s] Level 1:colcon.colcon_core.environment:checking '/root/Gazebo_WS/install/gazebo_practise/lib/python3.10/site-packages'
[6.081s] Level 1:colcon.colcon_core.environment:checking '/root/Gazebo_WS/install/gazebo_practise/bin'
[6.081s] INFO:colcon.colcon_core.shell:Creating package script '/root/Gazebo_WS/install/gazebo_practise/share/gazebo_practise/package.ps1'
[6.082s] INFO:colcon.colcon_core.shell:Creating package descriptor '/root/Gazebo_WS/install/gazebo_practise/share/gazebo_practise/package.dsv'
[6.082s] INFO:colcon.colcon_core.shell:Creating package script '/root/Gazebo_WS/install/gazebo_practise/share/gazebo_practise/package.sh'
[6.082s] INFO:colcon.colcon_core.shell:Creating package script '/root/Gazebo_WS/install/gazebo_practise/share/gazebo_practise/package.bash'
[6.082s] INFO:colcon.colcon_core.shell:Creating package script '/root/Gazebo_WS/install/gazebo_practise/share/gazebo_practise/package.zsh'
[6.082s] Level 1:colcon.colcon_core.environment:create_file_with_runtime_dependencies(/root/Gazebo_WS/install/gazebo_practise/share/colcon-core/packages/gazebo_practise)
[6.083s] Level 1:colcon.colcon_core.environment:create_environment_scripts_only(gazebo_practise)
[6.083s] Level 1:colcon.colcon_core.environment:checking '/root/Gazebo_WS/install/gazebo_practise' for CMake module files
[6.083s] Level 1:colcon.colcon_core.environment:checking '/root/Gazebo_WS/install/gazebo_practise' for CMake config files
[6.083s] Level 1:colcon.colcon_core.shell:create_environment_hook('gazebo_practise', 'cmake_prefix_path')
[6.083s] INFO:colcon.colcon_core.shell:Creating environment hook '/root/Gazebo_WS/install/gazebo_practise/share/gazebo_practise/hook/cmake_prefix_path.ps1'
[6.083s] INFO:colcon.colcon_core.shell:Creating environment descriptor '/root/Gazebo_WS/install/gazebo_practise/share/gazebo_practise/hook/cmake_prefix_path.dsv'
[6.084s] INFO:colcon.colcon_core.shell:Creating environment hook '/root/Gazebo_WS/install/gazebo_practise/share/gazebo_practise/hook/cmake_prefix_path.sh'
[6.084s] Level 1:colcon.colcon_core.environment:checking '/root/Gazebo_WS/install/gazebo_practise/lib'
[6.084s] Level 1:colcon.colcon_core.environment:checking '/root/Gazebo_WS/install/gazebo_practise/bin'
[6.084s] Level 1:colcon.colcon_core.environment:checking '/root/Gazebo_WS/install/gazebo_practise/lib/pkgconfig/gazebo_practise.pc'
[6.084s] Level 1:colcon.colcon_core.environment:checking '/root/Gazebo_WS/install/gazebo_practise/lib/python3.10/site-packages'
[6.084s] Level 1:colcon.colcon_core.environment:checking '/root/Gazebo_WS/install/gazebo_practise/bin'
[6.084s] INFO:colcon.colcon_core.shell:Creating package script '/root/Gazebo_WS/install/gazebo_practise/share/gazebo_practise/package.ps1'
[6.084s] INFO:colcon.colcon_core.shell:Creating package descriptor '/root/Gazebo_WS/install/gazebo_practise/share/gazebo_practise/package.dsv'
[6.085s] INFO:colcon.colcon_core.shell:Creating package script '/root/Gazebo_WS/install/gazebo_practise/share/gazebo_practise/package.sh'
[6.085s] INFO:colcon.colcon_core.shell:Creating package script '/root/Gazebo_WS/install/gazebo_practise/share/gazebo_practise/package.bash'
[6.085s] INFO:colcon.colcon_core.shell:Creating package script '/root/Gazebo_WS/install/gazebo_practise/share/gazebo_practise/package.zsh'
[6.086s] Level 1:colcon.colcon_core.environment:create_file_with_runtime_dependencies(/root/Gazebo_WS/install/gazebo_practise/share/colcon-core/packages/gazebo_practise)
[6.086s] DEBUG:colcon.colcon_parallel_executor.executor.parallel:closing loop
[6.086s] DEBUG:colcon.colcon_parallel_executor.executor.parallel:loop closed
[6.086s] DEBUG:colcon.colcon_parallel_executor.executor.parallel:run_until_complete finished with '0'
[6.086s] DEBUG:colcon.colcon_core.event_reactor:joining thread
[6.127s] INFO:colcon.colcon_core.plugin_system:Skipping extension 'colcon_notification.desktop_notification.notify_send': Could not find 'notify-send'
[6.127s] INFO:colcon.colcon_core.plugin_system:Skipping extension 'colcon_notification.desktop_notification.terminal_notifier': Not used on non-Darwin systems
[6.127s] INFO:colcon.colcon_core.plugin_system:Skipping extension 'colcon_notification.desktop_notification.win32': Not used on non-Windows systems
[6.127s] INFO:colcon.colcon_notification.desktop_notification:Sending desktop notification using 'notify2'
[6.127s] DEBUG:colcon.colcon_notification.desktop_notification.notify2:Failed to initialize notify2: org.freedesktop.DBus.Error.FileNotFound: Failed to connect to socket /run/user/0/bus: No such file or directory
[6.127s] DEBUG:colcon.colcon_core.event_reactor:joined thread
[6.127s] INFO:colcon.colcon_core.shell:Creating prefix script '/root/Gazebo_WS/install/local_setup.ps1'
[6.128s] INFO:colcon.colcon_core.shell:Creating prefix util module '/root/Gazebo_WS/install/_local_setup_util_ps1.py'
[6.129s] INFO:colcon.colcon_core.shell:Creating prefix chain script '/root/Gazebo_WS/install/setup.ps1'
[6.129s] INFO:colcon.colcon_core.shell:Creating prefix script '/root/Gazebo_WS/install/local_setup.sh'
[6.130s] INFO:colcon.colcon_core.shell:Creating prefix util module '/root/Gazebo_WS/install/_local_setup_util_sh.py'
[6.130s] INFO:colcon.colcon_core.shell:Creating prefix chain script '/root/Gazebo_WS/install/setup.sh'
[6.130s] INFO:colcon.colcon_core.shell:Creating prefix script '/root/Gazebo_WS/install/local_setup.bash'
[6.131s] INFO:colcon.colcon_core.shell:Creating prefix chain script '/root/Gazebo_WS/install/setup.bash'
[6.131s] INFO:colcon.colcon_core.shell:Creating prefix script '/root/Gazebo_WS/install/local_setup.zsh'
[6.132s] INFO:colcon.colcon_core.shell:Creating prefix chain script '/root/Gazebo_WS/install/setup.zsh'
