[1.372s] DEBUG:colcon:Command line arguments: ['/usr/bin/colcon', 'build']
[1.372s] DEBUG:colcon:Parsed command line arguments: Namespace(log_base=None, log_level=None, verb_name='build', build_base='build', install_base='install', merge_install=False, symlink_install=False, test_result_base=None, continue_on_error=False, executor='parallel', parallel_workers=20, event_handlers=None, ignore_user_meta=False, metas=['./colcon.meta'], base_paths=['.'], packages_ignore=None, packages_ignore_regex=None, paths=None, packages_up_to=None, packages_up_to_regex=None, packages_above=None, packages_above_and_dependencies=None, packages_above_depth=None, packages_select_by_dep=None, packages_skip_by_dep=None, packages_skip_up_to=None, packages_select_build_failed=False, packages_skip_build_finished=False, packages_select_test_failures=False, packages_skip_test_passed=False, packages_select=None, packages_skip=None, packages_select_regex=None, packages_skip_regex=None, packages_start=None, packages_end=None, allow_overriding=[], cmake_args=None, cmake_target=None, cmake_target_skip_unavailable=False, cmake_clean_cache=False, cmake_clean_first=False, cmake_force_configure=False, ament_cmake_args=None, catkin_cmake_args=None, catkin_skip_building_tests=False, mixin_files=None, mixin=None, verb_parser=<colcon_mixin.mixin.mixin_argument.MixinArgumentDecorator object at 0x7f750d3b7a60>, verb_extension=<colcon_core.verb.build.BuildVerb object at 0x7f750d3b74f0>, main=<bound method BuildVerb.main of <colcon_core.verb.build.BuildVerb object at 0x7f750d3b74f0>>, mixin_verb=('build',))
[1.475s] Level 1:colcon.colcon_core.package_discovery:discover_packages(colcon_meta) check parameters
[1.475s] Level 1:colcon.colcon_core.package_discovery:discover_packages(recursive) check parameters
[1.475s] Level 1:colcon.colcon_core.package_discovery:discover_packages(ignore) check parameters
[1.475s] Level 1:colcon.colcon_core.package_discovery:discover_packages(path) check parameters
[1.475s] Level 1:colcon.colcon_core.package_discovery:discover_packages(colcon_meta) discover
[1.475s] Level 1:colcon.colcon_core.package_discovery:discover_packages(recursive) discover
[1.475s] INFO:colcon.colcon_core.package_discovery:Crawling recursively for packages in '/root/Gazebo_WS'
[1.475s] Level 1:colcon.colcon_core.package_identification:_identify(.) by extensions ['ignore', 'ignore_ament_install']
[1.476s] Level 1:colcon.colcon_core.package_identification:_identify(.) by extension 'ignore'
[1.476s] Level 1:colcon.colcon_core.package_identification:_identify(.) by extension 'ignore_ament_install'
[1.476s] Level 1:colcon.colcon_core.package_identification:_identify(.) by extensions ['colcon_pkg']
[1.476s] Level 1:colcon.colcon_core.package_identification:_identify(.) by extension 'colcon_pkg'
[1.476s] Level 1:colcon.colcon_core.package_identification:_identify(.) by extensions ['colcon_meta']
[1.476s] Level 1:colcon.colcon_core.package_identification:_identify(.) by extension 'colcon_meta'
[1.476s] Level 1:colcon.colcon_core.package_identification:_identify(.) by extensions ['ros']
[1.476s] Level 1:colcon.colcon_core.package_identification:_identify(.) by extension 'ros'
[1.482s] Level 1:colcon.colcon_core.package_identification:_identify(.) by extensions ['cmake', 'python']
[1.483s] Level 1:colcon.colcon_core.package_identification:_identify(.) by extension 'cmake'
[1.483s] Level 1:colcon.colcon_core.package_identification:_identify(.) by extension 'python'
[1.483s] Level 1:colcon.colcon_core.package_identification:_identify(.) by extensions ['python_setup_py']
[1.483s] Level 1:colcon.colcon_core.package_identification:_identify(.) by extension 'python_setup_py'
[1.483s] Level 1:colcon.colcon_core.package_identification:_identify(build) by extensions ['ignore', 'ignore_ament_install']
[1.483s] Level 1:colcon.colcon_core.package_identification:_identify(build) by extension 'ignore'
[1.483s] Level 1:colcon.colcon_core.package_identification:_identify(build) ignored
[1.483s] Level 1:colcon.colcon_core.package_identification:_identify(install) by extensions ['ignore', 'ignore_ament_install']
[1.483s] Level 1:colcon.colcon_core.package_identification:_identify(install) by extension 'ignore'
[1.483s] Level 1:colcon.colcon_core.package_identification:_identify(install) ignored
[1.483s] Level 1:colcon.colcon_core.package_identification:_identify(log) by extensions ['ignore', 'ignore_ament_install']
[1.483s] Level 1:colcon.colcon_core.package_identification:_identify(log) by extension 'ignore'
[1.483s] Level 1:colcon.colcon_core.package_identification:_identify(log) ignored
[1.483s] Level 1:colcon.colcon_core.package_identification:_identify(src) by extensions ['ignore', 'ignore_ament_install']
[1.483s] Level 1:colcon.colcon_core.package_identification:_identify(src) by extension 'ignore'
[1.483s] Level 1:colcon.colcon_core.package_identification:_identify(src) by extension 'ignore_ament_install'
[1.483s] Level 1:colcon.colcon_core.package_identification:_identify(src) by extensions ['colcon_pkg']
[1.483s] Level 1:colcon.colcon_core.package_identification:_identify(src) by extension 'colcon_pkg'
[1.483s] Level 1:colcon.colcon_core.package_identification:_identify(src) by extensions ['colcon_meta']
[1.483s] Level 1:colcon.colcon_core.package_identification:_identify(src) by extension 'colcon_meta'
[1.483s] Level 1:colcon.colcon_core.package_identification:_identify(src) by extensions ['ros']
[1.483s] Level 1:colcon.colcon_core.package_identification:_identify(src) by extension 'ros'
[1.483s] Level 1:colcon.colcon_core.package_identification:_identify(src) by extensions ['cmake', 'python']
[1.483s] Level 1:colcon.colcon_core.package_identification:_identify(src) by extension 'cmake'
[1.483s] Level 1:colcon.colcon_core.package_identification:_identify(src) by extension 'python'
[1.483s] Level 1:colcon.colcon_core.package_identification:_identify(src) by extensions ['python_setup_py']
[1.483s] Level 1:colcon.colcon_core.package_identification:_identify(src) by extension 'python_setup_py'
[1.483s] Level 1:colcon.colcon_core.package_identification:_identify(src/franka_description) by extensions ['ignore', 'ignore_ament_install']
[1.483s] Level 1:colcon.colcon_core.package_identification:_identify(src/franka_description) by extension 'ignore'
[1.483s] Level 1:colcon.colcon_core.package_identification:_identify(src/franka_description) by extension 'ignore_ament_install'
[1.483s] Level 1:colcon.colcon_core.package_identification:_identify(src/franka_description) by extensions ['colcon_pkg']
[1.483s] Level 1:colcon.colcon_core.package_identification:_identify(src/franka_description) by extension 'colcon_pkg'
[1.484s] Level 1:colcon.colcon_core.package_identification:_identify(src/franka_description) by extensions ['colcon_meta']
[1.484s] Level 1:colcon.colcon_core.package_identification:_identify(src/franka_description) by extension 'colcon_meta'
[1.484s] Level 1:colcon.colcon_core.package_identification:_identify(src/franka_description) by extensions ['ros']
[1.484s] Level 1:colcon.colcon_core.package_identification:_identify(src/franka_description) by extension 'ros'
[1.485s] DEBUG:colcon.colcon_core.package_identification:Package 'src/franka_description' with type 'ros.ament_cmake' and name 'franka_description'
[1.485s] Level 1:colcon.colcon_core.package_identification:_identify(src/franka_moveit_config) by extensions ['ignore', 'ignore_ament_install']
[1.485s] Level 1:colcon.colcon_core.package_identification:_identify(src/franka_moveit_config) by extension 'ignore'
[1.485s] Level 1:colcon.colcon_core.package_identification:_identify(src/franka_moveit_config) by extension 'ignore_ament_install'
[1.485s] Level 1:colcon.colcon_core.package_identification:_identify(src/franka_moveit_config) by extensions ['colcon_pkg']
[1.485s] Level 1:colcon.colcon_core.package_identification:_identify(src/franka_moveit_config) by extension 'colcon_pkg'
[1.485s] Level 1:colcon.colcon_core.package_identification:_identify(src/franka_moveit_config) by extensions ['colcon_meta']
[1.485s] Level 1:colcon.colcon_core.package_identification:_identify(src/franka_moveit_config) by extension 'colcon_meta'
[1.485s] Level 1:colcon.colcon_core.package_identification:_identify(src/franka_moveit_config) by extensions ['ros']
[1.485s] Level 1:colcon.colcon_core.package_identification:_identify(src/franka_moveit_config) by extension 'ros'
[1.489s] DEBUG:colcon.colcon_core.package_identification:Package 'src/franka_moveit_config' with type 'ros.ament_cmake' and name 'franka_moveit_config'
[1.489s] Level 1:colcon.colcon_core.package_identification:_identify(src/gazebo_practise) by extensions ['ignore', 'ignore_ament_install']
[1.489s] Level 1:colcon.colcon_core.package_identification:_identify(src/gazebo_practise) by extension 'ignore'
[1.489s] Level 1:colcon.colcon_core.package_identification:_identify(src/gazebo_practise) by extension 'ignore_ament_install'
[1.489s] Level 1:colcon.colcon_core.package_identification:_identify(src/gazebo_practise) by extensions ['colcon_pkg']
[1.489s] Level 1:colcon.colcon_core.package_identification:_identify(src/gazebo_practise) by extension 'colcon_pkg'
[1.489s] Level 1:colcon.colcon_core.package_identification:_identify(src/gazebo_practise) by extensions ['colcon_meta']
[1.489s] Level 1:colcon.colcon_core.package_identification:_identify(src/gazebo_practise) by extension 'colcon_meta'
[1.489s] Level 1:colcon.colcon_core.package_identification:_identify(src/gazebo_practise) by extensions ['ros']
[1.489s] Level 1:colcon.colcon_core.package_identification:_identify(src/gazebo_practise) by extension 'ros'
[1.489s] DEBUG:colcon.colcon_core.package_identification:Package 'src/gazebo_practise' with type 'ros.ament_cmake' and name 'gazebo_practise'
[1.490s] Level 1:colcon.colcon_core.package_discovery:discover_packages(recursive) using defaults
[1.490s] Level 1:colcon.colcon_core.package_discovery:discover_packages(ignore) discover
[1.490s] Level 1:colcon.colcon_core.package_discovery:discover_packages(ignore) using defaults
[1.490s] Level 1:colcon.colcon_core.package_discovery:discover_packages(path) discover
[1.490s] Level 1:colcon.colcon_core.package_discovery:discover_packages(path) using defaults
[1.511s] Level 1:colcon.colcon_core.package_discovery:discover_packages(prefix_path) check parameters
[1.511s] Level 1:colcon.colcon_core.package_discovery:discover_packages(prefix_path) discover
[1.512s] WARNING:colcon.colcon_ros.prefix_path.ament:The path '/root/Gazebo_WS/install/gazebo_practise' in the environment variable AMENT_PREFIX_PATH doesn't exist
[1.512s] WARNING:colcon.colcon_ros.prefix_path.ament:The path '/root/Gazebo_WS/install/franka_description' in the environment variable AMENT_PREFIX_PATH doesn't exist
[1.512s] WARNING:colcon.colcon_ros.prefix_path.ament:The path '/root/Gazebo_WS/install/Gazebo_Practise' in the environment variable AMENT_PREFIX_PATH doesn't exist
[1.512s] WARNING:colcon.colcon_ros.prefix_path.catkin:The path '/root/Gazebo_WS/install/gazebo_practise' in the environment variable CMAKE_PREFIX_PATH doesn't exist
[1.513s] WARNING:colcon.colcon_ros.prefix_path.catkin:The path '/root/Gazebo_WS/install/franka_description' in the environment variable CMAKE_PREFIX_PATH doesn't exist
[1.513s] WARNING:colcon.colcon_ros.prefix_path.catkin:The path '/root/Gazebo_WS/install/Gazebo_Practise' in the environment variable CMAKE_PREFIX_PATH doesn't exist
[1.513s] DEBUG:colcon.colcon_installed_package_information.package_discovery:Found 1 installed packages in /root/Gazebo_WS/install
[1.514s] DEBUG:colcon.colcon_installed_package_information.package_discovery:Found 57 installed packages in /root/Moveit2_WS/install
[1.515s] DEBUG:colcon.colcon_installed_package_information.package_discovery:Found 398 installed packages in /opt/ros/humble
[1.518s] Level 1:colcon.colcon_core.package_discovery:discover_packages(prefix_path) using defaults
[1.552s] Level 5:colcon.colcon_core.verb:set package 'franka_description' build argument 'cmake_args' from command line to 'None'
[1.552s] Level 5:colcon.colcon_core.verb:set package 'franka_description' build argument 'cmake_target' from command line to 'None'
[1.552s] Level 5:colcon.colcon_core.verb:set package 'franka_description' build argument 'cmake_target_skip_unavailable' from command line to 'False'
[1.552s] Level 5:colcon.colcon_core.verb:set package 'franka_description' build argument 'cmake_clean_cache' from command line to 'False'
[1.552s] Level 5:colcon.colcon_core.verb:set package 'franka_description' build argument 'cmake_clean_first' from command line to 'False'
[1.552s] Level 5:colcon.colcon_core.verb:set package 'franka_description' build argument 'cmake_force_configure' from command line to 'False'
[1.552s] Level 5:colcon.colcon_core.verb:set package 'franka_description' build argument 'ament_cmake_args' from command line to 'None'
[1.552s] Level 5:colcon.colcon_core.verb:set package 'franka_description' build argument 'catkin_cmake_args' from command line to 'None'
[1.552s] Level 5:colcon.colcon_core.verb:set package 'franka_description' build argument 'catkin_skip_building_tests' from command line to 'False'
[1.552s] DEBUG:colcon.colcon_core.verb:Building package 'franka_description' with the following arguments: {'ament_cmake_args': None, 'build_base': '/root/Gazebo_WS/build/franka_description', 'catkin_cmake_args': None, 'catkin_skip_building_tests': False, 'cmake_args': None, 'cmake_clean_cache': False, 'cmake_clean_first': False, 'cmake_force_configure': False, 'cmake_target': None, 'cmake_target_skip_unavailable': False, 'install_base': '/root/Gazebo_WS/install/franka_description', 'merge_install': False, 'path': '/root/Gazebo_WS/src/franka_description', 'symlink_install': False, 'test_result_base': None}
[1.552s] Level 5:colcon.colcon_core.verb:set package 'franka_moveit_config' build argument 'cmake_args' from command line to 'None'
[1.552s] Level 5:colcon.colcon_core.verb:set package 'franka_moveit_config' build argument 'cmake_target' from command line to 'None'
[1.552s] Level 5:colcon.colcon_core.verb:set package 'franka_moveit_config' build argument 'cmake_target_skip_unavailable' from command line to 'False'
[1.552s] Level 5:colcon.colcon_core.verb:set package 'franka_moveit_config' build argument 'cmake_clean_cache' from command line to 'False'
[1.552s] Level 5:colcon.colcon_core.verb:set package 'franka_moveit_config' build argument 'cmake_clean_first' from command line to 'False'
[1.552s] Level 5:colcon.colcon_core.verb:set package 'franka_moveit_config' build argument 'cmake_force_configure' from command line to 'False'
[1.552s] Level 5:colcon.colcon_core.verb:set package 'franka_moveit_config' build argument 'ament_cmake_args' from command line to 'None'
[1.552s] Level 5:colcon.colcon_core.verb:set package 'franka_moveit_config' build argument 'catkin_cmake_args' from command line to 'None'
[1.552s] Level 5:colcon.colcon_core.verb:set package 'franka_moveit_config' build argument 'catkin_skip_building_tests' from command line to 'False'
[1.552s] DEBUG:colcon.colcon_core.verb:Building package 'franka_moveit_config' with the following arguments: {'ament_cmake_args': None, 'build_base': '/root/Gazebo_WS/build/franka_moveit_config', 'catkin_cmake_args': None, 'catkin_skip_building_tests': False, 'cmake_args': None, 'cmake_clean_cache': False, 'cmake_clean_first': False, 'cmake_force_configure': False, 'cmake_target': None, 'cmake_target_skip_unavailable': False, 'install_base': '/root/Gazebo_WS/install/franka_moveit_config', 'merge_install': False, 'path': '/root/Gazebo_WS/src/franka_moveit_config', 'symlink_install': False, 'test_result_base': None}
[1.553s] Level 5:colcon.colcon_core.verb:set package 'gazebo_practise' build argument 'cmake_args' from command line to 'None'
[1.553s] Level 5:colcon.colcon_core.verb:set package 'gazebo_practise' build argument 'cmake_target' from command line to 'None'
[1.553s] Level 5:colcon.colcon_core.verb:set package 'gazebo_practise' build argument 'cmake_target_skip_unavailable' from command line to 'False'
[1.553s] Level 5:colcon.colcon_core.verb:set package 'gazebo_practise' build argument 'cmake_clean_cache' from command line to 'False'
[1.553s] Level 5:colcon.colcon_core.verb:set package 'gazebo_practise' build argument 'cmake_clean_first' from command line to 'False'
[1.553s] Level 5:colcon.colcon_core.verb:set package 'gazebo_practise' build argument 'cmake_force_configure' from command line to 'False'
[1.553s] Level 5:colcon.colcon_core.verb:set package 'gazebo_practise' build argument 'ament_cmake_args' from command line to 'None'
[1.553s] Level 5:colcon.colcon_core.verb:set package 'gazebo_practise' build argument 'catkin_cmake_args' from command line to 'None'
[1.553s] Level 5:colcon.colcon_core.verb:set package 'gazebo_practise' build argument 'catkin_skip_building_tests' from command line to 'False'
[1.553s] DEBUG:colcon.colcon_core.verb:Building package 'gazebo_practise' with the following arguments: {'ament_cmake_args': None, 'build_base': '/root/Gazebo_WS/build/gazebo_practise', 'catkin_cmake_args': None, 'catkin_skip_building_tests': False, 'cmake_args': None, 'cmake_clean_cache': False, 'cmake_clean_first': False, 'cmake_force_configure': False, 'cmake_target': None, 'cmake_target_skip_unavailable': False, 'install_base': '/root/Gazebo_WS/install/gazebo_practise', 'merge_install': False, 'path': '/root/Gazebo_WS/src/gazebo_practise', 'symlink_install': False, 'test_result_base': None}
[1.553s] INFO:colcon.colcon_core.executor:Executing jobs using 'parallel' executor
[1.554s] DEBUG:colcon.colcon_parallel_executor.executor.parallel:run_until_complete
[1.554s] INFO:colcon.colcon_ros.task.ament_cmake.build:Building ROS package in '/root/Gazebo_WS/src/franka_description' with build type 'ament_cmake'
[1.554s] INFO:colcon.colcon_cmake.task.cmake.build:Building CMake package in '/root/Gazebo_WS/src/franka_description'
[1.557s] INFO:colcon.colcon_core.plugin_system:Skipping extension 'colcon_core.shell.bat': Not used on non-Windows systems
[1.557s] INFO:colcon.colcon_core.shell:Skip shell extension 'powershell' for command environment: Not usable outside of PowerShell
[1.557s] DEBUG:colcon.colcon_core.shell:Skip shell extension 'dsv' for command environment
[1.567s] DEBUG:colcon.colcon_core.event_handler.log_command:Invoking command in '/root/Gazebo_WS/build/franka_description': CMAKE_PREFIX_PATH=${CMAKE_PREFIX_PATH}:/root/Moveit2_WS/install/moveit_configs_utils:/root/Moveit2_WS/install/launch_param_builder:/opt/ros/humble /usr/bin/cmake /root/Gazebo_WS/src/franka_description -DCMAKE_INSTALL_PREFIX=/root/Gazebo_WS/install/franka_description
[14.410s] DEBUG:colcon.colcon_core.event_handler.log_command:Invoked command in '/root/Gazebo_WS/build/franka_description' returned '0': CMAKE_PREFIX_PATH=${CMAKE_PREFIX_PATH}:/root/Moveit2_WS/install/moveit_configs_utils:/root/Moveit2_WS/install/launch_param_builder:/opt/ros/humble /usr/bin/cmake /root/Gazebo_WS/src/franka_description -DCMAKE_INSTALL_PREFIX=/root/Gazebo_WS/install/franka_description
[14.412s] DEBUG:colcon.colcon_core.event_handler.log_command:Invoking command in '/root/Gazebo_WS/build/franka_description': CMAKE_PREFIX_PATH=${CMAKE_PREFIX_PATH}:/root/Moveit2_WS/install/moveit_configs_utils:/root/Moveit2_WS/install/launch_param_builder:/opt/ros/humble /usr/bin/cmake --build /root/Gazebo_WS/build/franka_description -- -j20 -l20
[14.435s] DEBUG:colcon.colcon_core.event_handler.log_command:Invoked command in '/root/Gazebo_WS/build/franka_description' returned '0': CMAKE_PREFIX_PATH=${CMAKE_PREFIX_PATH}:/root/Moveit2_WS/install/moveit_configs_utils:/root/Moveit2_WS/install/launch_param_builder:/opt/ros/humble /usr/bin/cmake --build /root/Gazebo_WS/build/franka_description -- -j20 -l20
[14.442s] DEBUG:colcon.colcon_core.event_handler.log_command:Invoking command in '/root/Gazebo_WS/build/franka_description': CMAKE_PREFIX_PATH=${CMAKE_PREFIX_PATH}:/root/Moveit2_WS/install/moveit_configs_utils:/root/Moveit2_WS/install/launch_param_builder:/opt/ros/humble /usr/bin/cmake --install /root/Gazebo_WS/build/franka_description
[14.854s] Level 1:colcon.colcon_core.environment:create_environment_scripts_only(franka_description)
[14.854s] DEBUG:colcon.colcon_core.event_handler.log_command:Invoked command in '/root/Gazebo_WS/build/franka_description' returned '0': CMAKE_PREFIX_PATH=${CMAKE_PREFIX_PATH}:/root/Moveit2_WS/install/moveit_configs_utils:/root/Moveit2_WS/install/launch_param_builder:/opt/ros/humble /usr/bin/cmake --install /root/Gazebo_WS/build/franka_description
[14.855s] Level 1:colcon.colcon_core.environment:checking '/root/Gazebo_WS/install/franka_description' for CMake module files
[14.856s] Level 1:colcon.colcon_core.environment:checking '/root/Gazebo_WS/install/franka_description' for CMake config files
[14.856s] Level 1:colcon.colcon_core.shell:create_environment_hook('franka_description', 'cmake_prefix_path')
[14.856s] INFO:colcon.colcon_core.shell:Creating environment hook '/root/Gazebo_WS/install/franka_description/share/franka_description/hook/cmake_prefix_path.ps1'
[14.856s] INFO:colcon.colcon_core.shell:Creating environment descriptor '/root/Gazebo_WS/install/franka_description/share/franka_description/hook/cmake_prefix_path.dsv'
[14.857s] INFO:colcon.colcon_core.shell:Creating environment hook '/root/Gazebo_WS/install/franka_description/share/franka_description/hook/cmake_prefix_path.sh'
[14.857s] Level 1:colcon.colcon_core.environment:checking '/root/Gazebo_WS/install/franka_description/bin'
[14.857s] Level 1:colcon.colcon_core.environment:checking '/root/Gazebo_WS/install/franka_description/lib/pkgconfig/franka_description.pc'
[14.857s] Level 1:colcon.colcon_core.environment:checking '/root/Gazebo_WS/install/franka_description/lib/python3.10/site-packages'
[14.857s] Level 1:colcon.colcon_core.environment:checking '/root/Gazebo_WS/install/franka_description/bin'
[14.858s] INFO:colcon.colcon_core.shell:Creating package script '/root/Gazebo_WS/install/franka_description/share/franka_description/package.ps1'
[14.858s] INFO:colcon.colcon_core.shell:Creating package descriptor '/root/Gazebo_WS/install/franka_description/share/franka_description/package.dsv'
[14.858s] INFO:colcon.colcon_core.shell:Creating package script '/root/Gazebo_WS/install/franka_description/share/franka_description/package.sh'
[14.860s] INFO:colcon.colcon_core.shell:Creating package script '/root/Gazebo_WS/install/franka_description/share/franka_description/package.bash'
[14.860s] INFO:colcon.colcon_core.shell:Creating package script '/root/Gazebo_WS/install/franka_description/share/franka_description/package.zsh'
[14.860s] Level 1:colcon.colcon_core.environment:create_file_with_runtime_dependencies(/root/Gazebo_WS/install/franka_description/share/colcon-core/packages/franka_description)
[14.861s] Level 1:colcon.colcon_core.environment:create_environment_scripts_only(franka_description)
[14.861s] Level 1:colcon.colcon_core.environment:checking '/root/Gazebo_WS/install/franka_description' for CMake module files
[14.861s] Level 1:colcon.colcon_core.environment:checking '/root/Gazebo_WS/install/franka_description' for CMake config files
[14.861s] Level 1:colcon.colcon_core.shell:create_environment_hook('franka_description', 'cmake_prefix_path')
[14.861s] INFO:colcon.colcon_core.shell:Creating environment hook '/root/Gazebo_WS/install/franka_description/share/franka_description/hook/cmake_prefix_path.ps1'
[14.862s] INFO:colcon.colcon_core.shell:Creating environment descriptor '/root/Gazebo_WS/install/franka_description/share/franka_description/hook/cmake_prefix_path.dsv'
[14.862s] INFO:colcon.colcon_core.shell:Creating environment hook '/root/Gazebo_WS/install/franka_description/share/franka_description/hook/cmake_prefix_path.sh'
[14.862s] Level 1:colcon.colcon_core.environment:checking '/root/Gazebo_WS/install/franka_description/bin'
[14.862s] Level 1:colcon.colcon_core.environment:checking '/root/Gazebo_WS/install/franka_description/lib/pkgconfig/franka_description.pc'
[14.862s] Level 1:colcon.colcon_core.environment:checking '/root/Gazebo_WS/install/franka_description/lib/python3.10/site-packages'
[14.862s] Level 1:colcon.colcon_core.environment:checking '/root/Gazebo_WS/install/franka_description/bin'
[14.863s] INFO:colcon.colcon_core.shell:Creating package script '/root/Gazebo_WS/install/franka_description/share/franka_description/package.ps1'
[14.863s] INFO:colcon.colcon_core.shell:Creating package descriptor '/root/Gazebo_WS/install/franka_description/share/franka_description/package.dsv'
[14.863s] INFO:colcon.colcon_core.shell:Creating package script '/root/Gazebo_WS/install/franka_description/share/franka_description/package.sh'
[14.863s] INFO:colcon.colcon_core.shell:Creating package script '/root/Gazebo_WS/install/franka_description/share/franka_description/package.bash'
[14.863s] INFO:colcon.colcon_core.shell:Creating package script '/root/Gazebo_WS/install/franka_description/share/franka_description/package.zsh'
[14.864s] Level 1:colcon.colcon_core.environment:create_file_with_runtime_dependencies(/root/Gazebo_WS/install/franka_description/share/colcon-core/packages/franka_description)
[14.864s] INFO:colcon.colcon_ros.task.ament_cmake.build:Building ROS package in '/root/Gazebo_WS/src/franka_moveit_config' with build type 'ament_cmake'
[14.864s] INFO:colcon.colcon_cmake.task.cmake.build:Building CMake package in '/root/Gazebo_WS/src/franka_moveit_config'
[14.864s] INFO:colcon.colcon_core.shell:Skip shell extension 'powershell' for command environment: Not usable outside of PowerShell
[14.864s] DEBUG:colcon.colcon_core.shell:Skip shell extension 'dsv' for command environment
[14.869s] INFO:colcon.colcon_ros.task.ament_cmake.build:Building ROS package in '/root/Gazebo_WS/src/gazebo_practise' with build type 'ament_cmake'
[14.869s] INFO:colcon.colcon_cmake.task.cmake.build:Building CMake package in '/root/Gazebo_WS/src/gazebo_practise'
[14.869s] INFO:colcon.colcon_core.shell:Skip shell extension 'powershell' for command environment: Not usable outside of PowerShell
[14.869s] DEBUG:colcon.colcon_core.shell:Skip shell extension 'dsv' for command environment
[15.212s] DEBUG:colcon.colcon_core.event_handler.log_command:Invoking command in '/root/Gazebo_WS/build/gazebo_practise': CMAKE_PREFIX_PATH=/root/Gazebo_WS/install/franka_description:/root/Gazebo_WS/install/gazebo_practise:/root/Gazebo_WS/install/franka_moveit_config:/root/Gazebo_WS/install/Gazebo_Practise:/root/Moveit2_WS/install/pilz_industrial_motion_planner_testutils:/root/Moveit2_WS/install/panda_moveit_config:/root/Moveit2_WS/install/moveit_runtime:/root/Moveit2_WS/install/moveit2_tutorials:/root/Moveit2_WS/install/moveit:/root/Moveit2_WS/install/moveit_planners:/root/Moveit2_WS/install/pilz_industrial_motion_planner:/root/Moveit2_WS/install/hello_moveit:/root/Moveit2_WS/install/moveit_visual_tools:/root/Moveit2_WS/install/moveit_task_constructor_visualization:/root/Moveit2_WS/install/moveit_task_constructor_demo:/root/Moveit2_WS/install/moveit_task_constructor_capabilities:/root/Moveit2_WS/install/moveit_task_constructor_core:/root/Moveit2_WS/install/moveit_ros_control_interface:/root/Moveit2_WS/install/moveit_plugins:/root/Moveit2_WS/install/moveit_simple_controller_manager:/root/Moveit2_WS/install/moveit_setup_assistant:/root/Moveit2_WS/install/moveit_setup_srdf_plugins:/root/Moveit2_WS/install/moveit_setup_core_plugins:/root/Moveit2_WS/install/moveit_setup_controllers:/root/Moveit2_WS/install/moveit_setup_app_plugins:/root/Moveit2_WS/install/moveit_setup_framework:/root/Moveit2_WS/install/moveit_servo:/root/Moveit2_WS/install/moveit_ros:/root/Moveit2_WS/install/moveit_ros_visualization:/root/Moveit2_WS/install/moveit_hybrid_planning:/root/Moveit2_WS/install/moveit_ros_planning_interface:/root/Moveit2_WS/install/moveit_ros_benchmarks:/root/Moveit2_WS/install/moveit_ros_warehouse:/root/Moveit2_WS/install/moveit_ros_robot_interaction:/root/Moveit2_WS/install/moveit_ros_perception:/root/Moveit2_WS/install/moveit_resources_prbt_pg70_support:/root/Moveit2_WS/install/moveit_resources_prbt_moveit_config:/root/Moveit2_WS/install/moveit_ros_move_group:/root/Moveit2_WS/install/moveit_planners_ompl:/root/Moveit2_WS/install/moveit_ros_planning:/root/Moveit2_WS/install/moveit_ros_occupancy_map_monitor:/root/Moveit2_WS/install/moveit_resources_prbt_ikfast_manipulator_plugin:/root/Moveit2_WS/install/moveit_planners_chomp:/root/Moveit2_WS/install/moveit_kinematics:/root/Moveit2_WS/install/moveit_chomp_optimizer_adapter:/root/Moveit2_WS/install/chomp_motion_planner:/root/Moveit2_WS/install/moveit_core:/root/Moveit2_WS/install/srdfdom:/root/Moveit2_WS/install/rviz_marker_tools:/root/Moveit2_WS/install/rosparam_shortcuts:/root/Moveit2_WS/install/moveit_task_constructor_msgs:/root/Moveit2_WS/install/moveit_resources_prbt_support:/root/Moveit2_WS/install/moveit_resources:/root/Moveit2_WS/install/moveit_resources_pr2_description:/root/Moveit2_WS/install/moveit_resources_panda_moveit_config:/root/Moveit2_WS/install/moveit_resources_panda_description:/root/Moveit2_WS/install/moveit_resources_fanuc_moveit_config:/root/Moveit2_WS/install/moveit_resources_fanuc_description:/root/Moveit2_WS/install/moveit_common:/root/Moveit2_WS/install/moveit_configs_utils:/root/Moveit2_WS/install/launch_param_builder:/opt/ros/humble /usr/bin/cmake /root/Gazebo_WS/src/gazebo_practise -DCMAKE_INSTALL_PREFIX=/root/Gazebo_WS/install/gazebo_practise
[15.214s] DEBUG:colcon.colcon_core.event_handler.log_command:Invoking command in '/root/Gazebo_WS/build/franka_moveit_config': CMAKE_PREFIX_PATH=/root/Gazebo_WS/install/franka_description:/root/Gazebo_WS/install/gazebo_practise:/root/Gazebo_WS/install/franka_moveit_config:/root/Gazebo_WS/install/Gazebo_Practise:/root/Moveit2_WS/install/pilz_industrial_motion_planner_testutils:/root/Moveit2_WS/install/panda_moveit_config:/root/Moveit2_WS/install/moveit_runtime:/root/Moveit2_WS/install/moveit2_tutorials:/root/Moveit2_WS/install/moveit:/root/Moveit2_WS/install/moveit_planners:/root/Moveit2_WS/install/pilz_industrial_motion_planner:/root/Moveit2_WS/install/hello_moveit:/root/Moveit2_WS/install/moveit_visual_tools:/root/Moveit2_WS/install/moveit_task_constructor_visualization:/root/Moveit2_WS/install/moveit_task_constructor_demo:/root/Moveit2_WS/install/moveit_task_constructor_capabilities:/root/Moveit2_WS/install/moveit_task_constructor_core:/root/Moveit2_WS/install/moveit_ros_control_interface:/root/Moveit2_WS/install/moveit_plugins:/root/Moveit2_WS/install/moveit_simple_controller_manager:/root/Moveit2_WS/install/moveit_setup_assistant:/root/Moveit2_WS/install/moveit_setup_srdf_plugins:/root/Moveit2_WS/install/moveit_setup_core_plugins:/root/Moveit2_WS/install/moveit_setup_controllers:/root/Moveit2_WS/install/moveit_setup_app_plugins:/root/Moveit2_WS/install/moveit_setup_framework:/root/Moveit2_WS/install/moveit_servo:/root/Moveit2_WS/install/moveit_ros:/root/Moveit2_WS/install/moveit_ros_visualization:/root/Moveit2_WS/install/moveit_hybrid_planning:/root/Moveit2_WS/install/moveit_ros_planning_interface:/root/Moveit2_WS/install/moveit_ros_benchmarks:/root/Moveit2_WS/install/moveit_ros_warehouse:/root/Moveit2_WS/install/moveit_ros_robot_interaction:/root/Moveit2_WS/install/moveit_ros_perception:/root/Moveit2_WS/install/moveit_resources_prbt_pg70_support:/root/Moveit2_WS/install/moveit_resources_prbt_moveit_config:/root/Moveit2_WS/install/moveit_ros_move_group:/root/Moveit2_WS/install/moveit_planners_ompl:/root/Moveit2_WS/install/moveit_ros_planning:/root/Moveit2_WS/install/moveit_ros_occupancy_map_monitor:/root/Moveit2_WS/install/moveit_resources_prbt_ikfast_manipulator_plugin:/root/Moveit2_WS/install/moveit_planners_chomp:/root/Moveit2_WS/install/moveit_kinematics:/root/Moveit2_WS/install/moveit_chomp_optimizer_adapter:/root/Moveit2_WS/install/chomp_motion_planner:/root/Moveit2_WS/install/moveit_core:/root/Moveit2_WS/install/srdfdom:/root/Moveit2_WS/install/rviz_marker_tools:/root/Moveit2_WS/install/rosparam_shortcuts:/root/Moveit2_WS/install/moveit_task_constructor_msgs:/root/Moveit2_WS/install/moveit_resources_prbt_support:/root/Moveit2_WS/install/moveit_resources:/root/Moveit2_WS/install/moveit_resources_pr2_description:/root/Moveit2_WS/install/moveit_resources_panda_moveit_config:/root/Moveit2_WS/install/moveit_resources_panda_description:/root/Moveit2_WS/install/moveit_resources_fanuc_moveit_config:/root/Moveit2_WS/install/moveit_resources_fanuc_description:/root/Moveit2_WS/install/moveit_common:/root/Moveit2_WS/install/moveit_configs_utils:/root/Moveit2_WS/install/launch_param_builder:/opt/ros/humble /usr/bin/cmake --build /root/Gazebo_WS/build/franka_moveit_config -- -j20 -l20
[15.240s] DEBUG:colcon.colcon_core.event_handler.log_command:Invoked command in '/root/Gazebo_WS/build/franka_moveit_config' returned '0': CMAKE_PREFIX_PATH=/root/Gazebo_WS/install/franka_description:/root/Gazebo_WS/install/gazebo_practise:/root/Gazebo_WS/install/franka_moveit_config:/root/Gazebo_WS/install/Gazebo_Practise:/root/Moveit2_WS/install/pilz_industrial_motion_planner_testutils:/root/Moveit2_WS/install/panda_moveit_config:/root/Moveit2_WS/install/moveit_runtime:/root/Moveit2_WS/install/moveit2_tutorials:/root/Moveit2_WS/install/moveit:/root/Moveit2_WS/install/moveit_planners:/root/Moveit2_WS/install/pilz_industrial_motion_planner:/root/Moveit2_WS/install/hello_moveit:/root/Moveit2_WS/install/moveit_visual_tools:/root/Moveit2_WS/install/moveit_task_constructor_visualization:/root/Moveit2_WS/install/moveit_task_constructor_demo:/root/Moveit2_WS/install/moveit_task_constructor_capabilities:/root/Moveit2_WS/install/moveit_task_constructor_core:/root/Moveit2_WS/install/moveit_ros_control_interface:/root/Moveit2_WS/install/moveit_plugins:/root/Moveit2_WS/install/moveit_simple_controller_manager:/root/Moveit2_WS/install/moveit_setup_assistant:/root/Moveit2_WS/install/moveit_setup_srdf_plugins:/root/Moveit2_WS/install/moveit_setup_core_plugins:/root/Moveit2_WS/install/moveit_setup_controllers:/root/Moveit2_WS/install/moveit_setup_app_plugins:/root/Moveit2_WS/install/moveit_setup_framework:/root/Moveit2_WS/install/moveit_servo:/root/Moveit2_WS/install/moveit_ros:/root/Moveit2_WS/install/moveit_ros_visualization:/root/Moveit2_WS/install/moveit_hybrid_planning:/root/Moveit2_WS/install/moveit_ros_planning_interface:/root/Moveit2_WS/install/moveit_ros_benchmarks:/root/Moveit2_WS/install/moveit_ros_warehouse:/root/Moveit2_WS/install/moveit_ros_robot_interaction:/root/Moveit2_WS/install/moveit_ros_perception:/root/Moveit2_WS/install/moveit_resources_prbt_pg70_support:/root/Moveit2_WS/install/moveit_resources_prbt_moveit_config:/root/Moveit2_WS/install/moveit_ros_move_group:/root/Moveit2_WS/install/moveit_planners_ompl:/root/Moveit2_WS/install/moveit_ros_planning:/root/Moveit2_WS/install/moveit_ros_occupancy_map_monitor:/root/Moveit2_WS/install/moveit_resources_prbt_ikfast_manipulator_plugin:/root/Moveit2_WS/install/moveit_planners_chomp:/root/Moveit2_WS/install/moveit_kinematics:/root/Moveit2_WS/install/moveit_chomp_optimizer_adapter:/root/Moveit2_WS/install/chomp_motion_planner:/root/Moveit2_WS/install/moveit_core:/root/Moveit2_WS/install/srdfdom:/root/Moveit2_WS/install/rviz_marker_tools:/root/Moveit2_WS/install/rosparam_shortcuts:/root/Moveit2_WS/install/moveit_task_constructor_msgs:/root/Moveit2_WS/install/moveit_resources_prbt_support:/root/Moveit2_WS/install/moveit_resources:/root/Moveit2_WS/install/moveit_resources_pr2_description:/root/Moveit2_WS/install/moveit_resources_panda_moveit_config:/root/Moveit2_WS/install/moveit_resources_panda_description:/root/Moveit2_WS/install/moveit_resources_fanuc_moveit_config:/root/Moveit2_WS/install/moveit_resources_fanuc_description:/root/Moveit2_WS/install/moveit_common:/root/Moveit2_WS/install/moveit_configs_utils:/root/Moveit2_WS/install/launch_param_builder:/opt/ros/humble /usr/bin/cmake --build /root/Gazebo_WS/build/franka_moveit_config -- -j20 -l20
[15.241s] DEBUG:colcon.colcon_core.event_handler.log_command:Invoking command in '/root/Gazebo_WS/build/franka_moveit_config': CMAKE_PREFIX_PATH=/root/Gazebo_WS/install/franka_description:/root/Gazebo_WS/install/gazebo_practise:/root/Gazebo_WS/install/franka_moveit_config:/root/Gazebo_WS/install/Gazebo_Practise:/root/Moveit2_WS/install/pilz_industrial_motion_planner_testutils:/root/Moveit2_WS/install/panda_moveit_config:/root/Moveit2_WS/install/moveit_runtime:/root/Moveit2_WS/install/moveit2_tutorials:/root/Moveit2_WS/install/moveit:/root/Moveit2_WS/install/moveit_planners:/root/Moveit2_WS/install/pilz_industrial_motion_planner:/root/Moveit2_WS/install/hello_moveit:/root/Moveit2_WS/install/moveit_visual_tools:/root/Moveit2_WS/install/moveit_task_constructor_visualization:/root/Moveit2_WS/install/moveit_task_constructor_demo:/root/Moveit2_WS/install/moveit_task_constructor_capabilities:/root/Moveit2_WS/install/moveit_task_constructor_core:/root/Moveit2_WS/install/moveit_ros_control_interface:/root/Moveit2_WS/install/moveit_plugins:/root/Moveit2_WS/install/moveit_simple_controller_manager:/root/Moveit2_WS/install/moveit_setup_assistant:/root/Moveit2_WS/install/moveit_setup_srdf_plugins:/root/Moveit2_WS/install/moveit_setup_core_plugins:/root/Moveit2_WS/install/moveit_setup_controllers:/root/Moveit2_WS/install/moveit_setup_app_plugins:/root/Moveit2_WS/install/moveit_setup_framework:/root/Moveit2_WS/install/moveit_servo:/root/Moveit2_WS/install/moveit_ros:/root/Moveit2_WS/install/moveit_ros_visualization:/root/Moveit2_WS/install/moveit_hybrid_planning:/root/Moveit2_WS/install/moveit_ros_planning_interface:/root/Moveit2_WS/install/moveit_ros_benchmarks:/root/Moveit2_WS/install/moveit_ros_warehouse:/root/Moveit2_WS/install/moveit_ros_robot_interaction:/root/Moveit2_WS/install/moveit_ros_perception:/root/Moveit2_WS/install/moveit_resources_prbt_pg70_support:/root/Moveit2_WS/install/moveit_resources_prbt_moveit_config:/root/Moveit2_WS/install/moveit_ros_move_group:/root/Moveit2_WS/install/moveit_planners_ompl:/root/Moveit2_WS/install/moveit_ros_planning:/root/Moveit2_WS/install/moveit_ros_occupancy_map_monitor:/root/Moveit2_WS/install/moveit_resources_prbt_ikfast_manipulator_plugin:/root/Moveit2_WS/install/moveit_planners_chomp:/root/Moveit2_WS/install/moveit_kinematics:/root/Moveit2_WS/install/moveit_chomp_optimizer_adapter:/root/Moveit2_WS/install/chomp_motion_planner:/root/Moveit2_WS/install/moveit_core:/root/Moveit2_WS/install/srdfdom:/root/Moveit2_WS/install/rviz_marker_tools:/root/Moveit2_WS/install/rosparam_shortcuts:/root/Moveit2_WS/install/moveit_task_constructor_msgs:/root/Moveit2_WS/install/moveit_resources_prbt_support:/root/Moveit2_WS/install/moveit_resources:/root/Moveit2_WS/install/moveit_resources_pr2_description:/root/Moveit2_WS/install/moveit_resources_panda_moveit_config:/root/Moveit2_WS/install/moveit_resources_panda_description:/root/Moveit2_WS/install/moveit_resources_fanuc_moveit_config:/root/Moveit2_WS/install/moveit_resources_fanuc_description:/root/Moveit2_WS/install/moveit_common:/root/Moveit2_WS/install/moveit_configs_utils:/root/Moveit2_WS/install/launch_param_builder:/opt/ros/humble /usr/bin/cmake --install /root/Gazebo_WS/build/franka_moveit_config
[15.249s] Level 1:colcon.colcon_core.environment:create_environment_scripts_only(franka_moveit_config)
[15.249s] DEBUG:colcon.colcon_core.event_handler.log_command:Invoked command in '/root/Gazebo_WS/build/franka_moveit_config' returned '0': CMAKE_PREFIX_PATH=/root/Gazebo_WS/install/franka_description:/root/Gazebo_WS/install/gazebo_practise:/root/Gazebo_WS/install/franka_moveit_config:/root/Gazebo_WS/install/Gazebo_Practise:/root/Moveit2_WS/install/pilz_industrial_motion_planner_testutils:/root/Moveit2_WS/install/panda_moveit_config:/root/Moveit2_WS/install/moveit_runtime:/root/Moveit2_WS/install/moveit2_tutorials:/root/Moveit2_WS/install/moveit:/root/Moveit2_WS/install/moveit_planners:/root/Moveit2_WS/install/pilz_industrial_motion_planner:/root/Moveit2_WS/install/hello_moveit:/root/Moveit2_WS/install/moveit_visual_tools:/root/Moveit2_WS/install/moveit_task_constructor_visualization:/root/Moveit2_WS/install/moveit_task_constructor_demo:/root/Moveit2_WS/install/moveit_task_constructor_capabilities:/root/Moveit2_WS/install/moveit_task_constructor_core:/root/Moveit2_WS/install/moveit_ros_control_interface:/root/Moveit2_WS/install/moveit_plugins:/root/Moveit2_WS/install/moveit_simple_controller_manager:/root/Moveit2_WS/install/moveit_setup_assistant:/root/Moveit2_WS/install/moveit_setup_srdf_plugins:/root/Moveit2_WS/install/moveit_setup_core_plugins:/root/Moveit2_WS/install/moveit_setup_controllers:/root/Moveit2_WS/install/moveit_setup_app_plugins:/root/Moveit2_WS/install/moveit_setup_framework:/root/Moveit2_WS/install/moveit_servo:/root/Moveit2_WS/install/moveit_ros:/root/Moveit2_WS/install/moveit_ros_visualization:/root/Moveit2_WS/install/moveit_hybrid_planning:/root/Moveit2_WS/install/moveit_ros_planning_interface:/root/Moveit2_WS/install/moveit_ros_benchmarks:/root/Moveit2_WS/install/moveit_ros_warehouse:/root/Moveit2_WS/install/moveit_ros_robot_interaction:/root/Moveit2_WS/install/moveit_ros_perception:/root/Moveit2_WS/install/moveit_resources_prbt_pg70_support:/root/Moveit2_WS/install/moveit_resources_prbt_moveit_config:/root/Moveit2_WS/install/moveit_ros_move_group:/root/Moveit2_WS/install/moveit_planners_ompl:/root/Moveit2_WS/install/moveit_ros_planning:/root/Moveit2_WS/install/moveit_ros_occupancy_map_monitor:/root/Moveit2_WS/install/moveit_resources_prbt_ikfast_manipulator_plugin:/root/Moveit2_WS/install/moveit_planners_chomp:/root/Moveit2_WS/install/moveit_kinematics:/root/Moveit2_WS/install/moveit_chomp_optimizer_adapter:/root/Moveit2_WS/install/chomp_motion_planner:/root/Moveit2_WS/install/moveit_core:/root/Moveit2_WS/install/srdfdom:/root/Moveit2_WS/install/rviz_marker_tools:/root/Moveit2_WS/install/rosparam_shortcuts:/root/Moveit2_WS/install/moveit_task_constructor_msgs:/root/Moveit2_WS/install/moveit_resources_prbt_support:/root/Moveit2_WS/install/moveit_resources:/root/Moveit2_WS/install/moveit_resources_pr2_description:/root/Moveit2_WS/install/moveit_resources_panda_moveit_config:/root/Moveit2_WS/install/moveit_resources_panda_description:/root/Moveit2_WS/install/moveit_resources_fanuc_moveit_config:/root/Moveit2_WS/install/moveit_resources_fanuc_description:/root/Moveit2_WS/install/moveit_common:/root/Moveit2_WS/install/moveit_configs_utils:/root/Moveit2_WS/install/launch_param_builder:/opt/ros/humble /usr/bin/cmake --install /root/Gazebo_WS/build/franka_moveit_config
[15.249s] Level 1:colcon.colcon_core.environment:checking '/root/Gazebo_WS/install/franka_moveit_config' for CMake module files
[15.250s] Level 1:colcon.colcon_core.environment:checking '/root/Gazebo_WS/install/franka_moveit_config' for CMake config files
[15.250s] Level 1:colcon.colcon_core.shell:create_environment_hook('franka_moveit_config', 'cmake_prefix_path')
[15.250s] INFO:colcon.colcon_core.shell:Creating environment hook '/root/Gazebo_WS/install/franka_moveit_config/share/franka_moveit_config/hook/cmake_prefix_path.ps1'
[15.250s] INFO:colcon.colcon_core.shell:Creating environment descriptor '/root/Gazebo_WS/install/franka_moveit_config/share/franka_moveit_config/hook/cmake_prefix_path.dsv'
[15.251s] INFO:colcon.colcon_core.shell:Creating environment hook '/root/Gazebo_WS/install/franka_moveit_config/share/franka_moveit_config/hook/cmake_prefix_path.sh'
[15.251s] Level 1:colcon.colcon_core.environment:checking '/root/Gazebo_WS/install/franka_moveit_config/bin'
[15.251s] Level 1:colcon.colcon_core.environment:checking '/root/Gazebo_WS/install/franka_moveit_config/lib/pkgconfig/franka_moveit_config.pc'
[15.251s] Level 1:colcon.colcon_core.environment:checking '/root/Gazebo_WS/install/franka_moveit_config/lib/python3.10/site-packages'
[15.251s] Level 1:colcon.colcon_core.environment:checking '/root/Gazebo_WS/install/franka_moveit_config/bin'
[15.251s] INFO:colcon.colcon_core.shell:Creating package script '/root/Gazebo_WS/install/franka_moveit_config/share/franka_moveit_config/package.ps1'
[15.252s] INFO:colcon.colcon_core.shell:Creating package descriptor '/root/Gazebo_WS/install/franka_moveit_config/share/franka_moveit_config/package.dsv'
[15.252s] INFO:colcon.colcon_core.shell:Creating package script '/root/Gazebo_WS/install/franka_moveit_config/share/franka_moveit_config/package.sh'
[15.252s] INFO:colcon.colcon_core.shell:Creating package script '/root/Gazebo_WS/install/franka_moveit_config/share/franka_moveit_config/package.bash'
[15.252s] INFO:colcon.colcon_core.shell:Creating package script '/root/Gazebo_WS/install/franka_moveit_config/share/franka_moveit_config/package.zsh'
[15.252s] Level 1:colcon.colcon_core.environment:create_file_with_runtime_dependencies(/root/Gazebo_WS/install/franka_moveit_config/share/colcon-core/packages/franka_moveit_config)
[15.253s] Level 1:colcon.colcon_core.environment:create_environment_scripts_only(franka_moveit_config)
[15.253s] Level 1:colcon.colcon_core.environment:checking '/root/Gazebo_WS/install/franka_moveit_config' for CMake module files
[15.253s] Level 1:colcon.colcon_core.environment:checking '/root/Gazebo_WS/install/franka_moveit_config' for CMake config files
[15.253s] Level 1:colcon.colcon_core.shell:create_environment_hook('franka_moveit_config', 'cmake_prefix_path')
[15.253s] INFO:colcon.colcon_core.shell:Creating environment hook '/root/Gazebo_WS/install/franka_moveit_config/share/franka_moveit_config/hook/cmake_prefix_path.ps1'
[15.254s] INFO:colcon.colcon_core.shell:Creating environment descriptor '/root/Gazebo_WS/install/franka_moveit_config/share/franka_moveit_config/hook/cmake_prefix_path.dsv'
[15.254s] INFO:colcon.colcon_core.shell:Creating environment hook '/root/Gazebo_WS/install/franka_moveit_config/share/franka_moveit_config/hook/cmake_prefix_path.sh'
[15.254s] Level 1:colcon.colcon_core.environment:checking '/root/Gazebo_WS/install/franka_moveit_config/bin'
[15.254s] Level 1:colcon.colcon_core.environment:checking '/root/Gazebo_WS/install/franka_moveit_config/lib/pkgconfig/franka_moveit_config.pc'
[15.254s] Level 1:colcon.colcon_core.environment:checking '/root/Gazebo_WS/install/franka_moveit_config/lib/python3.10/site-packages'
[15.254s] Level 1:colcon.colcon_core.environment:checking '/root/Gazebo_WS/install/franka_moveit_config/bin'
[15.255s] INFO:colcon.colcon_core.shell:Creating package script '/root/Gazebo_WS/install/franka_moveit_config/share/franka_moveit_config/package.ps1'
[15.255s] INFO:colcon.colcon_core.shell:Creating package descriptor '/root/Gazebo_WS/install/franka_moveit_config/share/franka_moveit_config/package.dsv'
[15.255s] INFO:colcon.colcon_core.shell:Creating package script '/root/Gazebo_WS/install/franka_moveit_config/share/franka_moveit_config/package.sh'
[15.255s] INFO:colcon.colcon_core.shell:Creating package script '/root/Gazebo_WS/install/franka_moveit_config/share/franka_moveit_config/package.bash'
[15.255s] INFO:colcon.colcon_core.shell:Creating package script '/root/Gazebo_WS/install/franka_moveit_config/share/franka_moveit_config/package.zsh'
[15.256s] Level 1:colcon.colcon_core.environment:create_file_with_runtime_dependencies(/root/Gazebo_WS/install/franka_moveit_config/share/colcon-core/packages/franka_moveit_config)
[72.522s] DEBUG:colcon.colcon_core.event_handler.log_command:Invoked command in '/root/Gazebo_WS/build/gazebo_practise' returned '0': CMAKE_PREFIX_PATH=/root/Gazebo_WS/install/franka_description:/root/Gazebo_WS/install/gazebo_practise:/root/Gazebo_WS/install/franka_moveit_config:/root/Gazebo_WS/install/Gazebo_Practise:/root/Moveit2_WS/install/pilz_industrial_motion_planner_testutils:/root/Moveit2_WS/install/panda_moveit_config:/root/Moveit2_WS/install/moveit_runtime:/root/Moveit2_WS/install/moveit2_tutorials:/root/Moveit2_WS/install/moveit:/root/Moveit2_WS/install/moveit_planners:/root/Moveit2_WS/install/pilz_industrial_motion_planner:/root/Moveit2_WS/install/hello_moveit:/root/Moveit2_WS/install/moveit_visual_tools:/root/Moveit2_WS/install/moveit_task_constructor_visualization:/root/Moveit2_WS/install/moveit_task_constructor_demo:/root/Moveit2_WS/install/moveit_task_constructor_capabilities:/root/Moveit2_WS/install/moveit_task_constructor_core:/root/Moveit2_WS/install/moveit_ros_control_interface:/root/Moveit2_WS/install/moveit_plugins:/root/Moveit2_WS/install/moveit_simple_controller_manager:/root/Moveit2_WS/install/moveit_setup_assistant:/root/Moveit2_WS/install/moveit_setup_srdf_plugins:/root/Moveit2_WS/install/moveit_setup_core_plugins:/root/Moveit2_WS/install/moveit_setup_controllers:/root/Moveit2_WS/install/moveit_setup_app_plugins:/root/Moveit2_WS/install/moveit_setup_framework:/root/Moveit2_WS/install/moveit_servo:/root/Moveit2_WS/install/moveit_ros:/root/Moveit2_WS/install/moveit_ros_visualization:/root/Moveit2_WS/install/moveit_hybrid_planning:/root/Moveit2_WS/install/moveit_ros_planning_interface:/root/Moveit2_WS/install/moveit_ros_benchmarks:/root/Moveit2_WS/install/moveit_ros_warehouse:/root/Moveit2_WS/install/moveit_ros_robot_interaction:/root/Moveit2_WS/install/moveit_ros_perception:/root/Moveit2_WS/install/moveit_resources_prbt_pg70_support:/root/Moveit2_WS/install/moveit_resources_prbt_moveit_config:/root/Moveit2_WS/install/moveit_ros_move_group:/root/Moveit2_WS/install/moveit_planners_ompl:/root/Moveit2_WS/install/moveit_ros_planning:/root/Moveit2_WS/install/moveit_ros_occupancy_map_monitor:/root/Moveit2_WS/install/moveit_resources_prbt_ikfast_manipulator_plugin:/root/Moveit2_WS/install/moveit_planners_chomp:/root/Moveit2_WS/install/moveit_kinematics:/root/Moveit2_WS/install/moveit_chomp_optimizer_adapter:/root/Moveit2_WS/install/chomp_motion_planner:/root/Moveit2_WS/install/moveit_core:/root/Moveit2_WS/install/srdfdom:/root/Moveit2_WS/install/rviz_marker_tools:/root/Moveit2_WS/install/rosparam_shortcuts:/root/Moveit2_WS/install/moveit_task_constructor_msgs:/root/Moveit2_WS/install/moveit_resources_prbt_support:/root/Moveit2_WS/install/moveit_resources:/root/Moveit2_WS/install/moveit_resources_pr2_description:/root/Moveit2_WS/install/moveit_resources_panda_moveit_config:/root/Moveit2_WS/install/moveit_resources_panda_description:/root/Moveit2_WS/install/moveit_resources_fanuc_moveit_config:/root/Moveit2_WS/install/moveit_resources_fanuc_description:/root/Moveit2_WS/install/moveit_common:/root/Moveit2_WS/install/moveit_configs_utils:/root/Moveit2_WS/install/launch_param_builder:/opt/ros/humble /usr/bin/cmake /root/Gazebo_WS/src/gazebo_practise -DCMAKE_INSTALL_PREFIX=/root/Gazebo_WS/install/gazebo_practise
[72.523s] DEBUG:colcon.colcon_core.event_handler.log_command:Invoking command in '/root/Gazebo_WS/build/gazebo_practise': CMAKE_PREFIX_PATH=/root/Gazebo_WS/install/franka_description:/root/Gazebo_WS/install/gazebo_practise:/root/Gazebo_WS/install/franka_moveit_config:/root/Gazebo_WS/install/Gazebo_Practise:/root/Moveit2_WS/install/pilz_industrial_motion_planner_testutils:/root/Moveit2_WS/install/panda_moveit_config:/root/Moveit2_WS/install/moveit_runtime:/root/Moveit2_WS/install/moveit2_tutorials:/root/Moveit2_WS/install/moveit:/root/Moveit2_WS/install/moveit_planners:/root/Moveit2_WS/install/pilz_industrial_motion_planner:/root/Moveit2_WS/install/hello_moveit:/root/Moveit2_WS/install/moveit_visual_tools:/root/Moveit2_WS/install/moveit_task_constructor_visualization:/root/Moveit2_WS/install/moveit_task_constructor_demo:/root/Moveit2_WS/install/moveit_task_constructor_capabilities:/root/Moveit2_WS/install/moveit_task_constructor_core:/root/Moveit2_WS/install/moveit_ros_control_interface:/root/Moveit2_WS/install/moveit_plugins:/root/Moveit2_WS/install/moveit_simple_controller_manager:/root/Moveit2_WS/install/moveit_setup_assistant:/root/Moveit2_WS/install/moveit_setup_srdf_plugins:/root/Moveit2_WS/install/moveit_setup_core_plugins:/root/Moveit2_WS/install/moveit_setup_controllers:/root/Moveit2_WS/install/moveit_setup_app_plugins:/root/Moveit2_WS/install/moveit_setup_framework:/root/Moveit2_WS/install/moveit_servo:/root/Moveit2_WS/install/moveit_ros:/root/Moveit2_WS/install/moveit_ros_visualization:/root/Moveit2_WS/install/moveit_hybrid_planning:/root/Moveit2_WS/install/moveit_ros_planning_interface:/root/Moveit2_WS/install/moveit_ros_benchmarks:/root/Moveit2_WS/install/moveit_ros_warehouse:/root/Moveit2_WS/install/moveit_ros_robot_interaction:/root/Moveit2_WS/install/moveit_ros_perception:/root/Moveit2_WS/install/moveit_resources_prbt_pg70_support:/root/Moveit2_WS/install/moveit_resources_prbt_moveit_config:/root/Moveit2_WS/install/moveit_ros_move_group:/root/Moveit2_WS/install/moveit_planners_ompl:/root/Moveit2_WS/install/moveit_ros_planning:/root/Moveit2_WS/install/moveit_ros_occupancy_map_monitor:/root/Moveit2_WS/install/moveit_resources_prbt_ikfast_manipulator_plugin:/root/Moveit2_WS/install/moveit_planners_chomp:/root/Moveit2_WS/install/moveit_kinematics:/root/Moveit2_WS/install/moveit_chomp_optimizer_adapter:/root/Moveit2_WS/install/chomp_motion_planner:/root/Moveit2_WS/install/moveit_core:/root/Moveit2_WS/install/srdfdom:/root/Moveit2_WS/install/rviz_marker_tools:/root/Moveit2_WS/install/rosparam_shortcuts:/root/Moveit2_WS/install/moveit_task_constructor_msgs:/root/Moveit2_WS/install/moveit_resources_prbt_support:/root/Moveit2_WS/install/moveit_resources:/root/Moveit2_WS/install/moveit_resources_pr2_description:/root/Moveit2_WS/install/moveit_resources_panda_moveit_config:/root/Moveit2_WS/install/moveit_resources_panda_description:/root/Moveit2_WS/install/moveit_resources_fanuc_moveit_config:/root/Moveit2_WS/install/moveit_resources_fanuc_description:/root/Moveit2_WS/install/moveit_common:/root/Moveit2_WS/install/moveit_configs_utils:/root/Moveit2_WS/install/launch_param_builder:/opt/ros/humble /usr/bin/cmake --build /root/Gazebo_WS/build/gazebo_practise -- -j20 -l20
[77.322s] DEBUG:colcon.colcon_core.event_handler.log_command:Invoked command in '/root/Gazebo_WS/build/gazebo_practise' returned '0': CMAKE_PREFIX_PATH=/root/Gazebo_WS/install/franka_description:/root/Gazebo_WS/install/gazebo_practise:/root/Gazebo_WS/install/franka_moveit_config:/root/Gazebo_WS/install/Gazebo_Practise:/root/Moveit2_WS/install/pilz_industrial_motion_planner_testutils:/root/Moveit2_WS/install/panda_moveit_config:/root/Moveit2_WS/install/moveit_runtime:/root/Moveit2_WS/install/moveit2_tutorials:/root/Moveit2_WS/install/moveit:/root/Moveit2_WS/install/moveit_planners:/root/Moveit2_WS/install/pilz_industrial_motion_planner:/root/Moveit2_WS/install/hello_moveit:/root/Moveit2_WS/install/moveit_visual_tools:/root/Moveit2_WS/install/moveit_task_constructor_visualization:/root/Moveit2_WS/install/moveit_task_constructor_demo:/root/Moveit2_WS/install/moveit_task_constructor_capabilities:/root/Moveit2_WS/install/moveit_task_constructor_core:/root/Moveit2_WS/install/moveit_ros_control_interface:/root/Moveit2_WS/install/moveit_plugins:/root/Moveit2_WS/install/moveit_simple_controller_manager:/root/Moveit2_WS/install/moveit_setup_assistant:/root/Moveit2_WS/install/moveit_setup_srdf_plugins:/root/Moveit2_WS/install/moveit_setup_core_plugins:/root/Moveit2_WS/install/moveit_setup_controllers:/root/Moveit2_WS/install/moveit_setup_app_plugins:/root/Moveit2_WS/install/moveit_setup_framework:/root/Moveit2_WS/install/moveit_servo:/root/Moveit2_WS/install/moveit_ros:/root/Moveit2_WS/install/moveit_ros_visualization:/root/Moveit2_WS/install/moveit_hybrid_planning:/root/Moveit2_WS/install/moveit_ros_planning_interface:/root/Moveit2_WS/install/moveit_ros_benchmarks:/root/Moveit2_WS/install/moveit_ros_warehouse:/root/Moveit2_WS/install/moveit_ros_robot_interaction:/root/Moveit2_WS/install/moveit_ros_perception:/root/Moveit2_WS/install/moveit_resources_prbt_pg70_support:/root/Moveit2_WS/install/moveit_resources_prbt_moveit_config:/root/Moveit2_WS/install/moveit_ros_move_group:/root/Moveit2_WS/install/moveit_planners_ompl:/root/Moveit2_WS/install/moveit_ros_planning:/root/Moveit2_WS/install/moveit_ros_occupancy_map_monitor:/root/Moveit2_WS/install/moveit_resources_prbt_ikfast_manipulator_plugin:/root/Moveit2_WS/install/moveit_planners_chomp:/root/Moveit2_WS/install/moveit_kinematics:/root/Moveit2_WS/install/moveit_chomp_optimizer_adapter:/root/Moveit2_WS/install/chomp_motion_planner:/root/Moveit2_WS/install/moveit_core:/root/Moveit2_WS/install/srdfdom:/root/Moveit2_WS/install/rviz_marker_tools:/root/Moveit2_WS/install/rosparam_shortcuts:/root/Moveit2_WS/install/moveit_task_constructor_msgs:/root/Moveit2_WS/install/moveit_resources_prbt_support:/root/Moveit2_WS/install/moveit_resources:/root/Moveit2_WS/install/moveit_resources_pr2_description:/root/Moveit2_WS/install/moveit_resources_panda_moveit_config:/root/Moveit2_WS/install/moveit_resources_panda_description:/root/Moveit2_WS/install/moveit_resources_fanuc_moveit_config:/root/Moveit2_WS/install/moveit_resources_fanuc_description:/root/Moveit2_WS/install/moveit_common:/root/Moveit2_WS/install/moveit_configs_utils:/root/Moveit2_WS/install/launch_param_builder:/opt/ros/humble /usr/bin/cmake --build /root/Gazebo_WS/build/gazebo_practise -- -j20 -l20
[77.324s] DEBUG:colcon.colcon_core.event_handler.log_command:Invoking command in '/root/Gazebo_WS/build/gazebo_practise': CMAKE_PREFIX_PATH=/root/Gazebo_WS/install/franka_description:/root/Gazebo_WS/install/gazebo_practise:/root/Gazebo_WS/install/franka_moveit_config:/root/Gazebo_WS/install/Gazebo_Practise:/root/Moveit2_WS/install/pilz_industrial_motion_planner_testutils:/root/Moveit2_WS/install/panda_moveit_config:/root/Moveit2_WS/install/moveit_runtime:/root/Moveit2_WS/install/moveit2_tutorials:/root/Moveit2_WS/install/moveit:/root/Moveit2_WS/install/moveit_planners:/root/Moveit2_WS/install/pilz_industrial_motion_planner:/root/Moveit2_WS/install/hello_moveit:/root/Moveit2_WS/install/moveit_visual_tools:/root/Moveit2_WS/install/moveit_task_constructor_visualization:/root/Moveit2_WS/install/moveit_task_constructor_demo:/root/Moveit2_WS/install/moveit_task_constructor_capabilities:/root/Moveit2_WS/install/moveit_task_constructor_core:/root/Moveit2_WS/install/moveit_ros_control_interface:/root/Moveit2_WS/install/moveit_plugins:/root/Moveit2_WS/install/moveit_simple_controller_manager:/root/Moveit2_WS/install/moveit_setup_assistant:/root/Moveit2_WS/install/moveit_setup_srdf_plugins:/root/Moveit2_WS/install/moveit_setup_core_plugins:/root/Moveit2_WS/install/moveit_setup_controllers:/root/Moveit2_WS/install/moveit_setup_app_plugins:/root/Moveit2_WS/install/moveit_setup_framework:/root/Moveit2_WS/install/moveit_servo:/root/Moveit2_WS/install/moveit_ros:/root/Moveit2_WS/install/moveit_ros_visualization:/root/Moveit2_WS/install/moveit_hybrid_planning:/root/Moveit2_WS/install/moveit_ros_planning_interface:/root/Moveit2_WS/install/moveit_ros_benchmarks:/root/Moveit2_WS/install/moveit_ros_warehouse:/root/Moveit2_WS/install/moveit_ros_robot_interaction:/root/Moveit2_WS/install/moveit_ros_perception:/root/Moveit2_WS/install/moveit_resources_prbt_pg70_support:/root/Moveit2_WS/install/moveit_resources_prbt_moveit_config:/root/Moveit2_WS/install/moveit_ros_move_group:/root/Moveit2_WS/install/moveit_planners_ompl:/root/Moveit2_WS/install/moveit_ros_planning:/root/Moveit2_WS/install/moveit_ros_occupancy_map_monitor:/root/Moveit2_WS/install/moveit_resources_prbt_ikfast_manipulator_plugin:/root/Moveit2_WS/install/moveit_planners_chomp:/root/Moveit2_WS/install/moveit_kinematics:/root/Moveit2_WS/install/moveit_chomp_optimizer_adapter:/root/Moveit2_WS/install/chomp_motion_planner:/root/Moveit2_WS/install/moveit_core:/root/Moveit2_WS/install/srdfdom:/root/Moveit2_WS/install/rviz_marker_tools:/root/Moveit2_WS/install/rosparam_shortcuts:/root/Moveit2_WS/install/moveit_task_constructor_msgs:/root/Moveit2_WS/install/moveit_resources_prbt_support:/root/Moveit2_WS/install/moveit_resources:/root/Moveit2_WS/install/moveit_resources_pr2_description:/root/Moveit2_WS/install/moveit_resources_panda_moveit_config:/root/Moveit2_WS/install/moveit_resources_panda_description:/root/Moveit2_WS/install/moveit_resources_fanuc_moveit_config:/root/Moveit2_WS/install/moveit_resources_fanuc_description:/root/Moveit2_WS/install/moveit_common:/root/Moveit2_WS/install/moveit_configs_utils:/root/Moveit2_WS/install/launch_param_builder:/opt/ros/humble /usr/bin/cmake --install /root/Gazebo_WS/build/gazebo_practise
[77.339s] Level 1:colcon.colcon_core.environment:create_environment_scripts_only(gazebo_practise)
[77.339s] Level 1:colcon.colcon_core.environment:checking '/root/Gazebo_WS/install/gazebo_practise' for CMake module files
[77.339s] DEBUG:colcon.colcon_core.event_handler.log_command:Invoked command in '/root/Gazebo_WS/build/gazebo_practise' returned '0': CMAKE_PREFIX_PATH=/root/Gazebo_WS/install/franka_description:/root/Gazebo_WS/install/gazebo_practise:/root/Gazebo_WS/install/franka_moveit_config:/root/Gazebo_WS/install/Gazebo_Practise:/root/Moveit2_WS/install/pilz_industrial_motion_planner_testutils:/root/Moveit2_WS/install/panda_moveit_config:/root/Moveit2_WS/install/moveit_runtime:/root/Moveit2_WS/install/moveit2_tutorials:/root/Moveit2_WS/install/moveit:/root/Moveit2_WS/install/moveit_planners:/root/Moveit2_WS/install/pilz_industrial_motion_planner:/root/Moveit2_WS/install/hello_moveit:/root/Moveit2_WS/install/moveit_visual_tools:/root/Moveit2_WS/install/moveit_task_constructor_visualization:/root/Moveit2_WS/install/moveit_task_constructor_demo:/root/Moveit2_WS/install/moveit_task_constructor_capabilities:/root/Moveit2_WS/install/moveit_task_constructor_core:/root/Moveit2_WS/install/moveit_ros_control_interface:/root/Moveit2_WS/install/moveit_plugins:/root/Moveit2_WS/install/moveit_simple_controller_manager:/root/Moveit2_WS/install/moveit_setup_assistant:/root/Moveit2_WS/install/moveit_setup_srdf_plugins:/root/Moveit2_WS/install/moveit_setup_core_plugins:/root/Moveit2_WS/install/moveit_setup_controllers:/root/Moveit2_WS/install/moveit_setup_app_plugins:/root/Moveit2_WS/install/moveit_setup_framework:/root/Moveit2_WS/install/moveit_servo:/root/Moveit2_WS/install/moveit_ros:/root/Moveit2_WS/install/moveit_ros_visualization:/root/Moveit2_WS/install/moveit_hybrid_planning:/root/Moveit2_WS/install/moveit_ros_planning_interface:/root/Moveit2_WS/install/moveit_ros_benchmarks:/root/Moveit2_WS/install/moveit_ros_warehouse:/root/Moveit2_WS/install/moveit_ros_robot_interaction:/root/Moveit2_WS/install/moveit_ros_perception:/root/Moveit2_WS/install/moveit_resources_prbt_pg70_support:/root/Moveit2_WS/install/moveit_resources_prbt_moveit_config:/root/Moveit2_WS/install/moveit_ros_move_group:/root/Moveit2_WS/install/moveit_planners_ompl:/root/Moveit2_WS/install/moveit_ros_planning:/root/Moveit2_WS/install/moveit_ros_occupancy_map_monitor:/root/Moveit2_WS/install/moveit_resources_prbt_ikfast_manipulator_plugin:/root/Moveit2_WS/install/moveit_planners_chomp:/root/Moveit2_WS/install/moveit_kinematics:/root/Moveit2_WS/install/moveit_chomp_optimizer_adapter:/root/Moveit2_WS/install/chomp_motion_planner:/root/Moveit2_WS/install/moveit_core:/root/Moveit2_WS/install/srdfdom:/root/Moveit2_WS/install/rviz_marker_tools:/root/Moveit2_WS/install/rosparam_shortcuts:/root/Moveit2_WS/install/moveit_task_constructor_msgs:/root/Moveit2_WS/install/moveit_resources_prbt_support:/root/Moveit2_WS/install/moveit_resources:/root/Moveit2_WS/install/moveit_resources_pr2_description:/root/Moveit2_WS/install/moveit_resources_panda_moveit_config:/root/Moveit2_WS/install/moveit_resources_panda_description:/root/Moveit2_WS/install/moveit_resources_fanuc_moveit_config:/root/Moveit2_WS/install/moveit_resources_fanuc_description:/root/Moveit2_WS/install/moveit_common:/root/Moveit2_WS/install/moveit_configs_utils:/root/Moveit2_WS/install/launch_param_builder:/opt/ros/humble /usr/bin/cmake --install /root/Gazebo_WS/build/gazebo_practise
[77.340s] Level 1:colcon.colcon_core.environment:checking '/root/Gazebo_WS/install/gazebo_practise' for CMake config files
[77.340s] Level 1:colcon.colcon_core.shell:create_environment_hook('gazebo_practise', 'cmake_prefix_path')
[77.340s] INFO:colcon.colcon_core.shell:Creating environment hook '/root/Gazebo_WS/install/gazebo_practise/share/gazebo_practise/hook/cmake_prefix_path.ps1'
[77.341s] INFO:colcon.colcon_core.shell:Creating environment descriptor '/root/Gazebo_WS/install/gazebo_practise/share/gazebo_practise/hook/cmake_prefix_path.dsv'
[77.341s] INFO:colcon.colcon_core.shell:Creating environment hook '/root/Gazebo_WS/install/gazebo_practise/share/gazebo_practise/hook/cmake_prefix_path.sh'
[77.342s] Level 1:colcon.colcon_core.environment:checking '/root/Gazebo_WS/install/gazebo_practise/lib'
[77.342s] Level 1:colcon.colcon_core.environment:checking '/root/Gazebo_WS/install/gazebo_practise/bin'
[77.342s] Level 1:colcon.colcon_core.environment:checking '/root/Gazebo_WS/install/gazebo_practise/lib/pkgconfig/gazebo_practise.pc'
[77.342s] Level 1:colcon.colcon_core.environment:checking '/root/Gazebo_WS/install/gazebo_practise/lib/python3.10/site-packages'
[77.343s] Level 1:colcon.colcon_core.environment:checking '/root/Gazebo_WS/install/gazebo_practise/bin'
[77.343s] INFO:colcon.colcon_core.shell:Creating package script '/root/Gazebo_WS/install/gazebo_practise/share/gazebo_practise/package.ps1'
[77.344s] INFO:colcon.colcon_core.shell:Creating package descriptor '/root/Gazebo_WS/install/gazebo_practise/share/gazebo_practise/package.dsv'
[77.344s] INFO:colcon.colcon_core.shell:Creating package script '/root/Gazebo_WS/install/gazebo_practise/share/gazebo_practise/package.sh'
[77.345s] INFO:colcon.colcon_core.shell:Creating package script '/root/Gazebo_WS/install/gazebo_practise/share/gazebo_practise/package.bash'
[77.345s] INFO:colcon.colcon_core.shell:Creating package script '/root/Gazebo_WS/install/gazebo_practise/share/gazebo_practise/package.zsh'
[77.345s] Level 1:colcon.colcon_core.environment:create_file_with_runtime_dependencies(/root/Gazebo_WS/install/gazebo_practise/share/colcon-core/packages/gazebo_practise)
[77.346s] Level 1:colcon.colcon_core.environment:create_environment_scripts_only(gazebo_practise)
[77.346s] Level 1:colcon.colcon_core.environment:checking '/root/Gazebo_WS/install/gazebo_practise' for CMake module files
[77.347s] Level 1:colcon.colcon_core.environment:checking '/root/Gazebo_WS/install/gazebo_practise' for CMake config files
[77.347s] Level 1:colcon.colcon_core.shell:create_environment_hook('gazebo_practise', 'cmake_prefix_path')
[77.347s] INFO:colcon.colcon_core.shell:Creating environment hook '/root/Gazebo_WS/install/gazebo_practise/share/gazebo_practise/hook/cmake_prefix_path.ps1'
[77.347s] INFO:colcon.colcon_core.shell:Creating environment descriptor '/root/Gazebo_WS/install/gazebo_practise/share/gazebo_practise/hook/cmake_prefix_path.dsv'
[77.347s] INFO:colcon.colcon_core.shell:Creating environment hook '/root/Gazebo_WS/install/gazebo_practise/share/gazebo_practise/hook/cmake_prefix_path.sh'
[77.348s] Level 1:colcon.colcon_core.environment:checking '/root/Gazebo_WS/install/gazebo_practise/lib'
[77.348s] Level 1:colcon.colcon_core.environment:checking '/root/Gazebo_WS/install/gazebo_practise/bin'
[77.348s] Level 1:colcon.colcon_core.environment:checking '/root/Gazebo_WS/install/gazebo_practise/lib/pkgconfig/gazebo_practise.pc'
[77.348s] Level 1:colcon.colcon_core.environment:checking '/root/Gazebo_WS/install/gazebo_practise/lib/python3.10/site-packages'
[77.348s] Level 1:colcon.colcon_core.environment:checking '/root/Gazebo_WS/install/gazebo_practise/bin'
[77.348s] INFO:colcon.colcon_core.shell:Creating package script '/root/Gazebo_WS/install/gazebo_practise/share/gazebo_practise/package.ps1'
[77.349s] INFO:colcon.colcon_core.shell:Creating package descriptor '/root/Gazebo_WS/install/gazebo_practise/share/gazebo_practise/package.dsv'
[77.349s] INFO:colcon.colcon_core.shell:Creating package script '/root/Gazebo_WS/install/gazebo_practise/share/gazebo_practise/package.sh'
[77.350s] INFO:colcon.colcon_core.shell:Creating package script '/root/Gazebo_WS/install/gazebo_practise/share/gazebo_practise/package.bash'
[77.350s] INFO:colcon.colcon_core.shell:Creating package script '/root/Gazebo_WS/install/gazebo_practise/share/gazebo_practise/package.zsh'
[77.350s] Level 1:colcon.colcon_core.environment:create_file_with_runtime_dependencies(/root/Gazebo_WS/install/gazebo_practise/share/colcon-core/packages/gazebo_practise)
[77.350s] DEBUG:colcon.colcon_parallel_executor.executor.parallel:closing loop
[77.351s] DEBUG:colcon.colcon_parallel_executor.executor.parallel:loop closed
[77.351s] DEBUG:colcon.colcon_parallel_executor.executor.parallel:run_until_complete finished with '0'
[77.351s] DEBUG:colcon.colcon_core.event_reactor:joining thread
[77.485s] INFO:colcon.colcon_core.plugin_system:Skipping extension 'colcon_notification.desktop_notification.notify_send': Could not find 'notify-send'
[77.485s] INFO:colcon.colcon_core.plugin_system:Skipping extension 'colcon_notification.desktop_notification.terminal_notifier': Not used on non-Darwin systems
[77.485s] INFO:colcon.colcon_core.plugin_system:Skipping extension 'colcon_notification.desktop_notification.win32': Not used on non-Windows systems
[77.485s] INFO:colcon.colcon_notification.desktop_notification:Sending desktop notification using 'notify2'
[77.485s] DEBUG:colcon.colcon_notification.desktop_notification.notify2:Failed to initialize notify2: org.freedesktop.DBus.Error.FileNotFound: Failed to connect to socket /run/user/0/bus: No such file or directory
[77.485s] DEBUG:colcon.colcon_core.event_reactor:joined thread
[77.486s] INFO:colcon.colcon_core.shell:Creating prefix script '/root/Gazebo_WS/install/local_setup.ps1'
[77.486s] INFO:colcon.colcon_core.shell:Creating prefix util module '/root/Gazebo_WS/install/_local_setup_util_ps1.py'
[77.487s] INFO:colcon.colcon_core.shell:Creating prefix chain script '/root/Gazebo_WS/install/setup.ps1'
[77.489s] INFO:colcon.colcon_core.shell:Creating prefix script '/root/Gazebo_WS/install/local_setup.sh'
[77.490s] INFO:colcon.colcon_core.shell:Creating prefix util module '/root/Gazebo_WS/install/_local_setup_util_sh.py'
[77.490s] INFO:colcon.colcon_core.shell:Creating prefix chain script '/root/Gazebo_WS/install/setup.sh'
[77.492s] INFO:colcon.colcon_core.shell:Creating prefix script '/root/Gazebo_WS/install/local_setup.bash'
[77.492s] INFO:colcon.colcon_core.shell:Creating prefix chain script '/root/Gazebo_WS/install/setup.bash'
[77.494s] INFO:colcon.colcon_core.shell:Creating prefix script '/root/Gazebo_WS/install/local_setup.zsh'
[77.494s] INFO:colcon.colcon_core.shell:Creating prefix chain script '/root/Gazebo_WS/install/setup.zsh'
