[0.434s] DEBUG:colcon:Command line arguments: ['/usr/bin/colcon', 'build']
[0.434s] DEBUG:colcon:Parsed command line arguments: Namespace(log_base=None, log_level=None, verb_name='build', build_base='build', install_base='install', merge_install=False, symlink_install=False, test_result_base=None, continue_on_error=False, executor='parallel', parallel_workers=20, event_handlers=None, ignore_user_meta=False, metas=['./colcon.meta'], base_paths=['.'], packages_ignore=None, packages_ignore_regex=None, paths=None, packages_up_to=None, packages_up_to_regex=None, packages_above=None, packages_above_and_dependencies=None, packages_above_depth=None, packages_select_by_dep=None, packages_skip_by_dep=None, packages_skip_up_to=None, packages_select_build_failed=False, packages_skip_build_finished=False, packages_select_test_failures=False, packages_skip_test_passed=False, packages_select=None, packages_skip=None, packages_select_regex=None, packages_skip_regex=None, packages_start=None, packages_end=None, allow_overriding=[], cmake_args=None, cmake_target=None, cmake_target_skip_unavailable=False, cmake_clean_cache=False, cmake_clean_first=False, cmake_force_configure=False, ament_cmake_args=None, catkin_cmake_args=None, catkin_skip_building_tests=False, mixin_files=None, mixin=None, verb_parser=<colcon_mixin.mixin.mixin_argument.MixinArgumentDecorator object at 0x7f2e2a562920>, verb_extension=<colcon_core.verb.build.BuildVerb object at 0x7f2e2a5623b0>, main=<bound method BuildVerb.main of <colcon_core.verb.build.BuildVerb object at 0x7f2e2a5623b0>>, mixin_verb=('build',))
[0.619s] Level 1:colcon.colcon_core.package_discovery:discover_packages(colcon_meta) check parameters
[0.619s] Level 1:colcon.colcon_core.package_discovery:discover_packages(recursive) check parameters
[0.619s] Level 1:colcon.colcon_core.package_discovery:discover_packages(ignore) check parameters
[0.619s] Level 1:colcon.colcon_core.package_discovery:discover_packages(path) check parameters
[0.619s] Level 1:colcon.colcon_core.package_discovery:discover_packages(colcon_meta) discover
[0.619s] Level 1:colcon.colcon_core.package_discovery:discover_packages(recursive) discover
[0.619s] INFO:colcon.colcon_core.package_discovery:Crawling recursively for packages in '/root/Gazebo_WS'
[0.619s] Level 1:colcon.colcon_core.package_identification:_identify(.) by extensions ['ignore', 'ignore_ament_install']
[0.619s] Level 1:colcon.colcon_core.package_identification:_identify(.) by extension 'ignore'
[0.619s] Level 1:colcon.colcon_core.package_identification:_identify(.) by extension 'ignore_ament_install'
[0.619s] Level 1:colcon.colcon_core.package_identification:_identify(.) by extensions ['colcon_pkg']
[0.619s] Level 1:colcon.colcon_core.package_identification:_identify(.) by extension 'colcon_pkg'
[0.619s] Level 1:colcon.colcon_core.package_identification:_identify(.) by extensions ['colcon_meta']
[0.619s] Level 1:colcon.colcon_core.package_identification:_identify(.) by extension 'colcon_meta'
[0.619s] Level 1:colcon.colcon_core.package_identification:_identify(.) by extensions ['ros']
[0.619s] Level 1:colcon.colcon_core.package_identification:_identify(.) by extension 'ros'
[0.629s] Level 1:colcon.colcon_core.package_identification:_identify(.) by extensions ['cmake', 'python']
[0.629s] Level 1:colcon.colcon_core.package_identification:_identify(.) by extension 'cmake'
[0.629s] Level 1:colcon.colcon_core.package_identification:_identify(.) by extension 'python'
[0.629s] Level 1:colcon.colcon_core.package_identification:_identify(.) by extensions ['python_setup_py']
[0.629s] Level 1:colcon.colcon_core.package_identification:_identify(.) by extension 'python_setup_py'
[0.630s] Level 1:colcon.colcon_core.package_identification:_identify(build) by extensions ['ignore', 'ignore_ament_install']
[0.630s] Level 1:colcon.colcon_core.package_identification:_identify(build) by extension 'ignore'
[0.630s] Level 1:colcon.colcon_core.package_identification:_identify(build) ignored
[0.630s] Level 1:colcon.colcon_core.package_identification:_identify(install) by extensions ['ignore', 'ignore_ament_install']
[0.630s] Level 1:colcon.colcon_core.package_identification:_identify(install) by extension 'ignore'
[0.630s] Level 1:colcon.colcon_core.package_identification:_identify(install) ignored
[0.630s] Level 1:colcon.colcon_core.package_identification:_identify(log) by extensions ['ignore', 'ignore_ament_install']
[0.630s] Level 1:colcon.colcon_core.package_identification:_identify(log) by extension 'ignore'
[0.630s] Level 1:colcon.colcon_core.package_identification:_identify(log) ignored
[0.630s] Level 1:colcon.colcon_core.package_identification:_identify(src) by extensions ['ignore', 'ignore_ament_install']
[0.630s] Level 1:colcon.colcon_core.package_identification:_identify(src) by extension 'ignore'
[0.630s] Level 1:colcon.colcon_core.package_identification:_identify(src) by extension 'ignore_ament_install'
[0.630s] Level 1:colcon.colcon_core.package_identification:_identify(src) by extensions ['colcon_pkg']
[0.630s] Level 1:colcon.colcon_core.package_identification:_identify(src) by extension 'colcon_pkg'
[0.630s] Level 1:colcon.colcon_core.package_identification:_identify(src) by extensions ['colcon_meta']
[0.630s] Level 1:colcon.colcon_core.package_identification:_identify(src) by extension 'colcon_meta'
[0.630s] Level 1:colcon.colcon_core.package_identification:_identify(src) by extensions ['ros']
[0.630s] Level 1:colcon.colcon_core.package_identification:_identify(src) by extension 'ros'
[0.630s] Level 1:colcon.colcon_core.package_identification:_identify(src) by extensions ['cmake', 'python']
[0.630s] Level 1:colcon.colcon_core.package_identification:_identify(src) by extension 'cmake'
[0.630s] Level 1:colcon.colcon_core.package_identification:_identify(src) by extension 'python'
[0.630s] Level 1:colcon.colcon_core.package_identification:_identify(src) by extensions ['python_setup_py']
[0.631s] Level 1:colcon.colcon_core.package_identification:_identify(src) by extension 'python_setup_py'
[0.631s] Level 1:colcon.colcon_core.package_identification:_identify(src/franka_description) by extensions ['ignore', 'ignore_ament_install']
[0.631s] Level 1:colcon.colcon_core.package_identification:_identify(src/franka_description) by extension 'ignore'
[0.631s] Level 1:colcon.colcon_core.package_identification:_identify(src/franka_description) by extension 'ignore_ament_install'
[0.631s] Level 1:colcon.colcon_core.package_identification:_identify(src/franka_description) by extensions ['colcon_pkg']
[0.631s] Level 1:colcon.colcon_core.package_identification:_identify(src/franka_description) by extension 'colcon_pkg'
[0.631s] Level 1:colcon.colcon_core.package_identification:_identify(src/franka_description) by extensions ['colcon_meta']
[0.631s] Level 1:colcon.colcon_core.package_identification:_identify(src/franka_description) by extension 'colcon_meta'
[0.631s] Level 1:colcon.colcon_core.package_identification:_identify(src/franka_description) by extensions ['ros']
[0.631s] Level 1:colcon.colcon_core.package_identification:_identify(src/franka_description) by extension 'ros'
[0.633s] DEBUG:colcon.colcon_core.package_identification:Package 'src/franka_description' with type 'ros.ament_cmake' and name 'franka_description'
[0.634s] Level 1:colcon.colcon_core.package_identification:_identify(src/franka_moveit_config) by extensions ['ignore', 'ignore_ament_install']
[0.634s] Level 1:colcon.colcon_core.package_identification:_identify(src/franka_moveit_config) by extension 'ignore'
[0.634s] Level 1:colcon.colcon_core.package_identification:_identify(src/franka_moveit_config) by extension 'ignore_ament_install'
[0.634s] Level 1:colcon.colcon_core.package_identification:_identify(src/franka_moveit_config) by extensions ['colcon_pkg']
[0.634s] Level 1:colcon.colcon_core.package_identification:_identify(src/franka_moveit_config) by extension 'colcon_pkg'
[0.634s] Level 1:colcon.colcon_core.package_identification:_identify(src/franka_moveit_config) by extensions ['colcon_meta']
[0.634s] Level 1:colcon.colcon_core.package_identification:_identify(src/franka_moveit_config) by extension 'colcon_meta'
[0.634s] Level 1:colcon.colcon_core.package_identification:_identify(src/franka_moveit_config) by extensions ['ros']
[0.634s] Level 1:colcon.colcon_core.package_identification:_identify(src/franka_moveit_config) by extension 'ros'
[0.635s] DEBUG:colcon.colcon_core.package_identification:Package 'src/franka_moveit_config' with type 'ros.ament_cmake' and name 'franka_moveit_config'
[0.635s] Level 1:colcon.colcon_core.package_identification:_identify(src/gazebo_practise) by extensions ['ignore', 'ignore_ament_install']
[0.635s] Level 1:colcon.colcon_core.package_identification:_identify(src/gazebo_practise) by extension 'ignore'
[0.635s] Level 1:colcon.colcon_core.package_identification:_identify(src/gazebo_practise) by extension 'ignore_ament_install'
[0.635s] Level 1:colcon.colcon_core.package_identification:_identify(src/gazebo_practise) by extensions ['colcon_pkg']
[0.635s] Level 1:colcon.colcon_core.package_identification:_identify(src/gazebo_practise) by extension 'colcon_pkg'
[0.635s] Level 1:colcon.colcon_core.package_identification:_identify(src/gazebo_practise) by extensions ['colcon_meta']
[0.635s] Level 1:colcon.colcon_core.package_identification:_identify(src/gazebo_practise) by extension 'colcon_meta'
[0.635s] Level 1:colcon.colcon_core.package_identification:_identify(src/gazebo_practise) by extensions ['ros']
[0.635s] Level 1:colcon.colcon_core.package_identification:_identify(src/gazebo_practise) by extension 'ros'
[0.636s] DEBUG:colcon.colcon_core.package_identification:Package 'src/gazebo_practise' with type 'ros.ament_cmake' and name 'gazebo_practise'
[0.636s] Level 1:colcon.colcon_core.package_discovery:discover_packages(recursive) using defaults
[0.636s] Level 1:colcon.colcon_core.package_discovery:discover_packages(ignore) discover
[0.636s] Level 1:colcon.colcon_core.package_discovery:discover_packages(ignore) using defaults
[0.636s] Level 1:colcon.colcon_core.package_discovery:discover_packages(path) discover
[0.636s] Level 1:colcon.colcon_core.package_discovery:discover_packages(path) using defaults
[0.666s] Level 1:colcon.colcon_core.package_discovery:discover_packages(prefix_path) check parameters
[0.666s] Level 1:colcon.colcon_core.package_discovery:discover_packages(prefix_path) discover
[0.671s] DEBUG:colcon.colcon_installed_package_information.package_discovery:Found 398 installed packages in /opt/ros/humble
[0.672s] Level 1:colcon.colcon_core.package_discovery:discover_packages(prefix_path) using defaults
[0.762s] Level 5:colcon.colcon_core.verb:set package 'franka_description' build argument 'cmake_args' from command line to 'None'
[0.762s] Level 5:colcon.colcon_core.verb:set package 'franka_description' build argument 'cmake_target' from command line to 'None'
[0.762s] Level 5:colcon.colcon_core.verb:set package 'franka_description' build argument 'cmake_target_skip_unavailable' from command line to 'False'
[0.762s] Level 5:colcon.colcon_core.verb:set package 'franka_description' build argument 'cmake_clean_cache' from command line to 'False'
[0.762s] Level 5:colcon.colcon_core.verb:set package 'franka_description' build argument 'cmake_clean_first' from command line to 'False'
[0.762s] Level 5:colcon.colcon_core.verb:set package 'franka_description' build argument 'cmake_force_configure' from command line to 'False'
[0.762s] Level 5:colcon.colcon_core.verb:set package 'franka_description' build argument 'ament_cmake_args' from command line to 'None'
[0.762s] Level 5:colcon.colcon_core.verb:set package 'franka_description' build argument 'catkin_cmake_args' from command line to 'None'
[0.762s] Level 5:colcon.colcon_core.verb:set package 'franka_description' build argument 'catkin_skip_building_tests' from command line to 'False'
[0.762s] DEBUG:colcon.colcon_core.verb:Building package 'franka_description' with the following arguments: {'ament_cmake_args': None, 'build_base': '/root/Gazebo_WS/build/franka_description', 'catkin_cmake_args': None, 'catkin_skip_building_tests': False, 'cmake_args': None, 'cmake_clean_cache': False, 'cmake_clean_first': False, 'cmake_force_configure': False, 'cmake_target': None, 'cmake_target_skip_unavailable': False, 'install_base': '/root/Gazebo_WS/install/franka_description', 'merge_install': False, 'path': '/root/Gazebo_WS/src/franka_description', 'symlink_install': False, 'test_result_base': None}
[0.762s] Level 5:colcon.colcon_core.verb:set package 'franka_moveit_config' build argument 'cmake_args' from command line to 'None'
[0.762s] Level 5:colcon.colcon_core.verb:set package 'franka_moveit_config' build argument 'cmake_target' from command line to 'None'
[0.762s] Level 5:colcon.colcon_core.verb:set package 'franka_moveit_config' build argument 'cmake_target_skip_unavailable' from command line to 'False'
[0.762s] Level 5:colcon.colcon_core.verb:set package 'franka_moveit_config' build argument 'cmake_clean_cache' from command line to 'False'
[0.762s] Level 5:colcon.colcon_core.verb:set package 'franka_moveit_config' build argument 'cmake_clean_first' from command line to 'False'
[0.762s] Level 5:colcon.colcon_core.verb:set package 'franka_moveit_config' build argument 'cmake_force_configure' from command line to 'False'
[0.762s] Level 5:colcon.colcon_core.verb:set package 'franka_moveit_config' build argument 'ament_cmake_args' from command line to 'None'
[0.762s] Level 5:colcon.colcon_core.verb:set package 'franka_moveit_config' build argument 'catkin_cmake_args' from command line to 'None'
[0.762s] Level 5:colcon.colcon_core.verb:set package 'franka_moveit_config' build argument 'catkin_skip_building_tests' from command line to 'False'
[0.762s] DEBUG:colcon.colcon_core.verb:Building package 'franka_moveit_config' with the following arguments: {'ament_cmake_args': None, 'build_base': '/root/Gazebo_WS/build/franka_moveit_config', 'catkin_cmake_args': None, 'catkin_skip_building_tests': False, 'cmake_args': None, 'cmake_clean_cache': False, 'cmake_clean_first': False, 'cmake_force_configure': False, 'cmake_target': None, 'cmake_target_skip_unavailable': False, 'install_base': '/root/Gazebo_WS/install/franka_moveit_config', 'merge_install': False, 'path': '/root/Gazebo_WS/src/franka_moveit_config', 'symlink_install': False, 'test_result_base': None}
[0.762s] Level 5:colcon.colcon_core.verb:set package 'gazebo_practise' build argument 'cmake_args' from command line to 'None'
[0.762s] Level 5:colcon.colcon_core.verb:set package 'gazebo_practise' build argument 'cmake_target' from command line to 'None'
[0.762s] Level 5:colcon.colcon_core.verb:set package 'gazebo_practise' build argument 'cmake_target_skip_unavailable' from command line to 'False'
[0.762s] Level 5:colcon.colcon_core.verb:set package 'gazebo_practise' build argument 'cmake_clean_cache' from command line to 'False'
[0.762s] Level 5:colcon.colcon_core.verb:set package 'gazebo_practise' build argument 'cmake_clean_first' from command line to 'False'
[0.762s] Level 5:colcon.colcon_core.verb:set package 'gazebo_practise' build argument 'cmake_force_configure' from command line to 'False'
[0.762s] Level 5:colcon.colcon_core.verb:set package 'gazebo_practise' build argument 'ament_cmake_args' from command line to 'None'
[0.762s] Level 5:colcon.colcon_core.verb:set package 'gazebo_practise' build argument 'catkin_cmake_args' from command line to 'None'
[0.762s] Level 5:colcon.colcon_core.verb:set package 'gazebo_practise' build argument 'catkin_skip_building_tests' from command line to 'False'
[0.762s] DEBUG:colcon.colcon_core.verb:Building package 'gazebo_practise' with the following arguments: {'ament_cmake_args': None, 'build_base': '/root/Gazebo_WS/build/gazebo_practise', 'catkin_cmake_args': None, 'catkin_skip_building_tests': False, 'cmake_args': None, 'cmake_clean_cache': False, 'cmake_clean_first': False, 'cmake_force_configure': False, 'cmake_target': None, 'cmake_target_skip_unavailable': False, 'install_base': '/root/Gazebo_WS/install/gazebo_practise', 'merge_install': False, 'path': '/root/Gazebo_WS/src/gazebo_practise', 'symlink_install': False, 'test_result_base': None}
[0.762s] INFO:colcon.colcon_core.executor:Executing jobs using 'parallel' executor
[0.764s] DEBUG:colcon.colcon_parallel_executor.executor.parallel:run_until_complete
[0.764s] INFO:colcon.colcon_ros.task.ament_cmake.build:Building ROS package in '/root/Gazebo_WS/src/franka_description' with build type 'ament_cmake'
[0.765s] INFO:colcon.colcon_cmake.task.cmake.build:Building CMake package in '/root/Gazebo_WS/src/franka_description'
[0.769s] INFO:colcon.colcon_core.plugin_system:Skipping extension 'colcon_core.shell.bat': Not used on non-Windows systems
[0.770s] INFO:colcon.colcon_core.shell:Skip shell extension 'powershell' for command environment: Not usable outside of PowerShell
[0.770s] DEBUG:colcon.colcon_core.shell:Skip shell extension 'dsv' for command environment
[0.775s] DEBUG:colcon.colcon_core.event_handler.log_command:Invoking command in '/root/Gazebo_WS/build/franka_description': CMAKE_PREFIX_PATH=/opt/ros/humble /usr/bin/cmake /root/Gazebo_WS/src/franka_description -DCMAKE_INSTALL_PREFIX=/root/Gazebo_WS/install/franka_description
[1.321s] DEBUG:colcon.colcon_core.event_handler.log_command:Invoked command in '/root/Gazebo_WS/build/franka_description' returned '0': CMAKE_PREFIX_PATH=/opt/ros/humble /usr/bin/cmake /root/Gazebo_WS/src/franka_description -DCMAKE_INSTALL_PREFIX=/root/Gazebo_WS/install/franka_description
[1.323s] DEBUG:colcon.colcon_core.event_handler.log_command:Invoking command in '/root/Gazebo_WS/build/franka_description': CMAKE_PREFIX_PATH=/opt/ros/humble /usr/bin/cmake --build /root/Gazebo_WS/build/franka_description -- -j20 -l20
[1.342s] DEBUG:colcon.colcon_core.event_handler.log_command:Invoked command in '/root/Gazebo_WS/build/franka_description' returned '0': CMAKE_PREFIX_PATH=/opt/ros/humble /usr/bin/cmake --build /root/Gazebo_WS/build/franka_description -- -j20 -l20
[1.348s] DEBUG:colcon.colcon_core.event_handler.log_command:Invoking command in '/root/Gazebo_WS/build/franka_description': CMAKE_PREFIX_PATH=/opt/ros/humble /usr/bin/cmake --install /root/Gazebo_WS/build/franka_description
[1.392s] Level 1:colcon.colcon_core.environment:create_environment_scripts_only(franka_description)
[1.392s] DEBUG:colcon.colcon_core.event_handler.log_command:Invoked command in '/root/Gazebo_WS/build/franka_description' returned '0': CMAKE_PREFIX_PATH=/opt/ros/humble /usr/bin/cmake --install /root/Gazebo_WS/build/franka_description
[1.397s] Level 1:colcon.colcon_core.environment:checking '/root/Gazebo_WS/install/franka_description' for CMake module files
[1.398s] Level 1:colcon.colcon_core.environment:checking '/root/Gazebo_WS/install/franka_description' for CMake config files
[1.405s] Level 1:colcon.colcon_core.shell:create_environment_hook('franka_description', 'cmake_prefix_path')
[1.405s] INFO:colcon.colcon_core.shell:Creating environment hook '/root/Gazebo_WS/install/franka_description/share/franka_description/hook/cmake_prefix_path.ps1'
[1.406s] INFO:colcon.colcon_core.shell:Creating environment descriptor '/root/Gazebo_WS/install/franka_description/share/franka_description/hook/cmake_prefix_path.dsv'
[1.407s] INFO:colcon.colcon_core.shell:Creating environment hook '/root/Gazebo_WS/install/franka_description/share/franka_description/hook/cmake_prefix_path.sh'
[1.408s] Level 1:colcon.colcon_core.environment:checking '/root/Gazebo_WS/install/franka_description/bin'
[1.408s] Level 1:colcon.colcon_core.environment:checking '/root/Gazebo_WS/install/franka_description/lib/pkgconfig/franka_description.pc'
[1.408s] Level 1:colcon.colcon_core.environment:checking '/root/Gazebo_WS/install/franka_description/lib/python3.10/site-packages'
[1.408s] Level 1:colcon.colcon_core.environment:checking '/root/Gazebo_WS/install/franka_description/bin'
[1.408s] INFO:colcon.colcon_core.shell:Creating package script '/root/Gazebo_WS/install/franka_description/share/franka_description/package.ps1'
[1.409s] INFO:colcon.colcon_core.shell:Creating package descriptor '/root/Gazebo_WS/install/franka_description/share/franka_description/package.dsv'
[1.410s] INFO:colcon.colcon_core.shell:Creating package script '/root/Gazebo_WS/install/franka_description/share/franka_description/package.sh'
[1.410s] INFO:colcon.colcon_core.shell:Creating package script '/root/Gazebo_WS/install/franka_description/share/franka_description/package.bash'
[1.411s] INFO:colcon.colcon_core.shell:Creating package script '/root/Gazebo_WS/install/franka_description/share/franka_description/package.zsh'
[1.412s] Level 1:colcon.colcon_core.environment:create_file_with_runtime_dependencies(/root/Gazebo_WS/install/franka_description/share/colcon-core/packages/franka_description)
[1.413s] Level 1:colcon.colcon_core.environment:create_environment_scripts_only(franka_description)
[1.413s] Level 1:colcon.colcon_core.environment:checking '/root/Gazebo_WS/install/franka_description' for CMake module files
[1.413s] Level 1:colcon.colcon_core.environment:checking '/root/Gazebo_WS/install/franka_description' for CMake config files
[1.413s] Level 1:colcon.colcon_core.shell:create_environment_hook('franka_description', 'cmake_prefix_path')
[1.413s] INFO:colcon.colcon_core.shell:Creating environment hook '/root/Gazebo_WS/install/franka_description/share/franka_description/hook/cmake_prefix_path.ps1'
[1.414s] INFO:colcon.colcon_core.shell:Creating environment descriptor '/root/Gazebo_WS/install/franka_description/share/franka_description/hook/cmake_prefix_path.dsv'
[1.414s] INFO:colcon.colcon_core.shell:Creating environment hook '/root/Gazebo_WS/install/franka_description/share/franka_description/hook/cmake_prefix_path.sh'
[1.414s] Level 1:colcon.colcon_core.environment:checking '/root/Gazebo_WS/install/franka_description/bin'
[1.414s] Level 1:colcon.colcon_core.environment:checking '/root/Gazebo_WS/install/franka_description/lib/pkgconfig/franka_description.pc'
[1.414s] Level 1:colcon.colcon_core.environment:checking '/root/Gazebo_WS/install/franka_description/lib/python3.10/site-packages'
[1.414s] Level 1:colcon.colcon_core.environment:checking '/root/Gazebo_WS/install/franka_description/bin'
[1.415s] INFO:colcon.colcon_core.shell:Creating package script '/root/Gazebo_WS/install/franka_description/share/franka_description/package.ps1'
[1.415s] INFO:colcon.colcon_core.shell:Creating package descriptor '/root/Gazebo_WS/install/franka_description/share/franka_description/package.dsv'
[1.415s] INFO:colcon.colcon_core.shell:Creating package script '/root/Gazebo_WS/install/franka_description/share/franka_description/package.sh'
[1.416s] INFO:colcon.colcon_core.shell:Creating package script '/root/Gazebo_WS/install/franka_description/share/franka_description/package.bash'
[1.416s] INFO:colcon.colcon_core.shell:Creating package script '/root/Gazebo_WS/install/franka_description/share/franka_description/package.zsh'
[1.416s] Level 1:colcon.colcon_core.environment:create_file_with_runtime_dependencies(/root/Gazebo_WS/install/franka_description/share/colcon-core/packages/franka_description)
[1.416s] INFO:colcon.colcon_ros.task.ament_cmake.build:Building ROS package in '/root/Gazebo_WS/src/franka_moveit_config' with build type 'ament_cmake'
[1.416s] INFO:colcon.colcon_cmake.task.cmake.build:Building CMake package in '/root/Gazebo_WS/src/franka_moveit_config'
[1.417s] INFO:colcon.colcon_core.shell:Skip shell extension 'powershell' for command environment: Not usable outside of PowerShell
[1.417s] DEBUG:colcon.colcon_core.shell:Skip shell extension 'dsv' for command environment
[1.419s] INFO:colcon.colcon_ros.task.ament_cmake.build:Building ROS package in '/root/Gazebo_WS/src/gazebo_practise' with build type 'ament_cmake'
[1.419s] INFO:colcon.colcon_cmake.task.cmake.build:Building CMake package in '/root/Gazebo_WS/src/gazebo_practise'
[1.419s] INFO:colcon.colcon_core.shell:Skip shell extension 'powershell' for command environment: Not usable outside of PowerShell
[1.419s] DEBUG:colcon.colcon_core.shell:Skip shell extension 'dsv' for command environment
[1.445s] DEBUG:colcon.colcon_core.event_handler.log_command:Invoking command in '/root/Gazebo_WS/build/gazebo_practise': AMENT_PREFIX_PATH=/root/Gazebo_WS/install/franka_description:${AMENT_PREFIX_PATH} CMAKE_PREFIX_PATH=/root/Gazebo_WS/install/franka_description:/opt/ros/humble /usr/bin/cmake /root/Gazebo_WS/src/gazebo_practise -DCMAKE_INSTALL_PREFIX=/root/Gazebo_WS/install/gazebo_practise
[1.449s] DEBUG:colcon.colcon_core.event_handler.log_command:Invoking command in '/root/Gazebo_WS/build/franka_moveit_config': AMENT_PREFIX_PATH=/root/Gazebo_WS/install/franka_description:${AMENT_PREFIX_PATH} CMAKE_PREFIX_PATH=/root/Gazebo_WS/install/franka_description:/opt/ros/humble /usr/bin/cmake /root/Gazebo_WS/src/franka_moveit_config -DCMAKE_INSTALL_PREFIX=/root/Gazebo_WS/install/franka_moveit_config
[1.579s] DEBUG:colcon.colcon_core.event_handler.log_command:Invoked command in '/root/Gazebo_WS/build/franka_moveit_config' returned '0': AMENT_PREFIX_PATH=/root/Gazebo_WS/install/franka_description:${AMENT_PREFIX_PATH} CMAKE_PREFIX_PATH=/root/Gazebo_WS/install/franka_description:/opt/ros/humble /usr/bin/cmake /root/Gazebo_WS/src/franka_moveit_config -DCMAKE_INSTALL_PREFIX=/root/Gazebo_WS/install/franka_moveit_config
[1.580s] DEBUG:colcon.colcon_core.event_handler.log_command:Invoking command in '/root/Gazebo_WS/build/franka_moveit_config': AMENT_PREFIX_PATH=/root/Gazebo_WS/install/franka_description:${AMENT_PREFIX_PATH} CMAKE_PREFIX_PATH=/root/Gazebo_WS/install/franka_description:/opt/ros/humble /usr/bin/cmake --build /root/Gazebo_WS/build/franka_moveit_config -- -j20 -l20
[1.598s] DEBUG:colcon.colcon_core.event_handler.log_command:Invoked command in '/root/Gazebo_WS/build/franka_moveit_config' returned '0': AMENT_PREFIX_PATH=/root/Gazebo_WS/install/franka_description:${AMENT_PREFIX_PATH} CMAKE_PREFIX_PATH=/root/Gazebo_WS/install/franka_description:/opt/ros/humble /usr/bin/cmake --build /root/Gazebo_WS/build/franka_moveit_config -- -j20 -l20
[1.599s] DEBUG:colcon.colcon_core.event_handler.log_command:Invoking command in '/root/Gazebo_WS/build/franka_moveit_config': AMENT_PREFIX_PATH=/root/Gazebo_WS/install/franka_description:${AMENT_PREFIX_PATH} CMAKE_PREFIX_PATH=/root/Gazebo_WS/install/franka_description:/opt/ros/humble /usr/bin/cmake --install /root/Gazebo_WS/build/franka_moveit_config
[1.617s] Level 1:colcon.colcon_core.environment:create_environment_scripts_only(franka_moveit_config)
[1.618s] Level 1:colcon.colcon_core.environment:checking '/root/Gazebo_WS/install/franka_moveit_config' for CMake module files
[1.618s] DEBUG:colcon.colcon_core.event_handler.log_command:Invoked command in '/root/Gazebo_WS/build/franka_moveit_config' returned '0': AMENT_PREFIX_PATH=/root/Gazebo_WS/install/franka_description:${AMENT_PREFIX_PATH} CMAKE_PREFIX_PATH=/root/Gazebo_WS/install/franka_description:/opt/ros/humble /usr/bin/cmake --install /root/Gazebo_WS/build/franka_moveit_config
[1.618s] Level 1:colcon.colcon_core.environment:checking '/root/Gazebo_WS/install/franka_moveit_config' for CMake config files
[1.621s] Level 1:colcon.colcon_core.shell:create_environment_hook('franka_moveit_config', 'cmake_prefix_path')
[1.622s] INFO:colcon.colcon_core.shell:Creating environment hook '/root/Gazebo_WS/install/franka_moveit_config/share/franka_moveit_config/hook/cmake_prefix_path.ps1'
[1.622s] INFO:colcon.colcon_core.shell:Creating environment descriptor '/root/Gazebo_WS/install/franka_moveit_config/share/franka_moveit_config/hook/cmake_prefix_path.dsv'
[1.622s] INFO:colcon.colcon_core.shell:Creating environment hook '/root/Gazebo_WS/install/franka_moveit_config/share/franka_moveit_config/hook/cmake_prefix_path.sh'
[1.622s] Level 1:colcon.colcon_core.environment:checking '/root/Gazebo_WS/install/franka_moveit_config/bin'
[1.622s] Level 1:colcon.colcon_core.environment:checking '/root/Gazebo_WS/install/franka_moveit_config/lib/pkgconfig/franka_moveit_config.pc'
[1.623s] Level 1:colcon.colcon_core.environment:checking '/root/Gazebo_WS/install/franka_moveit_config/lib/python3.10/site-packages'
[1.623s] Level 1:colcon.colcon_core.environment:checking '/root/Gazebo_WS/install/franka_moveit_config/bin'
[1.623s] INFO:colcon.colcon_core.shell:Creating package script '/root/Gazebo_WS/install/franka_moveit_config/share/franka_moveit_config/package.ps1'
[1.623s] INFO:colcon.colcon_core.shell:Creating package descriptor '/root/Gazebo_WS/install/franka_moveit_config/share/franka_moveit_config/package.dsv'
[1.623s] INFO:colcon.colcon_core.shell:Creating package script '/root/Gazebo_WS/install/franka_moveit_config/share/franka_moveit_config/package.sh'
[1.623s] INFO:colcon.colcon_core.shell:Creating package script '/root/Gazebo_WS/install/franka_moveit_config/share/franka_moveit_config/package.bash'
[1.624s] INFO:colcon.colcon_core.shell:Creating package script '/root/Gazebo_WS/install/franka_moveit_config/share/franka_moveit_config/package.zsh'
[1.624s] Level 1:colcon.colcon_core.environment:create_file_with_runtime_dependencies(/root/Gazebo_WS/install/franka_moveit_config/share/colcon-core/packages/franka_moveit_config)
[1.624s] Level 1:colcon.colcon_core.environment:create_environment_scripts_only(franka_moveit_config)
[1.624s] Level 1:colcon.colcon_core.environment:checking '/root/Gazebo_WS/install/franka_moveit_config' for CMake module files
[1.624s] Level 1:colcon.colcon_core.environment:checking '/root/Gazebo_WS/install/franka_moveit_config' for CMake config files
[1.625s] Level 1:colcon.colcon_core.shell:create_environment_hook('franka_moveit_config', 'cmake_prefix_path')
[1.625s] INFO:colcon.colcon_core.shell:Creating environment hook '/root/Gazebo_WS/install/franka_moveit_config/share/franka_moveit_config/hook/cmake_prefix_path.ps1'
[1.625s] INFO:colcon.colcon_core.shell:Creating environment descriptor '/root/Gazebo_WS/install/franka_moveit_config/share/franka_moveit_config/hook/cmake_prefix_path.dsv'
[1.625s] INFO:colcon.colcon_core.shell:Creating environment hook '/root/Gazebo_WS/install/franka_moveit_config/share/franka_moveit_config/hook/cmake_prefix_path.sh'
[1.625s] Level 1:colcon.colcon_core.environment:checking '/root/Gazebo_WS/install/franka_moveit_config/bin'
[1.625s] Level 1:colcon.colcon_core.environment:checking '/root/Gazebo_WS/install/franka_moveit_config/lib/pkgconfig/franka_moveit_config.pc'
[1.626s] Level 1:colcon.colcon_core.environment:checking '/root/Gazebo_WS/install/franka_moveit_config/lib/python3.10/site-packages'
[1.626s] Level 1:colcon.colcon_core.environment:checking '/root/Gazebo_WS/install/franka_moveit_config/bin'
[1.626s] INFO:colcon.colcon_core.shell:Creating package script '/root/Gazebo_WS/install/franka_moveit_config/share/franka_moveit_config/package.ps1'
[1.626s] INFO:colcon.colcon_core.shell:Creating package descriptor '/root/Gazebo_WS/install/franka_moveit_config/share/franka_moveit_config/package.dsv'
[1.626s] INFO:colcon.colcon_core.shell:Creating package script '/root/Gazebo_WS/install/franka_moveit_config/share/franka_moveit_config/package.sh'
[1.626s] INFO:colcon.colcon_core.shell:Creating package script '/root/Gazebo_WS/install/franka_moveit_config/share/franka_moveit_config/package.bash'
[1.627s] INFO:colcon.colcon_core.shell:Creating package script '/root/Gazebo_WS/install/franka_moveit_config/share/franka_moveit_config/package.zsh'
[1.627s] Level 1:colcon.colcon_core.environment:create_file_with_runtime_dependencies(/root/Gazebo_WS/install/franka_moveit_config/share/colcon-core/packages/franka_moveit_config)
[7.040s] DEBUG:colcon.colcon_core.event_handler.log_command:Invoked command in '/root/Gazebo_WS/build/gazebo_practise' returned '0': AMENT_PREFIX_PATH=/root/Gazebo_WS/install/franka_description:${AMENT_PREFIX_PATH} CMAKE_PREFIX_PATH=/root/Gazebo_WS/install/franka_description:/opt/ros/humble /usr/bin/cmake /root/Gazebo_WS/src/gazebo_practise -DCMAKE_INSTALL_PREFIX=/root/Gazebo_WS/install/gazebo_practise
[7.040s] DEBUG:colcon.colcon_core.event_handler.log_command:Invoking command in '/root/Gazebo_WS/build/gazebo_practise': AMENT_PREFIX_PATH=/root/Gazebo_WS/install/franka_description:${AMENT_PREFIX_PATH} CMAKE_PREFIX_PATH=/root/Gazebo_WS/install/franka_description:/opt/ros/humble /usr/bin/cmake --build /root/Gazebo_WS/build/gazebo_practise -- -j20 -l20
[7.100s] DEBUG:colcon.colcon_core.event_handler.log_command:Invoked command in '/root/Gazebo_WS/build/gazebo_practise' returned '0': AMENT_PREFIX_PATH=/root/Gazebo_WS/install/franka_description:${AMENT_PREFIX_PATH} CMAKE_PREFIX_PATH=/root/Gazebo_WS/install/franka_description:/opt/ros/humble /usr/bin/cmake --build /root/Gazebo_WS/build/gazebo_practise -- -j20 -l20
[7.102s] DEBUG:colcon.colcon_core.event_handler.log_command:Invoking command in '/root/Gazebo_WS/build/gazebo_practise': AMENT_PREFIX_PATH=/root/Gazebo_WS/install/franka_description:${AMENT_PREFIX_PATH} CMAKE_PREFIX_PATH=/root/Gazebo_WS/install/franka_description:/opt/ros/humble /usr/bin/cmake --install /root/Gazebo_WS/build/gazebo_practise
[7.116s] Level 1:colcon.colcon_core.environment:create_environment_scripts_only(gazebo_practise)
[7.116s] DEBUG:colcon.colcon_core.event_handler.log_command:Invoked command in '/root/Gazebo_WS/build/gazebo_practise' returned '0': AMENT_PREFIX_PATH=/root/Gazebo_WS/install/franka_description:${AMENT_PREFIX_PATH} CMAKE_PREFIX_PATH=/root/Gazebo_WS/install/franka_description:/opt/ros/humble /usr/bin/cmake --install /root/Gazebo_WS/build/gazebo_practise
[7.117s] Level 1:colcon.colcon_core.environment:checking '/root/Gazebo_WS/install/gazebo_practise' for CMake module files
[7.117s] Level 1:colcon.colcon_core.environment:checking '/root/Gazebo_WS/install/gazebo_practise' for CMake config files
[7.119s] Level 1:colcon.colcon_core.shell:create_environment_hook('gazebo_practise', 'cmake_prefix_path')
[7.119s] INFO:colcon.colcon_core.shell:Creating environment hook '/root/Gazebo_WS/install/gazebo_practise/share/gazebo_practise/hook/cmake_prefix_path.ps1'
[7.119s] INFO:colcon.colcon_core.shell:Creating environment descriptor '/root/Gazebo_WS/install/gazebo_practise/share/gazebo_practise/hook/cmake_prefix_path.dsv'
[7.119s] INFO:colcon.colcon_core.shell:Creating environment hook '/root/Gazebo_WS/install/gazebo_practise/share/gazebo_practise/hook/cmake_prefix_path.sh'
[7.120s] Level 1:colcon.colcon_core.environment:checking '/root/Gazebo_WS/install/gazebo_practise/lib'
[7.120s] Level 1:colcon.colcon_core.environment:checking '/root/Gazebo_WS/install/gazebo_practise/bin'
[7.120s] Level 1:colcon.colcon_core.environment:checking '/root/Gazebo_WS/install/gazebo_practise/lib/pkgconfig/gazebo_practise.pc'
[7.120s] Level 1:colcon.colcon_core.environment:checking '/root/Gazebo_WS/install/gazebo_practise/lib/python3.10/site-packages'
[7.120s] Level 1:colcon.colcon_core.environment:checking '/root/Gazebo_WS/install/gazebo_practise/bin'
[7.120s] INFO:colcon.colcon_core.shell:Creating package script '/root/Gazebo_WS/install/gazebo_practise/share/gazebo_practise/package.ps1'
[7.120s] INFO:colcon.colcon_core.shell:Creating package descriptor '/root/Gazebo_WS/install/gazebo_practise/share/gazebo_practise/package.dsv'
[7.121s] INFO:colcon.colcon_core.shell:Creating package script '/root/Gazebo_WS/install/gazebo_practise/share/gazebo_practise/package.sh'
[7.121s] INFO:colcon.colcon_core.shell:Creating package script '/root/Gazebo_WS/install/gazebo_practise/share/gazebo_practise/package.bash'
[7.121s] INFO:colcon.colcon_core.shell:Creating package script '/root/Gazebo_WS/install/gazebo_practise/share/gazebo_practise/package.zsh'
[7.121s] Level 1:colcon.colcon_core.environment:create_file_with_runtime_dependencies(/root/Gazebo_WS/install/gazebo_practise/share/colcon-core/packages/gazebo_practise)
[7.121s] Level 1:colcon.colcon_core.environment:create_environment_scripts_only(gazebo_practise)
[7.121s] Level 1:colcon.colcon_core.environment:checking '/root/Gazebo_WS/install/gazebo_practise' for CMake module files
[7.122s] Level 1:colcon.colcon_core.environment:checking '/root/Gazebo_WS/install/gazebo_practise' for CMake config files
[7.122s] Level 1:colcon.colcon_core.shell:create_environment_hook('gazebo_practise', 'cmake_prefix_path')
[7.122s] INFO:colcon.colcon_core.shell:Creating environment hook '/root/Gazebo_WS/install/gazebo_practise/share/gazebo_practise/hook/cmake_prefix_path.ps1'
[7.122s] INFO:colcon.colcon_core.shell:Creating environment descriptor '/root/Gazebo_WS/install/gazebo_practise/share/gazebo_practise/hook/cmake_prefix_path.dsv'
[7.122s] INFO:colcon.colcon_core.shell:Creating environment hook '/root/Gazebo_WS/install/gazebo_practise/share/gazebo_practise/hook/cmake_prefix_path.sh'
[7.123s] Level 1:colcon.colcon_core.environment:checking '/root/Gazebo_WS/install/gazebo_practise/lib'
[7.123s] Level 1:colcon.colcon_core.environment:checking '/root/Gazebo_WS/install/gazebo_practise/bin'
[7.123s] Level 1:colcon.colcon_core.environment:checking '/root/Gazebo_WS/install/gazebo_practise/lib/pkgconfig/gazebo_practise.pc'
[7.123s] Level 1:colcon.colcon_core.environment:checking '/root/Gazebo_WS/install/gazebo_practise/lib/python3.10/site-packages'
[7.123s] Level 1:colcon.colcon_core.environment:checking '/root/Gazebo_WS/install/gazebo_practise/bin'
[7.123s] INFO:colcon.colcon_core.shell:Creating package script '/root/Gazebo_WS/install/gazebo_practise/share/gazebo_practise/package.ps1'
[7.123s] INFO:colcon.colcon_core.shell:Creating package descriptor '/root/Gazebo_WS/install/gazebo_practise/share/gazebo_practise/package.dsv'
[7.123s] INFO:colcon.colcon_core.shell:Creating package script '/root/Gazebo_WS/install/gazebo_practise/share/gazebo_practise/package.sh'
[7.124s] INFO:colcon.colcon_core.shell:Creating package script '/root/Gazebo_WS/install/gazebo_practise/share/gazebo_practise/package.bash'
[7.124s] INFO:colcon.colcon_core.shell:Creating package script '/root/Gazebo_WS/install/gazebo_practise/share/gazebo_practise/package.zsh'
[7.124s] Level 1:colcon.colcon_core.environment:create_file_with_runtime_dependencies(/root/Gazebo_WS/install/gazebo_practise/share/colcon-core/packages/gazebo_practise)
[7.124s] DEBUG:colcon.colcon_parallel_executor.executor.parallel:closing loop
[7.124s] DEBUG:colcon.colcon_parallel_executor.executor.parallel:loop closed
[7.125s] DEBUG:colcon.colcon_parallel_executor.executor.parallel:run_until_complete finished with '0'
[7.125s] DEBUG:colcon.colcon_core.event_reactor:joining thread
[7.161s] INFO:colcon.colcon_core.plugin_system:Skipping extension 'colcon_notification.desktop_notification.notify_send': Could not find 'notify-send'
[7.161s] INFO:colcon.colcon_core.plugin_system:Skipping extension 'colcon_notification.desktop_notification.terminal_notifier': Not used on non-Darwin systems
[7.161s] INFO:colcon.colcon_core.plugin_system:Skipping extension 'colcon_notification.desktop_notification.win32': Not used on non-Windows systems
[7.161s] INFO:colcon.colcon_notification.desktop_notification:Sending desktop notification using 'notify2'
[7.161s] DEBUG:colcon.colcon_notification.desktop_notification.notify2:Failed to initialize notify2: org.freedesktop.DBus.Error.FileNotFound: Failed to connect to socket /run/user/0/bus: No such file or directory
[7.161s] DEBUG:colcon.colcon_core.event_reactor:joined thread
[7.162s] INFO:colcon.colcon_core.shell:Creating prefix script '/root/Gazebo_WS/install/local_setup.ps1'
[7.162s] INFO:colcon.colcon_core.shell:Creating prefix util module '/root/Gazebo_WS/install/_local_setup_util_ps1.py'
[7.163s] INFO:colcon.colcon_core.shell:Creating prefix chain script '/root/Gazebo_WS/install/setup.ps1'
[7.164s] INFO:colcon.colcon_core.shell:Creating prefix script '/root/Gazebo_WS/install/local_setup.sh'
[7.165s] INFO:colcon.colcon_core.shell:Creating prefix util module '/root/Gazebo_WS/install/_local_setup_util_sh.py'
[7.165s] INFO:colcon.colcon_core.shell:Creating prefix chain script '/root/Gazebo_WS/install/setup.sh'
[7.166s] INFO:colcon.colcon_core.shell:Creating prefix script '/root/Gazebo_WS/install/local_setup.bash'
[7.167s] INFO:colcon.colcon_core.shell:Creating prefix chain script '/root/Gazebo_WS/install/setup.bash'
[7.168s] INFO:colcon.colcon_core.shell:Creating prefix script '/root/Gazebo_WS/install/local_setup.zsh'
[7.168s] INFO:colcon.colcon_core.shell:Creating prefix chain script '/root/Gazebo_WS/install/setup.zsh'
