-- The C compiler identification is GNU 11.4.0
-- The CXX compiler identification is GNU 11.4.0
-- Detecting C compiler ABI info
-- Detecting C compiler ABI info - done
-- Check for working C compiler: /usr/bin/cc - skipped
-- Detecting C compile features
-- Detecting C compile features - done
-- Detecting CXX compiler ABI info
-- Detecting CXX compiler ABI info - done
-- Check for working CXX compiler: /usr/bin/c++ - skipped
-- Detecting CXX compile features
-- Detecting CXX compile features - done
-- Found ament_cmake: 1.3.11 (/opt/ros/humble/share/ament_cmake/cmake)
-- Found Python3: /usr/bin/python3 (found version "3.10.12") found components: Interpreter 
-- Found rclcpp: 16.0.11 (/opt/ros/humble/share/rclcpp/cmake)
-- Found rosidl_generator_c: 3.1.6 (/opt/ros/humble/share/rosidl_generator_c/cmake)
-- Found rosidl_adapter: 3.1.6 (/opt/ros/humble/share/rosidl_adapter/cmake)
-- Found rosidl_generator_cpp: 3.1.6 (/opt/ros/humble/share/rosidl_generator_cpp/cmake)
-- Using all available rosidl_typesupport_c: rosidl_typesupport_fastrtps_c;rosidl_typesupport_introspection_c
-- Using all available rosidl_typesupport_cpp: rosidl_typesupport_fastrtps_cpp;rosidl_typesupport_introspection_cpp
-- Found rmw_implementation_cmake: 6.1.2 (/opt/ros/humble/share/rmw_implementation_cmake/cmake)
-- Found rmw_fastrtps_cpp: 6.2.7 (/opt/ros/humble/share/rmw_fastrtps_cpp/cmake)
-- Found OpenSSL: /usr/lib/x86_64-linux-gnu/libcrypto.so (found version "3.0.2")  
-- Found FastRTPS: /opt/ros/humble/include  
-- Using RMW implementation 'rmw_fastrtps_cpp' as default
-- Looking for pthread.h
-- Looking for pthread.h - found
-- Performing Test CMAKE_HAVE_LIBC_PTHREAD
-- Performing Test CMAKE_HAVE_LIBC_PTHREAD - Success
-- Found Threads: TRUE  
-- Found ros_gz_sim: 0.244.16 (/opt/ros/humble/share/ros_gz_sim/cmake)
-- Found robot_state_publisher: 3.0.3 (/opt/ros/humble/share/robot_state_publisher/cmake)
-- Found eigen3_cmake_module: 0.1.1 (/opt/ros/humble/share/eigen3_cmake_module/cmake)
-- Found Eigen3: TRUE (found version "3.4.0") 
-- Ensuring Eigen3 include directory is part of orocos-kdl CMake target
-- Found rviz2: 11.2.16 (/opt/ros/humble/share/rviz2/cmake)
-- Found franka_description: 0.4.0 (/root/Gazebo_WS/install/franka_description/share/franka_description/cmake)
-- Found trajectory_msgs: 4.2.4 (/opt/ros/humble/share/trajectory_msgs/cmake)
-- Found ament_lint_auto: 0.12.11 (/opt/ros/humble/share/ament_lint_auto/cmake)
-- Added test 'cppcheck' to perform static code analysis on C / C++ code
-- Configured cppcheck include dirs: 
-- Configured cppcheck exclude dirs and/or files: 
-- Added test 'flake8' to check Python code syntax and style conventions
-- Added test 'lint_cmake' to check CMake code style
-- Added test 'pep257' to check Python code against some of the docstring style conventions in PEP 257
-- Added test 'uncrustify' to check C / C++ code style
-- Configured uncrustify additional arguments: 
-- Added test 'xmllint' to check XML markup files
-- Configuring done
-- Generating done
-- Build files have been written to: /root/Gazebo_WS/build/gazebo_practise
[ 50%] [32mBuilding CXX object CMakeFiles/reference_generator.dir/src/reference_generator.cpp.o[0m
[100%] [32m[1mLinking CXX executable reference_generator[0m
[100%] Built target reference_generator
-- Install configuration: ""
-- Installing: /root/Gazebo_WS/install/gazebo_practise/share/gazebo_practise/launch
-- Installing: /root/Gazebo_WS/install/gazebo_practise/share/gazebo_practise/launch/frames_2025-02-23_17.58.07.gv
-- Installing: /root/Gazebo_WS/install/gazebo_practise/share/gazebo_practise/launch/empty_world.launch.py
-- Installing: /root/Gazebo_WS/install/gazebo_practise/share/gazebo_practise/launch/send_trajectory.launch.py
-- Installing: /root/Gazebo_WS/install/gazebo_practise/share/gazebo_practise/urdf
-- Installing: /root/Gazebo_WS/install/gazebo_practise/share/gazebo_practise/urdf/URDF_Practise.urdf
-- Installing: /root/Gazebo_WS/install/gazebo_practise/share/gazebo_practise/urdf/URDF_Simple.urdf
-- Installing: /root/Gazebo_WS/install/gazebo_practise/share/gazebo_practise/worlds
-- Installing: /root/Gazebo_WS/install/gazebo_practise/share/gazebo_practise/worlds/world.sdf
-- Installing: /root/Gazebo_WS/install/gazebo_practise/share/gazebo_practise/config
-- Installing: /root/Gazebo_WS/install/gazebo_practise/share/gazebo_practise/config/my_robot_config.rviz
-- Installing: /root/Gazebo_WS/install/gazebo_practise/share/gazebo_practise/controller_config
-- Installing: /root/Gazebo_WS/install/gazebo_practise/share/gazebo_practise/controller_config/controller.yaml
-- Installing: /root/Gazebo_WS/install/gazebo_practise/lib/gazebo_practise/reference_generator
-- Set runtime path of "/root/Gazebo_WS/install/gazebo_practise/lib/gazebo_practise/reference_generator" to ""
-- Installing: /root/Gazebo_WS/install/gazebo_practise/share/ament_index/resource_index/package_run_dependencies/gazebo_practise
-- Installing: /root/Gazebo_WS/install/gazebo_practise/share/ament_index/resource_index/parent_prefix_path/gazebo_practise
-- Installing: /root/Gazebo_WS/install/gazebo_practise/share/gazebo_practise/environment/ament_prefix_path.sh
-- Installing: /root/Gazebo_WS/install/gazebo_practise/share/gazebo_practise/environment/ament_prefix_path.dsv
-- Installing: /root/Gazebo_WS/install/gazebo_practise/share/gazebo_practise/environment/path.sh
-- Installing: /root/Gazebo_WS/install/gazebo_practise/share/gazebo_practise/environment/path.dsv
-- Installing: /root/Gazebo_WS/install/gazebo_practise/share/gazebo_practise/local_setup.bash
-- Installing: /root/Gazebo_WS/install/gazebo_practise/share/gazebo_practise/local_setup.sh
-- Installing: /root/Gazebo_WS/install/gazebo_practise/share/gazebo_practise/local_setup.zsh
-- Installing: /root/Gazebo_WS/install/gazebo_practise/share/gazebo_practise/local_setup.dsv
-- Installing: /root/Gazebo_WS/install/gazebo_practise/share/gazebo_practise/package.dsv
-- Installing: /root/Gazebo_WS/install/gazebo_practise/share/ament_index/resource_index/packages/gazebo_practise
-- Installing: /root/Gazebo_WS/install/gazebo_practise/share/gazebo_practise/cmake/gazebo_practiseConfig.cmake
-- Installing: /root/Gazebo_WS/install/gazebo_practise/share/gazebo_practise/cmake/gazebo_practiseConfig-version.cmake
-- Installing: /root/Gazebo_WS/install/gazebo_practise/share/gazebo_practise/package.xml
