[0.342s] Invoking command in '/root/Gazebo_WS/build/gazebo_practise': CMAKE_PREFIX_PATH=/root/Gazebo_WS/install/franka_description:/root/Gazebo_WS/install/gazebo_practise:/root/Gazebo_WS/install/franka_moveit_config:/root/Gazebo_WS/install/Gazebo_Practise:/root/Moveit2_WS/install/pilz_industrial_motion_planner_testutils:/root/Moveit2_WS/install/panda_moveit_config:/root/Moveit2_WS/install/moveit_runtime:/root/Moveit2_WS/install/moveit2_tutorials:/root/Moveit2_WS/install/moveit:/root/Moveit2_WS/install/moveit_planners:/root/Moveit2_WS/install/pilz_industrial_motion_planner:/root/Moveit2_WS/install/hello_moveit:/root/Moveit2_WS/install/moveit_visual_tools:/root/Moveit2_WS/install/moveit_task_constructor_visualization:/root/Moveit2_WS/install/moveit_task_constructor_demo:/root/Moveit2_WS/install/moveit_task_constructor_capabilities:/root/Moveit2_WS/install/moveit_task_constructor_core:/root/Moveit2_WS/install/moveit_ros_control_interface:/root/Moveit2_WS/install/moveit_plugins:/root/Moveit2_WS/install/moveit_simple_controller_manager:/root/Moveit2_WS/install/moveit_setup_assistant:/root/Moveit2_WS/install/moveit_setup_srdf_plugins:/root/Moveit2_WS/install/moveit_setup_core_plugins:/root/Moveit2_WS/install/moveit_setup_controllers:/root/Moveit2_WS/install/moveit_setup_app_plugins:/root/Moveit2_WS/install/moveit_setup_framework:/root/Moveit2_WS/install/moveit_servo:/root/Moveit2_WS/install/moveit_ros:/root/Moveit2_WS/install/moveit_ros_visualization:/root/Moveit2_WS/install/moveit_hybrid_planning:/root/Moveit2_WS/install/moveit_ros_planning_interface:/root/Moveit2_WS/install/moveit_ros_benchmarks:/root/Moveit2_WS/install/moveit_ros_warehouse:/root/Moveit2_WS/install/moveit_ros_robot_interaction:/root/Moveit2_WS/install/moveit_ros_perception:/root/Moveit2_WS/install/moveit_resources_prbt_pg70_support:/root/Moveit2_WS/install/moveit_resources_prbt_moveit_config:/root/Moveit2_WS/install/moveit_ros_move_group:/root/Moveit2_WS/install/moveit_planners_ompl:/root/Moveit2_WS/install/moveit_ros_planning:/root/Moveit2_WS/install/moveit_ros_occupancy_map_monitor:/root/Moveit2_WS/install/moveit_resources_prbt_ikfast_manipulator_plugin:/root/Moveit2_WS/install/moveit_planners_chomp:/root/Moveit2_WS/install/moveit_kinematics:/root/Moveit2_WS/install/moveit_chomp_optimizer_adapter:/root/Moveit2_WS/install/chomp_motion_planner:/root/Moveit2_WS/install/moveit_core:/root/Moveit2_WS/install/srdfdom:/root/Moveit2_WS/install/rviz_marker_tools:/root/Moveit2_WS/install/rosparam_shortcuts:/root/Moveit2_WS/install/moveit_task_constructor_msgs:/root/Moveit2_WS/install/moveit_resources_prbt_support:/root/Moveit2_WS/install/moveit_resources:/root/Moveit2_WS/install/moveit_resources_pr2_description:/root/Moveit2_WS/install/moveit_resources_panda_moveit_config:/root/Moveit2_WS/install/moveit_resources_panda_description:/root/Moveit2_WS/install/moveit_resources_fanuc_moveit_config:/root/Moveit2_WS/install/moveit_resources_fanuc_description:/root/Moveit2_WS/install/moveit_common:/root/Moveit2_WS/install/moveit_configs_utils:/root/Moveit2_WS/install/launch_param_builder:/opt/ros/humble /usr/bin/cmake /root/Gazebo_WS/src/gazebo_practise -DCMAKE_INSTALL_PREFIX=/root/Gazebo_WS/install/gazebo_practise
[0.712s] -- The C compiler identification is GNU 11.4.0
[6.507s] -- The CXX compiler identification is GNU 11.4.0
[11.036s] -- Detecting C compiler ABI info
[12.062s] -- Detecting C compiler ABI info - done
[12.066s] -- Check for working C compiler: /usr/bin/cc - skipped
[12.066s] -- Detecting C compile features
[12.066s] -- Detecting C compile features - done
[12.068s] -- Detecting CXX compiler ABI info
[13.398s] -- Detecting CXX compiler ABI info - done
[13.402s] -- Check for working CXX compiler: /usr/bin/c++ - skipped
[13.403s] -- Detecting CXX compile features
[13.403s] -- Detecting CXX compile features - done
[13.406s] -- Found ament_cmake: 1.3.11 (/opt/ros/humble/share/ament_cmake/cmake)
[13.507s] -- Found Python3: /usr/bin/python3 (found version "3.10.12") found components: Interpreter 
[13.616s] -- Found rclcpp: 16.0.11 (/opt/ros/humble/share/rclcpp/cmake)
[15.573s] -- Found rosidl_generator_c: 3.1.6 (/opt/ros/humble/share/rosidl_generator_c/cmake)
[15.586s] -- Found rosidl_adapter: 3.1.6 (/opt/ros/humble/share/rosidl_adapter/cmake)
[15.604s] -- Found rosidl_generator_cpp: 3.1.6 (/opt/ros/humble/share/rosidl_generator_cpp/cmake)
[15.628s] -- Using all available rosidl_typesupport_c: rosidl_typesupport_fastrtps_c;rosidl_typesupport_introspection_c
[15.653s] -- Using all available rosidl_typesupport_cpp: rosidl_typesupport_fastrtps_cpp;rosidl_typesupport_introspection_cpp
[15.724s] -- Found rmw_implementation_cmake: 6.1.2 (/opt/ros/humble/share/rmw_implementation_cmake/cmake)
[15.735s] -- Found rmw_fastrtps_cpp: 6.2.7 (/opt/ros/humble/share/rmw_fastrtps_cpp/cmake)
[20.183s] -- Found OpenSSL: /usr/lib/x86_64-linux-gnu/libcrypto.so (found version "3.0.2")  
[25.564s] -- Found FastRTPS: /opt/ros/humble/include  
[49.760s] -- Using RMW implementation 'rmw_fastrtps_cpp' as default
[49.780s] -- Looking for pthread.h
[51.027s] -- Looking for pthread.h - found
[51.027s] -- Performing Test CMAKE_HAVE_LIBC_PTHREAD
[52.465s] -- Performing Test CMAKE_HAVE_LIBC_PTHREAD - Success
[52.466s] -- Found Threads: TRUE  
[52.557s] -- Found ros_gz_sim: 0.244.16 (/opt/ros/humble/share/ros_gz_sim/cmake)
[52.564s] -- Found robot_state_publisher: 3.0.3 (/opt/ros/humble/share/robot_state_publisher/cmake)
[53.069s] -- Found eigen3_cmake_module: 0.1.1 (/opt/ros/humble/share/eigen3_cmake_module/cmake)
[53.072s] -- Found Eigen3: TRUE (found version "3.4.0") 
[53.072s] -- Ensuring Eigen3 include directory is part of orocos-kdl CMake target
[60.791s] -- Found rviz2: 11.2.16 (/opt/ros/humble/share/rviz2/cmake)
[60.791s] -- Found franka_description: 0.4.0 (/root/Gazebo_WS/install/franka_description/share/franka_description/cmake)
[60.796s] -- Found trajectory_msgs: 4.2.4 (/opt/ros/humble/share/trajectory_msgs/cmake)
[60.817s] -- Found ament_lint_auto: 0.12.11 (/opt/ros/humble/share/ament_lint_auto/cmake)
[60.900s] -- Added test 'cppcheck' to perform static code analysis on C / C++ code
[60.900s] -- Configured cppcheck include dirs: 
[60.900s] -- Configured cppcheck exclude dirs and/or files: 
[60.902s] -- Added test 'flake8' to check Python code syntax and style conventions
[60.903s] -- Added test 'lint_cmake' to check CMake code style
[60.904s] -- Added test 'pep257' to check Python code against some of the docstring style conventions in PEP 257
[60.906s] -- Added test 'uncrustify' to check C / C++ code style
[60.906s] -- Configured uncrustify additional arguments: 
[60.907s] -- Added test 'xmllint' to check XML markup files
[60.909s] -- Configuring done
[60.916s] -- Generating done
[60.918s] -- Build files have been written to: /root/Gazebo_WS/build/gazebo_practise
[60.929s] Invoked command in '/root/Gazebo_WS/build/gazebo_practise' returned '0': CMAKE_PREFIX_PATH=/root/Gazebo_WS/install/franka_description:/root/Gazebo_WS/install/gazebo_practise:/root/Gazebo_WS/install/franka_moveit_config:/root/Gazebo_WS/install/Gazebo_Practise:/root/Moveit2_WS/install/pilz_industrial_motion_planner_testutils:/root/Moveit2_WS/install/panda_moveit_config:/root/Moveit2_WS/install/moveit_runtime:/root/Moveit2_WS/install/moveit2_tutorials:/root/Moveit2_WS/install/moveit:/root/Moveit2_WS/install/moveit_planners:/root/Moveit2_WS/install/pilz_industrial_motion_planner:/root/Moveit2_WS/install/hello_moveit:/root/Moveit2_WS/install/moveit_visual_tools:/root/Moveit2_WS/install/moveit_task_constructor_visualization:/root/Moveit2_WS/install/moveit_task_constructor_demo:/root/Moveit2_WS/install/moveit_task_constructor_capabilities:/root/Moveit2_WS/install/moveit_task_constructor_core:/root/Moveit2_WS/install/moveit_ros_control_interface:/root/Moveit2_WS/install/moveit_plugins:/root/Moveit2_WS/install/moveit_simple_controller_manager:/root/Moveit2_WS/install/moveit_setup_assistant:/root/Moveit2_WS/install/moveit_setup_srdf_plugins:/root/Moveit2_WS/install/moveit_setup_core_plugins:/root/Moveit2_WS/install/moveit_setup_controllers:/root/Moveit2_WS/install/moveit_setup_app_plugins:/root/Moveit2_WS/install/moveit_setup_framework:/root/Moveit2_WS/install/moveit_servo:/root/Moveit2_WS/install/moveit_ros:/root/Moveit2_WS/install/moveit_ros_visualization:/root/Moveit2_WS/install/moveit_hybrid_planning:/root/Moveit2_WS/install/moveit_ros_planning_interface:/root/Moveit2_WS/install/moveit_ros_benchmarks:/root/Moveit2_WS/install/moveit_ros_warehouse:/root/Moveit2_WS/install/moveit_ros_robot_interaction:/root/Moveit2_WS/install/moveit_ros_perception:/root/Moveit2_WS/install/moveit_resources_prbt_pg70_support:/root/Moveit2_WS/install/moveit_resources_prbt_moveit_config:/root/Moveit2_WS/install/moveit_ros_move_group:/root/Moveit2_WS/install/moveit_planners_ompl:/root/Moveit2_WS/install/moveit_ros_planning:/root/Moveit2_WS/install/moveit_ros_occupancy_map_monitor:/root/Moveit2_WS/install/moveit_resources_prbt_ikfast_manipulator_plugin:/root/Moveit2_WS/install/moveit_planners_chomp:/root/Moveit2_WS/install/moveit_kinematics:/root/Moveit2_WS/install/moveit_chomp_optimizer_adapter:/root/Moveit2_WS/install/chomp_motion_planner:/root/Moveit2_WS/install/moveit_core:/root/Moveit2_WS/install/srdfdom:/root/Moveit2_WS/install/rviz_marker_tools:/root/Moveit2_WS/install/rosparam_shortcuts:/root/Moveit2_WS/install/moveit_task_constructor_msgs:/root/Moveit2_WS/install/moveit_resources_prbt_support:/root/Moveit2_WS/install/moveit_resources:/root/Moveit2_WS/install/moveit_resources_pr2_description:/root/Moveit2_WS/install/moveit_resources_panda_moveit_config:/root/Moveit2_WS/install/moveit_resources_panda_description:/root/Moveit2_WS/install/moveit_resources_fanuc_moveit_config:/root/Moveit2_WS/install/moveit_resources_fanuc_description:/root/Moveit2_WS/install/moveit_common:/root/Moveit2_WS/install/moveit_configs_utils:/root/Moveit2_WS/install/launch_param_builder:/opt/ros/humble /usr/bin/cmake /root/Gazebo_WS/src/gazebo_practise -DCMAKE_INSTALL_PREFIX=/root/Gazebo_WS/install/gazebo_practise
[60.931s] Invoking command in '/root/Gazebo_WS/build/gazebo_practise': CMAKE_PREFIX_PATH=/root/Gazebo_WS/install/franka_description:/root/Gazebo_WS/install/gazebo_practise:/root/Gazebo_WS/install/franka_moveit_config:/root/Gazebo_WS/install/Gazebo_Practise:/root/Moveit2_WS/install/pilz_industrial_motion_planner_testutils:/root/Moveit2_WS/install/panda_moveit_config:/root/Moveit2_WS/install/moveit_runtime:/root/Moveit2_WS/install/moveit2_tutorials:/root/Moveit2_WS/install/moveit:/root/Moveit2_WS/install/moveit_planners:/root/Moveit2_WS/install/pilz_industrial_motion_planner:/root/Moveit2_WS/install/hello_moveit:/root/Moveit2_WS/install/moveit_visual_tools:/root/Moveit2_WS/install/moveit_task_constructor_visualization:/root/Moveit2_WS/install/moveit_task_constructor_demo:/root/Moveit2_WS/install/moveit_task_constructor_capabilities:/root/Moveit2_WS/install/moveit_task_constructor_core:/root/Moveit2_WS/install/moveit_ros_control_interface:/root/Moveit2_WS/install/moveit_plugins:/root/Moveit2_WS/install/moveit_simple_controller_manager:/root/Moveit2_WS/install/moveit_setup_assistant:/root/Moveit2_WS/install/moveit_setup_srdf_plugins:/root/Moveit2_WS/install/moveit_setup_core_plugins:/root/Moveit2_WS/install/moveit_setup_controllers:/root/Moveit2_WS/install/moveit_setup_app_plugins:/root/Moveit2_WS/install/moveit_setup_framework:/root/Moveit2_WS/install/moveit_servo:/root/Moveit2_WS/install/moveit_ros:/root/Moveit2_WS/install/moveit_ros_visualization:/root/Moveit2_WS/install/moveit_hybrid_planning:/root/Moveit2_WS/install/moveit_ros_planning_interface:/root/Moveit2_WS/install/moveit_ros_benchmarks:/root/Moveit2_WS/install/moveit_ros_warehouse:/root/Moveit2_WS/install/moveit_ros_robot_interaction:/root/Moveit2_WS/install/moveit_ros_perception:/root/Moveit2_WS/install/moveit_resources_prbt_pg70_support:/root/Moveit2_WS/install/moveit_resources_prbt_moveit_config:/root/Moveit2_WS/install/moveit_ros_move_group:/root/Moveit2_WS/install/moveit_planners_ompl:/root/Moveit2_WS/install/moveit_ros_planning:/root/Moveit2_WS/install/moveit_ros_occupancy_map_monitor:/root/Moveit2_WS/install/moveit_resources_prbt_ikfast_manipulator_plugin:/root/Moveit2_WS/install/moveit_planners_chomp:/root/Moveit2_WS/install/moveit_kinematics:/root/Moveit2_WS/install/moveit_chomp_optimizer_adapter:/root/Moveit2_WS/install/chomp_motion_planner:/root/Moveit2_WS/install/moveit_core:/root/Moveit2_WS/install/srdfdom:/root/Moveit2_WS/install/rviz_marker_tools:/root/Moveit2_WS/install/rosparam_shortcuts:/root/Moveit2_WS/install/moveit_task_constructor_msgs:/root/Moveit2_WS/install/moveit_resources_prbt_support:/root/Moveit2_WS/install/moveit_resources:/root/Moveit2_WS/install/moveit_resources_pr2_description:/root/Moveit2_WS/install/moveit_resources_panda_moveit_config:/root/Moveit2_WS/install/moveit_resources_panda_description:/root/Moveit2_WS/install/moveit_resources_fanuc_moveit_config:/root/Moveit2_WS/install/moveit_resources_fanuc_description:/root/Moveit2_WS/install/moveit_common:/root/Moveit2_WS/install/moveit_configs_utils:/root/Moveit2_WS/install/launch_param_builder:/opt/ros/humble /usr/bin/cmake --build /root/Gazebo_WS/build/gazebo_practise -- -j20 -l20
[60.970s] [ 50%] [32mBuilding CXX object CMakeFiles/reference_generator.dir/src/reference_generator.cpp.o[0m
[65.295s] [100%] [32m[1mLinking CXX executable reference_generator[0m
[65.718s] [100%] Built target reference_generator
[65.730s] Invoked command in '/root/Gazebo_WS/build/gazebo_practise' returned '0': CMAKE_PREFIX_PATH=/root/Gazebo_WS/install/franka_description:/root/Gazebo_WS/install/gazebo_practise:/root/Gazebo_WS/install/franka_moveit_config:/root/Gazebo_WS/install/Gazebo_Practise:/root/Moveit2_WS/install/pilz_industrial_motion_planner_testutils:/root/Moveit2_WS/install/panda_moveit_config:/root/Moveit2_WS/install/moveit_runtime:/root/Moveit2_WS/install/moveit2_tutorials:/root/Moveit2_WS/install/moveit:/root/Moveit2_WS/install/moveit_planners:/root/Moveit2_WS/install/pilz_industrial_motion_planner:/root/Moveit2_WS/install/hello_moveit:/root/Moveit2_WS/install/moveit_visual_tools:/root/Moveit2_WS/install/moveit_task_constructor_visualization:/root/Moveit2_WS/install/moveit_task_constructor_demo:/root/Moveit2_WS/install/moveit_task_constructor_capabilities:/root/Moveit2_WS/install/moveit_task_constructor_core:/root/Moveit2_WS/install/moveit_ros_control_interface:/root/Moveit2_WS/install/moveit_plugins:/root/Moveit2_WS/install/moveit_simple_controller_manager:/root/Moveit2_WS/install/moveit_setup_assistant:/root/Moveit2_WS/install/moveit_setup_srdf_plugins:/root/Moveit2_WS/install/moveit_setup_core_plugins:/root/Moveit2_WS/install/moveit_setup_controllers:/root/Moveit2_WS/install/moveit_setup_app_plugins:/root/Moveit2_WS/install/moveit_setup_framework:/root/Moveit2_WS/install/moveit_servo:/root/Moveit2_WS/install/moveit_ros:/root/Moveit2_WS/install/moveit_ros_visualization:/root/Moveit2_WS/install/moveit_hybrid_planning:/root/Moveit2_WS/install/moveit_ros_planning_interface:/root/Moveit2_WS/install/moveit_ros_benchmarks:/root/Moveit2_WS/install/moveit_ros_warehouse:/root/Moveit2_WS/install/moveit_ros_robot_interaction:/root/Moveit2_WS/install/moveit_ros_perception:/root/Moveit2_WS/install/moveit_resources_prbt_pg70_support:/root/Moveit2_WS/install/moveit_resources_prbt_moveit_config:/root/Moveit2_WS/install/moveit_ros_move_group:/root/Moveit2_WS/install/moveit_planners_ompl:/root/Moveit2_WS/install/moveit_ros_planning:/root/Moveit2_WS/install/moveit_ros_occupancy_map_monitor:/root/Moveit2_WS/install/moveit_resources_prbt_ikfast_manipulator_plugin:/root/Moveit2_WS/install/moveit_planners_chomp:/root/Moveit2_WS/install/moveit_kinematics:/root/Moveit2_WS/install/moveit_chomp_optimizer_adapter:/root/Moveit2_WS/install/chomp_motion_planner:/root/Moveit2_WS/install/moveit_core:/root/Moveit2_WS/install/srdfdom:/root/Moveit2_WS/install/rviz_marker_tools:/root/Moveit2_WS/install/rosparam_shortcuts:/root/Moveit2_WS/install/moveit_task_constructor_msgs:/root/Moveit2_WS/install/moveit_resources_prbt_support:/root/Moveit2_WS/install/moveit_resources:/root/Moveit2_WS/install/moveit_resources_pr2_description:/root/Moveit2_WS/install/moveit_resources_panda_moveit_config:/root/Moveit2_WS/install/moveit_resources_panda_description:/root/Moveit2_WS/install/moveit_resources_fanuc_moveit_config:/root/Moveit2_WS/install/moveit_resources_fanuc_description:/root/Moveit2_WS/install/moveit_common:/root/Moveit2_WS/install/moveit_configs_utils:/root/Moveit2_WS/install/launch_param_builder:/opt/ros/humble /usr/bin/cmake --build /root/Gazebo_WS/build/gazebo_practise -- -j20 -l20
[65.732s] Invoking command in '/root/Gazebo_WS/build/gazebo_practise': CMAKE_PREFIX_PATH=/root/Gazebo_WS/install/franka_description:/root/Gazebo_WS/install/gazebo_practise:/root/Gazebo_WS/install/franka_moveit_config:/root/Gazebo_WS/install/Gazebo_Practise:/root/Moveit2_WS/install/pilz_industrial_motion_planner_testutils:/root/Moveit2_WS/install/panda_moveit_config:/root/Moveit2_WS/install/moveit_runtime:/root/Moveit2_WS/install/moveit2_tutorials:/root/Moveit2_WS/install/moveit:/root/Moveit2_WS/install/moveit_planners:/root/Moveit2_WS/install/pilz_industrial_motion_planner:/root/Moveit2_WS/install/hello_moveit:/root/Moveit2_WS/install/moveit_visual_tools:/root/Moveit2_WS/install/moveit_task_constructor_visualization:/root/Moveit2_WS/install/moveit_task_constructor_demo:/root/Moveit2_WS/install/moveit_task_constructor_capabilities:/root/Moveit2_WS/install/moveit_task_constructor_core:/root/Moveit2_WS/install/moveit_ros_control_interface:/root/Moveit2_WS/install/moveit_plugins:/root/Moveit2_WS/install/moveit_simple_controller_manager:/root/Moveit2_WS/install/moveit_setup_assistant:/root/Moveit2_WS/install/moveit_setup_srdf_plugins:/root/Moveit2_WS/install/moveit_setup_core_plugins:/root/Moveit2_WS/install/moveit_setup_controllers:/root/Moveit2_WS/install/moveit_setup_app_plugins:/root/Moveit2_WS/install/moveit_setup_framework:/root/Moveit2_WS/install/moveit_servo:/root/Moveit2_WS/install/moveit_ros:/root/Moveit2_WS/install/moveit_ros_visualization:/root/Moveit2_WS/install/moveit_hybrid_planning:/root/Moveit2_WS/install/moveit_ros_planning_interface:/root/Moveit2_WS/install/moveit_ros_benchmarks:/root/Moveit2_WS/install/moveit_ros_warehouse:/root/Moveit2_WS/install/moveit_ros_robot_interaction:/root/Moveit2_WS/install/moveit_ros_perception:/root/Moveit2_WS/install/moveit_resources_prbt_pg70_support:/root/Moveit2_WS/install/moveit_resources_prbt_moveit_config:/root/Moveit2_WS/install/moveit_ros_move_group:/root/Moveit2_WS/install/moveit_planners_ompl:/root/Moveit2_WS/install/moveit_ros_planning:/root/Moveit2_WS/install/moveit_ros_occupancy_map_monitor:/root/Moveit2_WS/install/moveit_resources_prbt_ikfast_manipulator_plugin:/root/Moveit2_WS/install/moveit_planners_chomp:/root/Moveit2_WS/install/moveit_kinematics:/root/Moveit2_WS/install/moveit_chomp_optimizer_adapter:/root/Moveit2_WS/install/chomp_motion_planner:/root/Moveit2_WS/install/moveit_core:/root/Moveit2_WS/install/srdfdom:/root/Moveit2_WS/install/rviz_marker_tools:/root/Moveit2_WS/install/rosparam_shortcuts:/root/Moveit2_WS/install/moveit_task_constructor_msgs:/root/Moveit2_WS/install/moveit_resources_prbt_support:/root/Moveit2_WS/install/moveit_resources:/root/Moveit2_WS/install/moveit_resources_pr2_description:/root/Moveit2_WS/install/moveit_resources_panda_moveit_config:/root/Moveit2_WS/install/moveit_resources_panda_description:/root/Moveit2_WS/install/moveit_resources_fanuc_moveit_config:/root/Moveit2_WS/install/moveit_resources_fanuc_description:/root/Moveit2_WS/install/moveit_common:/root/Moveit2_WS/install/moveit_configs_utils:/root/Moveit2_WS/install/launch_param_builder:/opt/ros/humble /usr/bin/cmake --install /root/Gazebo_WS/build/gazebo_practise
[65.739s] -- Install configuration: ""
[65.739s] -- Installing: /root/Gazebo_WS/install/gazebo_practise/share/gazebo_practise/launch
[65.739s] -- Installing: /root/Gazebo_WS/install/gazebo_practise/share/gazebo_practise/launch/frames_2025-02-23_17.58.07.gv
[65.740s] -- Installing: /root/Gazebo_WS/install/gazebo_practise/share/gazebo_practise/launch/empty_world.launch.py
[65.740s] -- Installing: /root/Gazebo_WS/install/gazebo_practise/share/gazebo_practise/launch/send_trajectory.launch.py
[65.741s] -- Installing: /root/Gazebo_WS/install/gazebo_practise/share/gazebo_practise/urdf
[65.741s] -- Installing: /root/Gazebo_WS/install/gazebo_practise/share/gazebo_practise/urdf/URDF_Practise.urdf
[65.741s] -- Installing: /root/Gazebo_WS/install/gazebo_practise/share/gazebo_practise/urdf/URDF_Simple.urdf
[65.742s] -- Installing: /root/Gazebo_WS/install/gazebo_practise/share/gazebo_practise/worlds
[65.742s] -- Installing: /root/Gazebo_WS/install/gazebo_practise/share/gazebo_practise/worlds/world.sdf
[65.742s] -- Installing: /root/Gazebo_WS/install/gazebo_practise/share/gazebo_practise/config
[65.742s] -- Installing: /root/Gazebo_WS/install/gazebo_practise/share/gazebo_practise/config/my_robot_config.rviz
[65.742s] -- Installing: /root/Gazebo_WS/install/gazebo_practise/share/gazebo_practise/controller_config
[65.743s] -- Installing: /root/Gazebo_WS/install/gazebo_practise/share/gazebo_practise/controller_config/controller.yaml
[65.743s] -- Installing: /root/Gazebo_WS/install/gazebo_practise/lib/gazebo_practise/reference_generator
[65.743s] -- Set runtime path of "/root/Gazebo_WS/install/gazebo_practise/lib/gazebo_practise/reference_generator" to ""
[65.744s] -- Installing: /root/Gazebo_WS/install/gazebo_practise/share/ament_index/resource_index/package_run_dependencies/gazebo_practise
[65.744s] -- Installing: /root/Gazebo_WS/install/gazebo_practise/share/ament_index/resource_index/parent_prefix_path/gazebo_practise
[65.744s] -- Installing: /root/Gazebo_WS/install/gazebo_practise/share/gazebo_practise/environment/ament_prefix_path.sh
[65.744s] -- Installing: /root/Gazebo_WS/install/gazebo_practise/share/gazebo_practise/environment/ament_prefix_path.dsv
[65.744s] -- Installing: /root/Gazebo_WS/install/gazebo_practise/share/gazebo_practise/environment/path.sh
[65.744s] -- Installing: /root/Gazebo_WS/install/gazebo_practise/share/gazebo_practise/environment/path.dsv
[65.744s] -- Installing: /root/Gazebo_WS/install/gazebo_practise/share/gazebo_practise/local_setup.bash
[65.744s] -- Installing: /root/Gazebo_WS/install/gazebo_practise/share/gazebo_practise/local_setup.sh
[65.745s] -- Installing: /root/Gazebo_WS/install/gazebo_practise/share/gazebo_practise/local_setup.zsh
[65.745s] -- Installing: /root/Gazebo_WS/install/gazebo_practise/share/gazebo_practise/local_setup.dsv
[65.745s] -- Installing: /root/Gazebo_WS/install/gazebo_practise/share/gazebo_practise/package.dsv
[65.745s] -- Installing: /root/Gazebo_WS/install/gazebo_practise/share/ament_index/resource_index/packages/gazebo_practise
[65.745s] -- Installing: /root/Gazebo_WS/install/gazebo_practise/share/gazebo_practise/cmake/gazebo_practiseConfig.cmake
[65.745s] -- Installing: /root/Gazebo_WS/install/gazebo_practise/share/gazebo_practise/cmake/gazebo_practiseConfig-version.cmake
[65.745s] -- Installing: /root/Gazebo_WS/install/gazebo_practise/share/gazebo_practise/package.xml
[65.748s] Invoked command in '/root/Gazebo_WS/build/gazebo_practise' returned '0': CMAKE_PREFIX_PATH=/root/Gazebo_WS/install/franka_description:/root/Gazebo_WS/install/gazebo_practise:/root/Gazebo_WS/install/franka_moveit_config:/root/Gazebo_WS/install/Gazebo_Practise:/root/Moveit2_WS/install/pilz_industrial_motion_planner_testutils:/root/Moveit2_WS/install/panda_moveit_config:/root/Moveit2_WS/install/moveit_runtime:/root/Moveit2_WS/install/moveit2_tutorials:/root/Moveit2_WS/install/moveit:/root/Moveit2_WS/install/moveit_planners:/root/Moveit2_WS/install/pilz_industrial_motion_planner:/root/Moveit2_WS/install/hello_moveit:/root/Moveit2_WS/install/moveit_visual_tools:/root/Moveit2_WS/install/moveit_task_constructor_visualization:/root/Moveit2_WS/install/moveit_task_constructor_demo:/root/Moveit2_WS/install/moveit_task_constructor_capabilities:/root/Moveit2_WS/install/moveit_task_constructor_core:/root/Moveit2_WS/install/moveit_ros_control_interface:/root/Moveit2_WS/install/moveit_plugins:/root/Moveit2_WS/install/moveit_simple_controller_manager:/root/Moveit2_WS/install/moveit_setup_assistant:/root/Moveit2_WS/install/moveit_setup_srdf_plugins:/root/Moveit2_WS/install/moveit_setup_core_plugins:/root/Moveit2_WS/install/moveit_setup_controllers:/root/Moveit2_WS/install/moveit_setup_app_plugins:/root/Moveit2_WS/install/moveit_setup_framework:/root/Moveit2_WS/install/moveit_servo:/root/Moveit2_WS/install/moveit_ros:/root/Moveit2_WS/install/moveit_ros_visualization:/root/Moveit2_WS/install/moveit_hybrid_planning:/root/Moveit2_WS/install/moveit_ros_planning_interface:/root/Moveit2_WS/install/moveit_ros_benchmarks:/root/Moveit2_WS/install/moveit_ros_warehouse:/root/Moveit2_WS/install/moveit_ros_robot_interaction:/root/Moveit2_WS/install/moveit_ros_perception:/root/Moveit2_WS/install/moveit_resources_prbt_pg70_support:/root/Moveit2_WS/install/moveit_resources_prbt_moveit_config:/root/Moveit2_WS/install/moveit_ros_move_group:/root/Moveit2_WS/install/moveit_planners_ompl:/root/Moveit2_WS/install/moveit_ros_planning:/root/Moveit2_WS/install/moveit_ros_occupancy_map_monitor:/root/Moveit2_WS/install/moveit_resources_prbt_ikfast_manipulator_plugin:/root/Moveit2_WS/install/moveit_planners_chomp:/root/Moveit2_WS/install/moveit_kinematics:/root/Moveit2_WS/install/moveit_chomp_optimizer_adapter:/root/Moveit2_WS/install/chomp_motion_planner:/root/Moveit2_WS/install/moveit_core:/root/Moveit2_WS/install/srdfdom:/root/Moveit2_WS/install/rviz_marker_tools:/root/Moveit2_WS/install/rosparam_shortcuts:/root/Moveit2_WS/install/moveit_task_constructor_msgs:/root/Moveit2_WS/install/moveit_resources_prbt_support:/root/Moveit2_WS/install/moveit_resources:/root/Moveit2_WS/install/moveit_resources_pr2_description:/root/Moveit2_WS/install/moveit_resources_panda_moveit_config:/root/Moveit2_WS/install/moveit_resources_panda_description:/root/Moveit2_WS/install/moveit_resources_fanuc_moveit_config:/root/Moveit2_WS/install/moveit_resources_fanuc_description:/root/Moveit2_WS/install/moveit_common:/root/Moveit2_WS/install/moveit_configs_utils:/root/Moveit2_WS/install/launch_param_builder:/opt/ros/humble /usr/bin/cmake --install /root/Gazebo_WS/build/gazebo_practise
