[0.228s] DEBUG:colcon:Command line arguments: ['/usr/bin/colcon', 'build', '--symlink-install']
[0.228s] DEBUG:colcon:Parsed command line arguments: Namespace(log_base=None, log_level=None, verb_name='build', build_base='build', install_base='install', merge_install=False, symlink_install=True, test_result_base=None, continue_on_error=False, executor='parallel', parallel_workers=20, event_handlers=None, ignore_user_meta=False, metas=['./colcon.meta'], base_paths=['.'], packages_ignore=None, packages_ignore_regex=None, paths=None, packages_up_to=None, packages_up_to_regex=None, packages_above=None, packages_above_and_dependencies=None, packages_above_depth=None, packages_select_by_dep=None, packages_skip_by_dep=None, packages_skip_up_to=None, packages_select_build_failed=False, packages_skip_build_finished=False, packages_select_test_failures=False, packages_skip_test_passed=False, packages_select=None, packages_skip=None, packages_select_regex=None, packages_skip_regex=None, packages_start=None, packages_end=None, allow_overriding=[], cmake_args=None, cmake_target=None, cmake_target_skip_unavailable=False, cmake_clean_cache=False, cmake_clean_first=False, cmake_force_configure=False, ament_cmake_args=None, catkin_cmake_args=None, catkin_skip_building_tests=False, mixin_files=None, mixin=None, verb_parser=<colcon_mixin.mixin.mixin_argument.MixinArgumentDecorator object at 0x7fd326eb3ac0>, verb_extension=<colcon_core.verb.build.BuildVerb object at 0x7fd326eb3550>, main=<bound method BuildVerb.main of <colcon_core.verb.build.BuildVerb object at 0x7fd326eb3550>>, mixin_verb=('build',))
[0.415s] Level 1:colcon.colcon_core.package_discovery:discover_packages(colcon_meta) check parameters
[0.415s] Level 1:colcon.colcon_core.package_discovery:discover_packages(recursive) check parameters
[0.415s] Level 1:colcon.colcon_core.package_discovery:discover_packages(ignore) check parameters
[0.415s] Level 1:colcon.colcon_core.package_discovery:discover_packages(path) check parameters
[0.415s] Level 1:colcon.colcon_core.package_discovery:discover_packages(colcon_meta) discover
[0.415s] Level 1:colcon.colcon_core.package_discovery:discover_packages(recursive) discover
[0.415s] INFO:colcon.colcon_core.package_discovery:Crawling recursively for packages in '/root/Gazebo_WS'
[0.415s] Level 1:colcon.colcon_core.package_identification:_identify(.) by extensions ['ignore', 'ignore_ament_install']
[0.415s] Level 1:colcon.colcon_core.package_identification:_identify(.) by extension 'ignore'
[0.415s] Level 1:colcon.colcon_core.package_identification:_identify(.) by extension 'ignore_ament_install'
[0.415s] Level 1:colcon.colcon_core.package_identification:_identify(.) by extensions ['colcon_pkg']
[0.415s] Level 1:colcon.colcon_core.package_identification:_identify(.) by extension 'colcon_pkg'
[0.415s] Level 1:colcon.colcon_core.package_identification:_identify(.) by extensions ['colcon_meta']
[0.415s] Level 1:colcon.colcon_core.package_identification:_identify(.) by extension 'colcon_meta'
[0.415s] Level 1:colcon.colcon_core.package_identification:_identify(.) by extensions ['ros']
[0.415s] Level 1:colcon.colcon_core.package_identification:_identify(.) by extension 'ros'
[0.423s] Level 1:colcon.colcon_core.package_identification:_identify(.) by extensions ['cmake', 'python']
[0.423s] Level 1:colcon.colcon_core.package_identification:_identify(.) by extension 'cmake'
[0.423s] Level 1:colcon.colcon_core.package_identification:_identify(.) by extension 'python'
[0.423s] Level 1:colcon.colcon_core.package_identification:_identify(.) by extensions ['python_setup_py']
[0.423s] Level 1:colcon.colcon_core.package_identification:_identify(.) by extension 'python_setup_py'
[0.423s] Level 1:colcon.colcon_core.package_identification:_identify(build) by extensions ['ignore', 'ignore_ament_install']
[0.423s] Level 1:colcon.colcon_core.package_identification:_identify(build) by extension 'ignore'
[0.423s] Level 1:colcon.colcon_core.package_identification:_identify(build) ignored
[0.423s] Level 1:colcon.colcon_core.package_identification:_identify(install) by extensions ['ignore', 'ignore_ament_install']
[0.423s] Level 1:colcon.colcon_core.package_identification:_identify(install) by extension 'ignore'
[0.423s] Level 1:colcon.colcon_core.package_identification:_identify(install) ignored
[0.423s] Level 1:colcon.colcon_core.package_identification:_identify(log) by extensions ['ignore', 'ignore_ament_install']
[0.423s] Level 1:colcon.colcon_core.package_identification:_identify(log) by extension 'ignore'
[0.423s] Level 1:colcon.colcon_core.package_identification:_identify(log) ignored
[0.423s] Level 1:colcon.colcon_core.package_identification:_identify(src) by extensions ['ignore', 'ignore_ament_install']
[0.423s] Level 1:colcon.colcon_core.package_identification:_identify(src) by extension 'ignore'
[0.423s] Level 1:colcon.colcon_core.package_identification:_identify(src) by extension 'ignore_ament_install'
[0.423s] Level 1:colcon.colcon_core.package_identification:_identify(src) by extensions ['colcon_pkg']
[0.423s] Level 1:colcon.colcon_core.package_identification:_identify(src) by extension 'colcon_pkg'
[0.423s] Level 1:colcon.colcon_core.package_identification:_identify(src) by extensions ['colcon_meta']
[0.423s] Level 1:colcon.colcon_core.package_identification:_identify(src) by extension 'colcon_meta'
[0.423s] Level 1:colcon.colcon_core.package_identification:_identify(src) by extensions ['ros']
[0.423s] Level 1:colcon.colcon_core.package_identification:_identify(src) by extension 'ros'
[0.423s] Level 1:colcon.colcon_core.package_identification:_identify(src) by extensions ['cmake', 'python']
[0.423s] Level 1:colcon.colcon_core.package_identification:_identify(src) by extension 'cmake'
[0.423s] Level 1:colcon.colcon_core.package_identification:_identify(src) by extension 'python'
[0.423s] Level 1:colcon.colcon_core.package_identification:_identify(src) by extensions ['python_setup_py']
[0.423s] Level 1:colcon.colcon_core.package_identification:_identify(src) by extension 'python_setup_py'
[0.423s] Level 1:colcon.colcon_core.package_identification:_identify(src/franka_description) by extensions ['ignore', 'ignore_ament_install']
[0.424s] Level 1:colcon.colcon_core.package_identification:_identify(src/franka_description) by extension 'ignore'
[0.424s] Level 1:colcon.colcon_core.package_identification:_identify(src/franka_description) by extension 'ignore_ament_install'
[0.424s] Level 1:colcon.colcon_core.package_identification:_identify(src/franka_description) by extensions ['colcon_pkg']
[0.424s] Level 1:colcon.colcon_core.package_identification:_identify(src/franka_description) by extension 'colcon_pkg'
[0.424s] Level 1:colcon.colcon_core.package_identification:_identify(src/franka_description) by extensions ['colcon_meta']
[0.424s] Level 1:colcon.colcon_core.package_identification:_identify(src/franka_description) by extension 'colcon_meta'
[0.424s] Level 1:colcon.colcon_core.package_identification:_identify(src/franka_description) by extensions ['ros']
[0.424s] Level 1:colcon.colcon_core.package_identification:_identify(src/franka_description) by extension 'ros'
[0.426s] DEBUG:colcon.colcon_core.package_identification:Package 'src/franka_description' with type 'ros.ament_cmake' and name 'franka_description'
[0.426s] Level 1:colcon.colcon_core.package_identification:_identify(src/franka_moveit_config) by extensions ['ignore', 'ignore_ament_install']
[0.427s] Level 1:colcon.colcon_core.package_identification:_identify(src/franka_moveit_config) by extension 'ignore'
[0.427s] Level 1:colcon.colcon_core.package_identification:_identify(src/franka_moveit_config) by extension 'ignore_ament_install'
[0.427s] Level 1:colcon.colcon_core.package_identification:_identify(src/franka_moveit_config) by extensions ['colcon_pkg']
[0.427s] Level 1:colcon.colcon_core.package_identification:_identify(src/franka_moveit_config) by extension 'colcon_pkg'
[0.427s] Level 1:colcon.colcon_core.package_identification:_identify(src/franka_moveit_config) by extensions ['colcon_meta']
[0.427s] Level 1:colcon.colcon_core.package_identification:_identify(src/franka_moveit_config) by extension 'colcon_meta'
[0.427s] Level 1:colcon.colcon_core.package_identification:_identify(src/franka_moveit_config) by extensions ['ros']
[0.427s] Level 1:colcon.colcon_core.package_identification:_identify(src/franka_moveit_config) by extension 'ros'
[0.428s] DEBUG:colcon.colcon_core.package_identification:Package 'src/franka_moveit_config' with type 'ros.ament_cmake' and name 'franka_moveit_config'
[0.428s] Level 1:colcon.colcon_core.package_identification:_identify(src/gazebo_practise) by extensions ['ignore', 'ignore_ament_install']
[0.428s] Level 1:colcon.colcon_core.package_identification:_identify(src/gazebo_practise) by extension 'ignore'
[0.428s] Level 1:colcon.colcon_core.package_identification:_identify(src/gazebo_practise) by extension 'ignore_ament_install'
[0.428s] Level 1:colcon.colcon_core.package_identification:_identify(src/gazebo_practise) by extensions ['colcon_pkg']
[0.428s] Level 1:colcon.colcon_core.package_identification:_identify(src/gazebo_practise) by extension 'colcon_pkg'
[0.428s] Level 1:colcon.colcon_core.package_identification:_identify(src/gazebo_practise) by extensions ['colcon_meta']
[0.428s] Level 1:colcon.colcon_core.package_identification:_identify(src/gazebo_practise) by extension 'colcon_meta'
[0.428s] Level 1:colcon.colcon_core.package_identification:_identify(src/gazebo_practise) by extensions ['ros']
[0.428s] Level 1:colcon.colcon_core.package_identification:_identify(src/gazebo_practise) by extension 'ros'
[0.429s] DEBUG:colcon.colcon_core.package_identification:Package 'src/gazebo_practise' with type 'ros.ament_cmake' and name 'gazebo_practise'
[0.429s] Level 1:colcon.colcon_core.package_discovery:discover_packages(recursive) using defaults
[0.429s] Level 1:colcon.colcon_core.package_discovery:discover_packages(ignore) discover
[0.429s] Level 1:colcon.colcon_core.package_discovery:discover_packages(ignore) using defaults
[0.429s] Level 1:colcon.colcon_core.package_discovery:discover_packages(path) discover
[0.429s] Level 1:colcon.colcon_core.package_discovery:discover_packages(path) using defaults
[0.453s] Level 1:colcon.colcon_core.package_discovery:discover_packages(prefix_path) check parameters
[0.453s] Level 1:colcon.colcon_core.package_discovery:discover_packages(prefix_path) discover
[0.457s] DEBUG:colcon.colcon_installed_package_information.package_discovery:Found 3 installed packages in /root/Gazebo_WS/install
[0.458s] DEBUG:colcon.colcon_installed_package_information.package_discovery:Found 57 installed packages in /root/Moveit2_WS/install
[0.459s] DEBUG:colcon.colcon_installed_package_information.package_discovery:Found 398 installed packages in /opt/ros/humble
[0.460s] Level 1:colcon.colcon_core.package_discovery:discover_packages(prefix_path) using defaults
[0.506s] Level 5:colcon.colcon_core.verb:set package 'franka_description' build argument 'cmake_args' from command line to 'None'
[0.506s] Level 5:colcon.colcon_core.verb:set package 'franka_description' build argument 'cmake_target' from command line to 'None'
[0.506s] Level 5:colcon.colcon_core.verb:set package 'franka_description' build argument 'cmake_target_skip_unavailable' from command line to 'False'
[0.506s] Level 5:colcon.colcon_core.verb:set package 'franka_description' build argument 'cmake_clean_cache' from command line to 'False'
[0.506s] Level 5:colcon.colcon_core.verb:set package 'franka_description' build argument 'cmake_clean_first' from command line to 'False'
[0.506s] Level 5:colcon.colcon_core.verb:set package 'franka_description' build argument 'cmake_force_configure' from command line to 'False'
[0.506s] Level 5:colcon.colcon_core.verb:set package 'franka_description' build argument 'ament_cmake_args' from command line to 'None'
[0.506s] Level 5:colcon.colcon_core.verb:set package 'franka_description' build argument 'catkin_cmake_args' from command line to 'None'
[0.506s] Level 5:colcon.colcon_core.verb:set package 'franka_description' build argument 'catkin_skip_building_tests' from command line to 'False'
[0.506s] DEBUG:colcon.colcon_core.verb:Building package 'franka_description' with the following arguments: {'ament_cmake_args': None, 'build_base': '/root/Gazebo_WS/build/franka_description', 'catkin_cmake_args': None, 'catkin_skip_building_tests': False, 'cmake_args': None, 'cmake_clean_cache': False, 'cmake_clean_first': False, 'cmake_force_configure': False, 'cmake_target': None, 'cmake_target_skip_unavailable': False, 'install_base': '/root/Gazebo_WS/install/franka_description', 'merge_install': False, 'path': '/root/Gazebo_WS/src/franka_description', 'symlink_install': True, 'test_result_base': None}
[0.506s] Level 5:colcon.colcon_core.verb:set package 'franka_moveit_config' build argument 'cmake_args' from command line to 'None'
[0.506s] Level 5:colcon.colcon_core.verb:set package 'franka_moveit_config' build argument 'cmake_target' from command line to 'None'
[0.506s] Level 5:colcon.colcon_core.verb:set package 'franka_moveit_config' build argument 'cmake_target_skip_unavailable' from command line to 'False'
[0.506s] Level 5:colcon.colcon_core.verb:set package 'franka_moveit_config' build argument 'cmake_clean_cache' from command line to 'False'
[0.506s] Level 5:colcon.colcon_core.verb:set package 'franka_moveit_config' build argument 'cmake_clean_first' from command line to 'False'
[0.506s] Level 5:colcon.colcon_core.verb:set package 'franka_moveit_config' build argument 'cmake_force_configure' from command line to 'False'
[0.506s] Level 5:colcon.colcon_core.verb:set package 'franka_moveit_config' build argument 'ament_cmake_args' from command line to 'None'
[0.507s] Level 5:colcon.colcon_core.verb:set package 'franka_moveit_config' build argument 'catkin_cmake_args' from command line to 'None'
[0.507s] Level 5:colcon.colcon_core.verb:set package 'franka_moveit_config' build argument 'catkin_skip_building_tests' from command line to 'False'
[0.507s] DEBUG:colcon.colcon_core.verb:Building package 'franka_moveit_config' with the following arguments: {'ament_cmake_args': None, 'build_base': '/root/Gazebo_WS/build/franka_moveit_config', 'catkin_cmake_args': None, 'catkin_skip_building_tests': False, 'cmake_args': None, 'cmake_clean_cache': False, 'cmake_clean_first': False, 'cmake_force_configure': False, 'cmake_target': None, 'cmake_target_skip_unavailable': False, 'install_base': '/root/Gazebo_WS/install/franka_moveit_config', 'merge_install': False, 'path': '/root/Gazebo_WS/src/franka_moveit_config', 'symlink_install': True, 'test_result_base': None}
[0.507s] Level 5:colcon.colcon_core.verb:set package 'gazebo_practise' build argument 'cmake_args' from command line to 'None'
[0.507s] Level 5:colcon.colcon_core.verb:set package 'gazebo_practise' build argument 'cmake_target' from command line to 'None'
[0.507s] Level 5:colcon.colcon_core.verb:set package 'gazebo_practise' build argument 'cmake_target_skip_unavailable' from command line to 'False'
[0.507s] Level 5:colcon.colcon_core.verb:set package 'gazebo_practise' build argument 'cmake_clean_cache' from command line to 'False'
[0.507s] Level 5:colcon.colcon_core.verb:set package 'gazebo_practise' build argument 'cmake_clean_first' from command line to 'False'
[0.507s] Level 5:colcon.colcon_core.verb:set package 'gazebo_practise' build argument 'cmake_force_configure' from command line to 'False'
[0.507s] Level 5:colcon.colcon_core.verb:set package 'gazebo_practise' build argument 'ament_cmake_args' from command line to 'None'
[0.507s] Level 5:colcon.colcon_core.verb:set package 'gazebo_practise' build argument 'catkin_cmake_args' from command line to 'None'
[0.507s] Level 5:colcon.colcon_core.verb:set package 'gazebo_practise' build argument 'catkin_skip_building_tests' from command line to 'False'
[0.507s] DEBUG:colcon.colcon_core.verb:Building package 'gazebo_practise' with the following arguments: {'ament_cmake_args': None, 'build_base': '/root/Gazebo_WS/build/gazebo_practise', 'catkin_cmake_args': None, 'catkin_skip_building_tests': False, 'cmake_args': None, 'cmake_clean_cache': False, 'cmake_clean_first': False, 'cmake_force_configure': False, 'cmake_target': None, 'cmake_target_skip_unavailable': False, 'install_base': '/root/Gazebo_WS/install/gazebo_practise', 'merge_install': False, 'path': '/root/Gazebo_WS/src/gazebo_practise', 'symlink_install': True, 'test_result_base': None}
[0.507s] INFO:colcon.colcon_core.executor:Executing jobs using 'parallel' executor
[0.508s] DEBUG:colcon.colcon_parallel_executor.executor.parallel:run_until_complete
[0.508s] INFO:colcon.colcon_ros.task.ament_cmake.build:Building ROS package in '/root/Gazebo_WS/src/franka_description' with build type 'ament_cmake'
[0.508s] INFO:colcon.colcon_cmake.task.cmake.build:Building CMake package in '/root/Gazebo_WS/src/franka_description'
[0.513s] INFO:colcon.colcon_core.plugin_system:Skipping extension 'colcon_core.shell.bat': Not used on non-Windows systems
[0.514s] INFO:colcon.colcon_core.shell:Skip shell extension 'powershell' for command environment: Not usable outside of PowerShell
[0.514s] DEBUG:colcon.colcon_core.shell:Skip shell extension 'dsv' for command environment
[0.524s] DEBUG:colcon.colcon_core.event_handler.log_command:Invoking command in '/root/Gazebo_WS/build/franka_description': CMAKE_PREFIX_PATH=${CMAKE_PREFIX_PATH}:/root/Moveit2_WS/install/moveit_configs_utils:/root/Moveit2_WS/install/launch_param_builder:/opt/ros/humble /usr/bin/cmake /root/Gazebo_WS/src/franka_description -DAMENT_CMAKE_SYMLINK_INSTALL=1 -DCMAKE_INSTALL_PREFIX=/root/Gazebo_WS/install/franka_description
[0.968s] DEBUG:colcon.colcon_core.event_handler.log_command:Invoked command in '/root/Gazebo_WS/build/franka_description' returned '0': CMAKE_PREFIX_PATH=${CMAKE_PREFIX_PATH}:/root/Moveit2_WS/install/moveit_configs_utils:/root/Moveit2_WS/install/launch_param_builder:/opt/ros/humble /usr/bin/cmake /root/Gazebo_WS/src/franka_description -DAMENT_CMAKE_SYMLINK_INSTALL=1 -DCMAKE_INSTALL_PREFIX=/root/Gazebo_WS/install/franka_description
[0.969s] DEBUG:colcon.colcon_core.event_handler.log_command:Invoking command in '/root/Gazebo_WS/build/franka_description': CMAKE_PREFIX_PATH=${CMAKE_PREFIX_PATH}:/root/Moveit2_WS/install/moveit_configs_utils:/root/Moveit2_WS/install/launch_param_builder:/opt/ros/humble /usr/bin/cmake --build /root/Gazebo_WS/build/franka_description -- -j20 -l20
[0.991s] DEBUG:colcon.colcon_core.event_handler.log_command:Invoked command in '/root/Gazebo_WS/build/franka_description' returned '0': CMAKE_PREFIX_PATH=${CMAKE_PREFIX_PATH}:/root/Moveit2_WS/install/moveit_configs_utils:/root/Moveit2_WS/install/launch_param_builder:/opt/ros/humble /usr/bin/cmake --build /root/Gazebo_WS/build/franka_description -- -j20 -l20
[0.997s] DEBUG:colcon.colcon_core.event_handler.log_command:Invoking command in '/root/Gazebo_WS/build/franka_description': CMAKE_PREFIX_PATH=${CMAKE_PREFIX_PATH}:/root/Moveit2_WS/install/moveit_configs_utils:/root/Moveit2_WS/install/launch_param_builder:/opt/ros/humble /usr/bin/cmake --install /root/Gazebo_WS/build/franka_description
[1.580s] Level 1:colcon.colcon_core.environment:create_environment_scripts_only(franka_description)
[1.581s] DEBUG:colcon.colcon_core.event_handler.log_command:Invoked command in '/root/Gazebo_WS/build/franka_description' returned '0': CMAKE_PREFIX_PATH=${CMAKE_PREFIX_PATH}:/root/Moveit2_WS/install/moveit_configs_utils:/root/Moveit2_WS/install/launch_param_builder:/opt/ros/humble /usr/bin/cmake --install /root/Gazebo_WS/build/franka_description
[1.588s] Level 1:colcon.colcon_core.environment:checking '/root/Gazebo_WS/install/franka_description' for CMake module files
[1.589s] Level 1:colcon.colcon_core.environment:checking '/root/Gazebo_WS/install/franka_description' for CMake config files
[1.589s] Level 1:colcon.colcon_core.shell:create_environment_hook('franka_description', 'cmake_prefix_path')
[1.589s] INFO:colcon.colcon_core.shell:Creating environment hook '/root/Gazebo_WS/install/franka_description/share/franka_description/hook/cmake_prefix_path.ps1'
[1.590s] INFO:colcon.colcon_core.shell:Creating environment descriptor '/root/Gazebo_WS/install/franka_description/share/franka_description/hook/cmake_prefix_path.dsv'
[1.591s] INFO:colcon.colcon_core.shell:Creating environment hook '/root/Gazebo_WS/install/franka_description/share/franka_description/hook/cmake_prefix_path.sh'
[1.591s] Level 1:colcon.colcon_core.environment:checking '/root/Gazebo_WS/install/franka_description/bin'
[1.591s] Level 1:colcon.colcon_core.environment:checking '/root/Gazebo_WS/install/franka_description/lib/pkgconfig/franka_description.pc'
[1.592s] Level 1:colcon.colcon_core.environment:checking '/root/Gazebo_WS/install/franka_description/lib/python3.10/site-packages'
[1.592s] Level 1:colcon.colcon_core.environment:checking '/root/Gazebo_WS/install/franka_description/bin'
[1.592s] INFO:colcon.colcon_core.shell:Creating package script '/root/Gazebo_WS/install/franka_description/share/franka_description/package.ps1'
[1.593s] INFO:colcon.colcon_core.shell:Creating package descriptor '/root/Gazebo_WS/install/franka_description/share/franka_description/package.dsv'
[1.593s] INFO:colcon.colcon_core.shell:Creating package script '/root/Gazebo_WS/install/franka_description/share/franka_description/package.sh'
[1.594s] INFO:colcon.colcon_core.shell:Creating package script '/root/Gazebo_WS/install/franka_description/share/franka_description/package.bash'
[1.595s] INFO:colcon.colcon_core.shell:Creating package script '/root/Gazebo_WS/install/franka_description/share/franka_description/package.zsh'
[1.596s] Level 1:colcon.colcon_core.environment:create_file_with_runtime_dependencies(/root/Gazebo_WS/install/franka_description/share/colcon-core/packages/franka_description)
[1.596s] Level 1:colcon.colcon_core.environment:create_environment_scripts_only(franka_description)
[1.596s] Level 1:colcon.colcon_core.environment:checking '/root/Gazebo_WS/install/franka_description' for CMake module files
[1.596s] Level 1:colcon.colcon_core.environment:checking '/root/Gazebo_WS/install/franka_description' for CMake config files
[1.597s] Level 1:colcon.colcon_core.shell:create_environment_hook('franka_description', 'cmake_prefix_path')
[1.597s] INFO:colcon.colcon_core.shell:Creating environment hook '/root/Gazebo_WS/install/franka_description/share/franka_description/hook/cmake_prefix_path.ps1'
[1.597s] INFO:colcon.colcon_core.shell:Creating environment descriptor '/root/Gazebo_WS/install/franka_description/share/franka_description/hook/cmake_prefix_path.dsv'
[1.597s] INFO:colcon.colcon_core.shell:Creating environment hook '/root/Gazebo_WS/install/franka_description/share/franka_description/hook/cmake_prefix_path.sh'
[1.598s] Level 1:colcon.colcon_core.environment:checking '/root/Gazebo_WS/install/franka_description/bin'
[1.598s] Level 1:colcon.colcon_core.environment:checking '/root/Gazebo_WS/install/franka_description/lib/pkgconfig/franka_description.pc'
[1.598s] Level 1:colcon.colcon_core.environment:checking '/root/Gazebo_WS/install/franka_description/lib/python3.10/site-packages'
[1.598s] Level 1:colcon.colcon_core.environment:checking '/root/Gazebo_WS/install/franka_description/bin'
[1.598s] INFO:colcon.colcon_core.shell:Creating package script '/root/Gazebo_WS/install/franka_description/share/franka_description/package.ps1'
[1.598s] INFO:colcon.colcon_core.shell:Creating package descriptor '/root/Gazebo_WS/install/franka_description/share/franka_description/package.dsv'
[1.599s] INFO:colcon.colcon_core.shell:Creating package script '/root/Gazebo_WS/install/franka_description/share/franka_description/package.sh'
[1.599s] INFO:colcon.colcon_core.shell:Creating package script '/root/Gazebo_WS/install/franka_description/share/franka_description/package.bash'
[1.599s] INFO:colcon.colcon_core.shell:Creating package script '/root/Gazebo_WS/install/franka_description/share/franka_description/package.zsh'
[1.599s] Level 1:colcon.colcon_core.environment:create_file_with_runtime_dependencies(/root/Gazebo_WS/install/franka_description/share/colcon-core/packages/franka_description)
[1.599s] INFO:colcon.colcon_ros.task.ament_cmake.build:Building ROS package in '/root/Gazebo_WS/src/franka_moveit_config' with build type 'ament_cmake'
[1.599s] INFO:colcon.colcon_cmake.task.cmake.build:Building CMake package in '/root/Gazebo_WS/src/franka_moveit_config'
[1.600s] INFO:colcon.colcon_core.shell:Skip shell extension 'powershell' for command environment: Not usable outside of PowerShell
[1.600s] DEBUG:colcon.colcon_core.shell:Skip shell extension 'dsv' for command environment
[1.604s] INFO:colcon.colcon_ros.task.ament_cmake.build:Building ROS package in '/root/Gazebo_WS/src/gazebo_practise' with build type 'ament_cmake'
[1.604s] INFO:colcon.colcon_cmake.task.cmake.build:Building CMake package in '/root/Gazebo_WS/src/gazebo_practise'
[1.604s] INFO:colcon.colcon_core.shell:Skip shell extension 'powershell' for command environment: Not usable outside of PowerShell
[1.604s] DEBUG:colcon.colcon_core.shell:Skip shell extension 'dsv' for command environment
[1.642s] DEBUG:colcon.colcon_core.event_handler.log_command:Invoking command in '/root/Gazebo_WS/build/franka_moveit_config': CMAKE_PREFIX_PATH=/root/Gazebo_WS/install/franka_description:/root/Gazebo_WS/install/gazebo_practise:/root/Gazebo_WS/install/franka_moveit_config:/root/Moveit2_WS/install/pilz_industrial_motion_planner_testutils:/root/Moveit2_WS/install/panda_moveit_config:/root/Moveit2_WS/install/moveit_runtime:/root/Moveit2_WS/install/moveit2_tutorials:/root/Moveit2_WS/install/moveit:/root/Moveit2_WS/install/moveit_planners:/root/Moveit2_WS/install/pilz_industrial_motion_planner:/root/Moveit2_WS/install/hello_moveit:/root/Moveit2_WS/install/moveit_visual_tools:/root/Moveit2_WS/install/moveit_task_constructor_visualization:/root/Moveit2_WS/install/moveit_task_constructor_demo:/root/Moveit2_WS/install/moveit_task_constructor_capabilities:/root/Moveit2_WS/install/moveit_task_constructor_core:/root/Moveit2_WS/install/moveit_ros_control_interface:/root/Moveit2_WS/install/moveit_plugins:/root/Moveit2_WS/install/moveit_simple_controller_manager:/root/Moveit2_WS/install/moveit_setup_assistant:/root/Moveit2_WS/install/moveit_setup_srdf_plugins:/root/Moveit2_WS/install/moveit_setup_core_plugins:/root/Moveit2_WS/install/moveit_setup_controllers:/root/Moveit2_WS/install/moveit_setup_app_plugins:/root/Moveit2_WS/install/moveit_setup_framework:/root/Moveit2_WS/install/moveit_servo:/root/Moveit2_WS/install/moveit_ros:/root/Moveit2_WS/install/moveit_ros_visualization:/root/Moveit2_WS/install/moveit_hybrid_planning:/root/Moveit2_WS/install/moveit_ros_planning_interface:/root/Moveit2_WS/install/moveit_ros_benchmarks:/root/Moveit2_WS/install/moveit_ros_warehouse:/root/Moveit2_WS/install/moveit_ros_robot_interaction:/root/Moveit2_WS/install/moveit_ros_perception:/root/Moveit2_WS/install/moveit_resources_prbt_pg70_support:/root/Moveit2_WS/install/moveit_resources_prbt_moveit_config:/root/Moveit2_WS/install/moveit_ros_move_group:/root/Moveit2_WS/install/moveit_planners_ompl:/root/Moveit2_WS/install/moveit_ros_planning:/root/Moveit2_WS/install/moveit_ros_occupancy_map_monitor:/root/Moveit2_WS/install/moveit_resources_prbt_ikfast_manipulator_plugin:/root/Moveit2_WS/install/moveit_planners_chomp:/root/Moveit2_WS/install/moveit_kinematics:/root/Moveit2_WS/install/moveit_chomp_optimizer_adapter:/root/Moveit2_WS/install/chomp_motion_planner:/root/Moveit2_WS/install/moveit_core:/root/Moveit2_WS/install/srdfdom:/root/Moveit2_WS/install/rviz_marker_tools:/root/Moveit2_WS/install/rosparam_shortcuts:/root/Moveit2_WS/install/moveit_task_constructor_msgs:/root/Moveit2_WS/install/moveit_resources_prbt_support:/root/Moveit2_WS/install/moveit_resources:/root/Moveit2_WS/install/moveit_resources_pr2_description:/root/Moveit2_WS/install/moveit_resources_panda_moveit_config:/root/Moveit2_WS/install/moveit_resources_panda_description:/root/Moveit2_WS/install/moveit_resources_fanuc_moveit_config:/root/Moveit2_WS/install/moveit_resources_fanuc_description:/root/Moveit2_WS/install/moveit_common:/root/Moveit2_WS/install/moveit_configs_utils:/root/Moveit2_WS/install/launch_param_builder:/opt/ros/humble /usr/bin/cmake /root/Gazebo_WS/src/franka_moveit_config -DAMENT_CMAKE_SYMLINK_INSTALL=1 -DCMAKE_INSTALL_PREFIX=/root/Gazebo_WS/install/franka_moveit_config
[1.645s] DEBUG:colcon.colcon_core.event_handler.log_command:Invoking command in '/root/Gazebo_WS/build/gazebo_practise': CMAKE_PREFIX_PATH=/root/Gazebo_WS/install/franka_description:/root/Gazebo_WS/install/gazebo_practise:/root/Gazebo_WS/install/franka_moveit_config:/root/Moveit2_WS/install/pilz_industrial_motion_planner_testutils:/root/Moveit2_WS/install/panda_moveit_config:/root/Moveit2_WS/install/moveit_runtime:/root/Moveit2_WS/install/moveit2_tutorials:/root/Moveit2_WS/install/moveit:/root/Moveit2_WS/install/moveit_planners:/root/Moveit2_WS/install/pilz_industrial_motion_planner:/root/Moveit2_WS/install/hello_moveit:/root/Moveit2_WS/install/moveit_visual_tools:/root/Moveit2_WS/install/moveit_task_constructor_visualization:/root/Moveit2_WS/install/moveit_task_constructor_demo:/root/Moveit2_WS/install/moveit_task_constructor_capabilities:/root/Moveit2_WS/install/moveit_task_constructor_core:/root/Moveit2_WS/install/moveit_ros_control_interface:/root/Moveit2_WS/install/moveit_plugins:/root/Moveit2_WS/install/moveit_simple_controller_manager:/root/Moveit2_WS/install/moveit_setup_assistant:/root/Moveit2_WS/install/moveit_setup_srdf_plugins:/root/Moveit2_WS/install/moveit_setup_core_plugins:/root/Moveit2_WS/install/moveit_setup_controllers:/root/Moveit2_WS/install/moveit_setup_app_plugins:/root/Moveit2_WS/install/moveit_setup_framework:/root/Moveit2_WS/install/moveit_servo:/root/Moveit2_WS/install/moveit_ros:/root/Moveit2_WS/install/moveit_ros_visualization:/root/Moveit2_WS/install/moveit_hybrid_planning:/root/Moveit2_WS/install/moveit_ros_planning_interface:/root/Moveit2_WS/install/moveit_ros_benchmarks:/root/Moveit2_WS/install/moveit_ros_warehouse:/root/Moveit2_WS/install/moveit_ros_robot_interaction:/root/Moveit2_WS/install/moveit_ros_perception:/root/Moveit2_WS/install/moveit_resources_prbt_pg70_support:/root/Moveit2_WS/install/moveit_resources_prbt_moveit_config:/root/Moveit2_WS/install/moveit_ros_move_group:/root/Moveit2_WS/install/moveit_planners_ompl:/root/Moveit2_WS/install/moveit_ros_planning:/root/Moveit2_WS/install/moveit_ros_occupancy_map_monitor:/root/Moveit2_WS/install/moveit_resources_prbt_ikfast_manipulator_plugin:/root/Moveit2_WS/install/moveit_planners_chomp:/root/Moveit2_WS/install/moveit_kinematics:/root/Moveit2_WS/install/moveit_chomp_optimizer_adapter:/root/Moveit2_WS/install/chomp_motion_planner:/root/Moveit2_WS/install/moveit_core:/root/Moveit2_WS/install/srdfdom:/root/Moveit2_WS/install/rviz_marker_tools:/root/Moveit2_WS/install/rosparam_shortcuts:/root/Moveit2_WS/install/moveit_task_constructor_msgs:/root/Moveit2_WS/install/moveit_resources_prbt_support:/root/Moveit2_WS/install/moveit_resources:/root/Moveit2_WS/install/moveit_resources_pr2_description:/root/Moveit2_WS/install/moveit_resources_panda_moveit_config:/root/Moveit2_WS/install/moveit_resources_panda_description:/root/Moveit2_WS/install/moveit_resources_fanuc_moveit_config:/root/Moveit2_WS/install/moveit_resources_fanuc_description:/root/Moveit2_WS/install/moveit_common:/root/Moveit2_WS/install/moveit_configs_utils:/root/Moveit2_WS/install/launch_param_builder:/opt/ros/humble /usr/bin/cmake /root/Gazebo_WS/src/gazebo_practise -DAMENT_CMAKE_SYMLINK_INSTALL=1 -DCMAKE_INSTALL_PREFIX=/root/Gazebo_WS/install/gazebo_practise
[1.817s] DEBUG:colcon.colcon_core.event_handler.log_command:Invoked command in '/root/Gazebo_WS/build/franka_moveit_config' returned '0': CMAKE_PREFIX_PATH=/root/Gazebo_WS/install/franka_description:/root/Gazebo_WS/install/gazebo_practise:/root/Gazebo_WS/install/franka_moveit_config:/root/Moveit2_WS/install/pilz_industrial_motion_planner_testutils:/root/Moveit2_WS/install/panda_moveit_config:/root/Moveit2_WS/install/moveit_runtime:/root/Moveit2_WS/install/moveit2_tutorials:/root/Moveit2_WS/install/moveit:/root/Moveit2_WS/install/moveit_planners:/root/Moveit2_WS/install/pilz_industrial_motion_planner:/root/Moveit2_WS/install/hello_moveit:/root/Moveit2_WS/install/moveit_visual_tools:/root/Moveit2_WS/install/moveit_task_constructor_visualization:/root/Moveit2_WS/install/moveit_task_constructor_demo:/root/Moveit2_WS/install/moveit_task_constructor_capabilities:/root/Moveit2_WS/install/moveit_task_constructor_core:/root/Moveit2_WS/install/moveit_ros_control_interface:/root/Moveit2_WS/install/moveit_plugins:/root/Moveit2_WS/install/moveit_simple_controller_manager:/root/Moveit2_WS/install/moveit_setup_assistant:/root/Moveit2_WS/install/moveit_setup_srdf_plugins:/root/Moveit2_WS/install/moveit_setup_core_plugins:/root/Moveit2_WS/install/moveit_setup_controllers:/root/Moveit2_WS/install/moveit_setup_app_plugins:/root/Moveit2_WS/install/moveit_setup_framework:/root/Moveit2_WS/install/moveit_servo:/root/Moveit2_WS/install/moveit_ros:/root/Moveit2_WS/install/moveit_ros_visualization:/root/Moveit2_WS/install/moveit_hybrid_planning:/root/Moveit2_WS/install/moveit_ros_planning_interface:/root/Moveit2_WS/install/moveit_ros_benchmarks:/root/Moveit2_WS/install/moveit_ros_warehouse:/root/Moveit2_WS/install/moveit_ros_robot_interaction:/root/Moveit2_WS/install/moveit_ros_perception:/root/Moveit2_WS/install/moveit_resources_prbt_pg70_support:/root/Moveit2_WS/install/moveit_resources_prbt_moveit_config:/root/Moveit2_WS/install/moveit_ros_move_group:/root/Moveit2_WS/install/moveit_planners_ompl:/root/Moveit2_WS/install/moveit_ros_planning:/root/Moveit2_WS/install/moveit_ros_occupancy_map_monitor:/root/Moveit2_WS/install/moveit_resources_prbt_ikfast_manipulator_plugin:/root/Moveit2_WS/install/moveit_planners_chomp:/root/Moveit2_WS/install/moveit_kinematics:/root/Moveit2_WS/install/moveit_chomp_optimizer_adapter:/root/Moveit2_WS/install/chomp_motion_planner:/root/Moveit2_WS/install/moveit_core:/root/Moveit2_WS/install/srdfdom:/root/Moveit2_WS/install/rviz_marker_tools:/root/Moveit2_WS/install/rosparam_shortcuts:/root/Moveit2_WS/install/moveit_task_constructor_msgs:/root/Moveit2_WS/install/moveit_resources_prbt_support:/root/Moveit2_WS/install/moveit_resources:/root/Moveit2_WS/install/moveit_resources_pr2_description:/root/Moveit2_WS/install/moveit_resources_panda_moveit_config:/root/Moveit2_WS/install/moveit_resources_panda_description:/root/Moveit2_WS/install/moveit_resources_fanuc_moveit_config:/root/Moveit2_WS/install/moveit_resources_fanuc_description:/root/Moveit2_WS/install/moveit_common:/root/Moveit2_WS/install/moveit_configs_utils:/root/Moveit2_WS/install/launch_param_builder:/opt/ros/humble /usr/bin/cmake /root/Gazebo_WS/src/franka_moveit_config -DAMENT_CMAKE_SYMLINK_INSTALL=1 -DCMAKE_INSTALL_PREFIX=/root/Gazebo_WS/install/franka_moveit_config
[1.819s] DEBUG:colcon.colcon_core.event_handler.log_command:Invoking command in '/root/Gazebo_WS/build/franka_moveit_config': CMAKE_PREFIX_PATH=/root/Gazebo_WS/install/franka_description:/root/Gazebo_WS/install/gazebo_practise:/root/Gazebo_WS/install/franka_moveit_config:/root/Moveit2_WS/install/pilz_industrial_motion_planner_testutils:/root/Moveit2_WS/install/panda_moveit_config:/root/Moveit2_WS/install/moveit_runtime:/root/Moveit2_WS/install/moveit2_tutorials:/root/Moveit2_WS/install/moveit:/root/Moveit2_WS/install/moveit_planners:/root/Moveit2_WS/install/pilz_industrial_motion_planner:/root/Moveit2_WS/install/hello_moveit:/root/Moveit2_WS/install/moveit_visual_tools:/root/Moveit2_WS/install/moveit_task_constructor_visualization:/root/Moveit2_WS/install/moveit_task_constructor_demo:/root/Moveit2_WS/install/moveit_task_constructor_capabilities:/root/Moveit2_WS/install/moveit_task_constructor_core:/root/Moveit2_WS/install/moveit_ros_control_interface:/root/Moveit2_WS/install/moveit_plugins:/root/Moveit2_WS/install/moveit_simple_controller_manager:/root/Moveit2_WS/install/moveit_setup_assistant:/root/Moveit2_WS/install/moveit_setup_srdf_plugins:/root/Moveit2_WS/install/moveit_setup_core_plugins:/root/Moveit2_WS/install/moveit_setup_controllers:/root/Moveit2_WS/install/moveit_setup_app_plugins:/root/Moveit2_WS/install/moveit_setup_framework:/root/Moveit2_WS/install/moveit_servo:/root/Moveit2_WS/install/moveit_ros:/root/Moveit2_WS/install/moveit_ros_visualization:/root/Moveit2_WS/install/moveit_hybrid_planning:/root/Moveit2_WS/install/moveit_ros_planning_interface:/root/Moveit2_WS/install/moveit_ros_benchmarks:/root/Moveit2_WS/install/moveit_ros_warehouse:/root/Moveit2_WS/install/moveit_ros_robot_interaction:/root/Moveit2_WS/install/moveit_ros_perception:/root/Moveit2_WS/install/moveit_resources_prbt_pg70_support:/root/Moveit2_WS/install/moveit_resources_prbt_moveit_config:/root/Moveit2_WS/install/moveit_ros_move_group:/root/Moveit2_WS/install/moveit_planners_ompl:/root/Moveit2_WS/install/moveit_ros_planning:/root/Moveit2_WS/install/moveit_ros_occupancy_map_monitor:/root/Moveit2_WS/install/moveit_resources_prbt_ikfast_manipulator_plugin:/root/Moveit2_WS/install/moveit_planners_chomp:/root/Moveit2_WS/install/moveit_kinematics:/root/Moveit2_WS/install/moveit_chomp_optimizer_adapter:/root/Moveit2_WS/install/chomp_motion_planner:/root/Moveit2_WS/install/moveit_core:/root/Moveit2_WS/install/srdfdom:/root/Moveit2_WS/install/rviz_marker_tools:/root/Moveit2_WS/install/rosparam_shortcuts:/root/Moveit2_WS/install/moveit_task_constructor_msgs:/root/Moveit2_WS/install/moveit_resources_prbt_support:/root/Moveit2_WS/install/moveit_resources:/root/Moveit2_WS/install/moveit_resources_pr2_description:/root/Moveit2_WS/install/moveit_resources_panda_moveit_config:/root/Moveit2_WS/install/moveit_resources_panda_description:/root/Moveit2_WS/install/moveit_resources_fanuc_moveit_config:/root/Moveit2_WS/install/moveit_resources_fanuc_description:/root/Moveit2_WS/install/moveit_common:/root/Moveit2_WS/install/moveit_configs_utils:/root/Moveit2_WS/install/launch_param_builder:/opt/ros/humble /usr/bin/cmake --build /root/Gazebo_WS/build/franka_moveit_config -- -j20 -l20
[1.855s] DEBUG:colcon.colcon_core.event_handler.log_command:Invoked command in '/root/Gazebo_WS/build/franka_moveit_config' returned '0': CMAKE_PREFIX_PATH=/root/Gazebo_WS/install/franka_description:/root/Gazebo_WS/install/gazebo_practise:/root/Gazebo_WS/install/franka_moveit_config:/root/Moveit2_WS/install/pilz_industrial_motion_planner_testutils:/root/Moveit2_WS/install/panda_moveit_config:/root/Moveit2_WS/install/moveit_runtime:/root/Moveit2_WS/install/moveit2_tutorials:/root/Moveit2_WS/install/moveit:/root/Moveit2_WS/install/moveit_planners:/root/Moveit2_WS/install/pilz_industrial_motion_planner:/root/Moveit2_WS/install/hello_moveit:/root/Moveit2_WS/install/moveit_visual_tools:/root/Moveit2_WS/install/moveit_task_constructor_visualization:/root/Moveit2_WS/install/moveit_task_constructor_demo:/root/Moveit2_WS/install/moveit_task_constructor_capabilities:/root/Moveit2_WS/install/moveit_task_constructor_core:/root/Moveit2_WS/install/moveit_ros_control_interface:/root/Moveit2_WS/install/moveit_plugins:/root/Moveit2_WS/install/moveit_simple_controller_manager:/root/Moveit2_WS/install/moveit_setup_assistant:/root/Moveit2_WS/install/moveit_setup_srdf_plugins:/root/Moveit2_WS/install/moveit_setup_core_plugins:/root/Moveit2_WS/install/moveit_setup_controllers:/root/Moveit2_WS/install/moveit_setup_app_plugins:/root/Moveit2_WS/install/moveit_setup_framework:/root/Moveit2_WS/install/moveit_servo:/root/Moveit2_WS/install/moveit_ros:/root/Moveit2_WS/install/moveit_ros_visualization:/root/Moveit2_WS/install/moveit_hybrid_planning:/root/Moveit2_WS/install/moveit_ros_planning_interface:/root/Moveit2_WS/install/moveit_ros_benchmarks:/root/Moveit2_WS/install/moveit_ros_warehouse:/root/Moveit2_WS/install/moveit_ros_robot_interaction:/root/Moveit2_WS/install/moveit_ros_perception:/root/Moveit2_WS/install/moveit_resources_prbt_pg70_support:/root/Moveit2_WS/install/moveit_resources_prbt_moveit_config:/root/Moveit2_WS/install/moveit_ros_move_group:/root/Moveit2_WS/install/moveit_planners_ompl:/root/Moveit2_WS/install/moveit_ros_planning:/root/Moveit2_WS/install/moveit_ros_occupancy_map_monitor:/root/Moveit2_WS/install/moveit_resources_prbt_ikfast_manipulator_plugin:/root/Moveit2_WS/install/moveit_planners_chomp:/root/Moveit2_WS/install/moveit_kinematics:/root/Moveit2_WS/install/moveit_chomp_optimizer_adapter:/root/Moveit2_WS/install/chomp_motion_planner:/root/Moveit2_WS/install/moveit_core:/root/Moveit2_WS/install/srdfdom:/root/Moveit2_WS/install/rviz_marker_tools:/root/Moveit2_WS/install/rosparam_shortcuts:/root/Moveit2_WS/install/moveit_task_constructor_msgs:/root/Moveit2_WS/install/moveit_resources_prbt_support:/root/Moveit2_WS/install/moveit_resources:/root/Moveit2_WS/install/moveit_resources_pr2_description:/root/Moveit2_WS/install/moveit_resources_panda_moveit_config:/root/Moveit2_WS/install/moveit_resources_panda_description:/root/Moveit2_WS/install/moveit_resources_fanuc_moveit_config:/root/Moveit2_WS/install/moveit_resources_fanuc_description:/root/Moveit2_WS/install/moveit_common:/root/Moveit2_WS/install/moveit_configs_utils:/root/Moveit2_WS/install/launch_param_builder:/opt/ros/humble /usr/bin/cmake --build /root/Gazebo_WS/build/franka_moveit_config -- -j20 -l20
[1.857s] DEBUG:colcon.colcon_core.event_handler.log_command:Invoking command in '/root/Gazebo_WS/build/franka_moveit_config': CMAKE_PREFIX_PATH=/root/Gazebo_WS/install/franka_description:/root/Gazebo_WS/install/gazebo_practise:/root/Gazebo_WS/install/franka_moveit_config:/root/Moveit2_WS/install/pilz_industrial_motion_planner_testutils:/root/Moveit2_WS/install/panda_moveit_config:/root/Moveit2_WS/install/moveit_runtime:/root/Moveit2_WS/install/moveit2_tutorials:/root/Moveit2_WS/install/moveit:/root/Moveit2_WS/install/moveit_planners:/root/Moveit2_WS/install/pilz_industrial_motion_planner:/root/Moveit2_WS/install/hello_moveit:/root/Moveit2_WS/install/moveit_visual_tools:/root/Moveit2_WS/install/moveit_task_constructor_visualization:/root/Moveit2_WS/install/moveit_task_constructor_demo:/root/Moveit2_WS/install/moveit_task_constructor_capabilities:/root/Moveit2_WS/install/moveit_task_constructor_core:/root/Moveit2_WS/install/moveit_ros_control_interface:/root/Moveit2_WS/install/moveit_plugins:/root/Moveit2_WS/install/moveit_simple_controller_manager:/root/Moveit2_WS/install/moveit_setup_assistant:/root/Moveit2_WS/install/moveit_setup_srdf_plugins:/root/Moveit2_WS/install/moveit_setup_core_plugins:/root/Moveit2_WS/install/moveit_setup_controllers:/root/Moveit2_WS/install/moveit_setup_app_plugins:/root/Moveit2_WS/install/moveit_setup_framework:/root/Moveit2_WS/install/moveit_servo:/root/Moveit2_WS/install/moveit_ros:/root/Moveit2_WS/install/moveit_ros_visualization:/root/Moveit2_WS/install/moveit_hybrid_planning:/root/Moveit2_WS/install/moveit_ros_planning_interface:/root/Moveit2_WS/install/moveit_ros_benchmarks:/root/Moveit2_WS/install/moveit_ros_warehouse:/root/Moveit2_WS/install/moveit_ros_robot_interaction:/root/Moveit2_WS/install/moveit_ros_perception:/root/Moveit2_WS/install/moveit_resources_prbt_pg70_support:/root/Moveit2_WS/install/moveit_resources_prbt_moveit_config:/root/Moveit2_WS/install/moveit_ros_move_group:/root/Moveit2_WS/install/moveit_planners_ompl:/root/Moveit2_WS/install/moveit_ros_planning:/root/Moveit2_WS/install/moveit_ros_occupancy_map_monitor:/root/Moveit2_WS/install/moveit_resources_prbt_ikfast_manipulator_plugin:/root/Moveit2_WS/install/moveit_planners_chomp:/root/Moveit2_WS/install/moveit_kinematics:/root/Moveit2_WS/install/moveit_chomp_optimizer_adapter:/root/Moveit2_WS/install/chomp_motion_planner:/root/Moveit2_WS/install/moveit_core:/root/Moveit2_WS/install/srdfdom:/root/Moveit2_WS/install/rviz_marker_tools:/root/Moveit2_WS/install/rosparam_shortcuts:/root/Moveit2_WS/install/moveit_task_constructor_msgs:/root/Moveit2_WS/install/moveit_resources_prbt_support:/root/Moveit2_WS/install/moveit_resources:/root/Moveit2_WS/install/moveit_resources_pr2_description:/root/Moveit2_WS/install/moveit_resources_panda_moveit_config:/root/Moveit2_WS/install/moveit_resources_panda_description:/root/Moveit2_WS/install/moveit_resources_fanuc_moveit_config:/root/Moveit2_WS/install/moveit_resources_fanuc_description:/root/Moveit2_WS/install/moveit_common:/root/Moveit2_WS/install/moveit_configs_utils:/root/Moveit2_WS/install/launch_param_builder:/opt/ros/humble /usr/bin/cmake --install /root/Gazebo_WS/build/franka_moveit_config
[2.105s] Level 1:colcon.colcon_core.environment:create_environment_scripts_only(franka_moveit_config)
[2.105s] DEBUG:colcon.colcon_core.event_handler.log_command:Invoked command in '/root/Gazebo_WS/build/franka_moveit_config' returned '0': CMAKE_PREFIX_PATH=/root/Gazebo_WS/install/franka_description:/root/Gazebo_WS/install/gazebo_practise:/root/Gazebo_WS/install/franka_moveit_config:/root/Moveit2_WS/install/pilz_industrial_motion_planner_testutils:/root/Moveit2_WS/install/panda_moveit_config:/root/Moveit2_WS/install/moveit_runtime:/root/Moveit2_WS/install/moveit2_tutorials:/root/Moveit2_WS/install/moveit:/root/Moveit2_WS/install/moveit_planners:/root/Moveit2_WS/install/pilz_industrial_motion_planner:/root/Moveit2_WS/install/hello_moveit:/root/Moveit2_WS/install/moveit_visual_tools:/root/Moveit2_WS/install/moveit_task_constructor_visualization:/root/Moveit2_WS/install/moveit_task_constructor_demo:/root/Moveit2_WS/install/moveit_task_constructor_capabilities:/root/Moveit2_WS/install/moveit_task_constructor_core:/root/Moveit2_WS/install/moveit_ros_control_interface:/root/Moveit2_WS/install/moveit_plugins:/root/Moveit2_WS/install/moveit_simple_controller_manager:/root/Moveit2_WS/install/moveit_setup_assistant:/root/Moveit2_WS/install/moveit_setup_srdf_plugins:/root/Moveit2_WS/install/moveit_setup_core_plugins:/root/Moveit2_WS/install/moveit_setup_controllers:/root/Moveit2_WS/install/moveit_setup_app_plugins:/root/Moveit2_WS/install/moveit_setup_framework:/root/Moveit2_WS/install/moveit_servo:/root/Moveit2_WS/install/moveit_ros:/root/Moveit2_WS/install/moveit_ros_visualization:/root/Moveit2_WS/install/moveit_hybrid_planning:/root/Moveit2_WS/install/moveit_ros_planning_interface:/root/Moveit2_WS/install/moveit_ros_benchmarks:/root/Moveit2_WS/install/moveit_ros_warehouse:/root/Moveit2_WS/install/moveit_ros_robot_interaction:/root/Moveit2_WS/install/moveit_ros_perception:/root/Moveit2_WS/install/moveit_resources_prbt_pg70_support:/root/Moveit2_WS/install/moveit_resources_prbt_moveit_config:/root/Moveit2_WS/install/moveit_ros_move_group:/root/Moveit2_WS/install/moveit_planners_ompl:/root/Moveit2_WS/install/moveit_ros_planning:/root/Moveit2_WS/install/moveit_ros_occupancy_map_monitor:/root/Moveit2_WS/install/moveit_resources_prbt_ikfast_manipulator_plugin:/root/Moveit2_WS/install/moveit_planners_chomp:/root/Moveit2_WS/install/moveit_kinematics:/root/Moveit2_WS/install/moveit_chomp_optimizer_adapter:/root/Moveit2_WS/install/chomp_motion_planner:/root/Moveit2_WS/install/moveit_core:/root/Moveit2_WS/install/srdfdom:/root/Moveit2_WS/install/rviz_marker_tools:/root/Moveit2_WS/install/rosparam_shortcuts:/root/Moveit2_WS/install/moveit_task_constructor_msgs:/root/Moveit2_WS/install/moveit_resources_prbt_support:/root/Moveit2_WS/install/moveit_resources:/root/Moveit2_WS/install/moveit_resources_pr2_description:/root/Moveit2_WS/install/moveit_resources_panda_moveit_config:/root/Moveit2_WS/install/moveit_resources_panda_description:/root/Moveit2_WS/install/moveit_resources_fanuc_moveit_config:/root/Moveit2_WS/install/moveit_resources_fanuc_description:/root/Moveit2_WS/install/moveit_common:/root/Moveit2_WS/install/moveit_configs_utils:/root/Moveit2_WS/install/launch_param_builder:/opt/ros/humble /usr/bin/cmake --install /root/Gazebo_WS/build/franka_moveit_config
[2.105s] Level 1:colcon.colcon_core.environment:checking '/root/Gazebo_WS/install/franka_moveit_config' for CMake module files
[2.106s] Level 1:colcon.colcon_core.environment:checking '/root/Gazebo_WS/install/franka_moveit_config' for CMake config files
[2.106s] Level 1:colcon.colcon_core.shell:create_environment_hook('franka_moveit_config', 'cmake_prefix_path')
[2.106s] INFO:colcon.colcon_core.shell:Creating environment hook '/root/Gazebo_WS/install/franka_moveit_config/share/franka_moveit_config/hook/cmake_prefix_path.ps1'
[2.107s] INFO:colcon.colcon_core.shell:Creating environment descriptor '/root/Gazebo_WS/install/franka_moveit_config/share/franka_moveit_config/hook/cmake_prefix_path.dsv'
[2.107s] INFO:colcon.colcon_core.shell:Creating environment hook '/root/Gazebo_WS/install/franka_moveit_config/share/franka_moveit_config/hook/cmake_prefix_path.sh'
[2.107s] Level 1:colcon.colcon_core.environment:checking '/root/Gazebo_WS/install/franka_moveit_config/bin'
[2.107s] Level 1:colcon.colcon_core.environment:checking '/root/Gazebo_WS/install/franka_moveit_config/lib/pkgconfig/franka_moveit_config.pc'
[2.107s] Level 1:colcon.colcon_core.environment:checking '/root/Gazebo_WS/install/franka_moveit_config/lib/python3.10/site-packages'
[2.108s] Level 1:colcon.colcon_core.environment:checking '/root/Gazebo_WS/install/franka_moveit_config/bin'
[2.108s] INFO:colcon.colcon_core.shell:Creating package script '/root/Gazebo_WS/install/franka_moveit_config/share/franka_moveit_config/package.ps1'
[2.108s] INFO:colcon.colcon_core.shell:Creating package descriptor '/root/Gazebo_WS/install/franka_moveit_config/share/franka_moveit_config/package.dsv'
[2.108s] INFO:colcon.colcon_core.shell:Creating package script '/root/Gazebo_WS/install/franka_moveit_config/share/franka_moveit_config/package.sh'
[2.109s] INFO:colcon.colcon_core.shell:Creating package script '/root/Gazebo_WS/install/franka_moveit_config/share/franka_moveit_config/package.bash'
[2.109s] INFO:colcon.colcon_core.shell:Creating package script '/root/Gazebo_WS/install/franka_moveit_config/share/franka_moveit_config/package.zsh'
[2.109s] Level 1:colcon.colcon_core.environment:create_file_with_runtime_dependencies(/root/Gazebo_WS/install/franka_moveit_config/share/colcon-core/packages/franka_moveit_config)
[2.109s] Level 1:colcon.colcon_core.environment:create_environment_scripts_only(franka_moveit_config)
[2.110s] Level 1:colcon.colcon_core.environment:checking '/root/Gazebo_WS/install/franka_moveit_config' for CMake module files
[2.110s] Level 1:colcon.colcon_core.environment:checking '/root/Gazebo_WS/install/franka_moveit_config' for CMake config files
[2.110s] Level 1:colcon.colcon_core.shell:create_environment_hook('franka_moveit_config', 'cmake_prefix_path')
[2.110s] INFO:colcon.colcon_core.shell:Creating environment hook '/root/Gazebo_WS/install/franka_moveit_config/share/franka_moveit_config/hook/cmake_prefix_path.ps1'
[2.111s] INFO:colcon.colcon_core.shell:Creating environment descriptor '/root/Gazebo_WS/install/franka_moveit_config/share/franka_moveit_config/hook/cmake_prefix_path.dsv'
[2.111s] INFO:colcon.colcon_core.shell:Creating environment hook '/root/Gazebo_WS/install/franka_moveit_config/share/franka_moveit_config/hook/cmake_prefix_path.sh'
[2.112s] Level 1:colcon.colcon_core.environment:checking '/root/Gazebo_WS/install/franka_moveit_config/bin'
[2.112s] Level 1:colcon.colcon_core.environment:checking '/root/Gazebo_WS/install/franka_moveit_config/lib/pkgconfig/franka_moveit_config.pc'
[2.112s] Level 1:colcon.colcon_core.environment:checking '/root/Gazebo_WS/install/franka_moveit_config/lib/python3.10/site-packages'
[2.112s] Level 1:colcon.colcon_core.environment:checking '/root/Gazebo_WS/install/franka_moveit_config/bin'
[2.112s] INFO:colcon.colcon_core.shell:Creating package script '/root/Gazebo_WS/install/franka_moveit_config/share/franka_moveit_config/package.ps1'
[2.113s] INFO:colcon.colcon_core.shell:Creating package descriptor '/root/Gazebo_WS/install/franka_moveit_config/share/franka_moveit_config/package.dsv'
[2.113s] INFO:colcon.colcon_core.shell:Creating package script '/root/Gazebo_WS/install/franka_moveit_config/share/franka_moveit_config/package.sh'
[2.113s] INFO:colcon.colcon_core.shell:Creating package script '/root/Gazebo_WS/install/franka_moveit_config/share/franka_moveit_config/package.bash'
[2.113s] INFO:colcon.colcon_core.shell:Creating package script '/root/Gazebo_WS/install/franka_moveit_config/share/franka_moveit_config/package.zsh'
[2.114s] Level 1:colcon.colcon_core.environment:create_file_with_runtime_dependencies(/root/Gazebo_WS/install/franka_moveit_config/share/colcon-core/packages/franka_moveit_config)
[10.723s] DEBUG:colcon.colcon_core.event_handler.log_command:Invoked command in '/root/Gazebo_WS/build/gazebo_practise' returned '0': CMAKE_PREFIX_PATH=/root/Gazebo_WS/install/franka_description:/root/Gazebo_WS/install/gazebo_practise:/root/Gazebo_WS/install/franka_moveit_config:/root/Moveit2_WS/install/pilz_industrial_motion_planner_testutils:/root/Moveit2_WS/install/panda_moveit_config:/root/Moveit2_WS/install/moveit_runtime:/root/Moveit2_WS/install/moveit2_tutorials:/root/Moveit2_WS/install/moveit:/root/Moveit2_WS/install/moveit_planners:/root/Moveit2_WS/install/pilz_industrial_motion_planner:/root/Moveit2_WS/install/hello_moveit:/root/Moveit2_WS/install/moveit_visual_tools:/root/Moveit2_WS/install/moveit_task_constructor_visualization:/root/Moveit2_WS/install/moveit_task_constructor_demo:/root/Moveit2_WS/install/moveit_task_constructor_capabilities:/root/Moveit2_WS/install/moveit_task_constructor_core:/root/Moveit2_WS/install/moveit_ros_control_interface:/root/Moveit2_WS/install/moveit_plugins:/root/Moveit2_WS/install/moveit_simple_controller_manager:/root/Moveit2_WS/install/moveit_setup_assistant:/root/Moveit2_WS/install/moveit_setup_srdf_plugins:/root/Moveit2_WS/install/moveit_setup_core_plugins:/root/Moveit2_WS/install/moveit_setup_controllers:/root/Moveit2_WS/install/moveit_setup_app_plugins:/root/Moveit2_WS/install/moveit_setup_framework:/root/Moveit2_WS/install/moveit_servo:/root/Moveit2_WS/install/moveit_ros:/root/Moveit2_WS/install/moveit_ros_visualization:/root/Moveit2_WS/install/moveit_hybrid_planning:/root/Moveit2_WS/install/moveit_ros_planning_interface:/root/Moveit2_WS/install/moveit_ros_benchmarks:/root/Moveit2_WS/install/moveit_ros_warehouse:/root/Moveit2_WS/install/moveit_ros_robot_interaction:/root/Moveit2_WS/install/moveit_ros_perception:/root/Moveit2_WS/install/moveit_resources_prbt_pg70_support:/root/Moveit2_WS/install/moveit_resources_prbt_moveit_config:/root/Moveit2_WS/install/moveit_ros_move_group:/root/Moveit2_WS/install/moveit_planners_ompl:/root/Moveit2_WS/install/moveit_ros_planning:/root/Moveit2_WS/install/moveit_ros_occupancy_map_monitor:/root/Moveit2_WS/install/moveit_resources_prbt_ikfast_manipulator_plugin:/root/Moveit2_WS/install/moveit_planners_chomp:/root/Moveit2_WS/install/moveit_kinematics:/root/Moveit2_WS/install/moveit_chomp_optimizer_adapter:/root/Moveit2_WS/install/chomp_motion_planner:/root/Moveit2_WS/install/moveit_core:/root/Moveit2_WS/install/srdfdom:/root/Moveit2_WS/install/rviz_marker_tools:/root/Moveit2_WS/install/rosparam_shortcuts:/root/Moveit2_WS/install/moveit_task_constructor_msgs:/root/Moveit2_WS/install/moveit_resources_prbt_support:/root/Moveit2_WS/install/moveit_resources:/root/Moveit2_WS/install/moveit_resources_pr2_description:/root/Moveit2_WS/install/moveit_resources_panda_moveit_config:/root/Moveit2_WS/install/moveit_resources_panda_description:/root/Moveit2_WS/install/moveit_resources_fanuc_moveit_config:/root/Moveit2_WS/install/moveit_resources_fanuc_description:/root/Moveit2_WS/install/moveit_common:/root/Moveit2_WS/install/moveit_configs_utils:/root/Moveit2_WS/install/launch_param_builder:/opt/ros/humble /usr/bin/cmake /root/Gazebo_WS/src/gazebo_practise -DAMENT_CMAKE_SYMLINK_INSTALL=1 -DCMAKE_INSTALL_PREFIX=/root/Gazebo_WS/install/gazebo_practise
[10.725s] DEBUG:colcon.colcon_core.event_handler.log_command:Invoking command in '/root/Gazebo_WS/build/gazebo_practise': CMAKE_PREFIX_PATH=/root/Gazebo_WS/install/franka_description:/root/Gazebo_WS/install/gazebo_practise:/root/Gazebo_WS/install/franka_moveit_config:/root/Moveit2_WS/install/pilz_industrial_motion_planner_testutils:/root/Moveit2_WS/install/panda_moveit_config:/root/Moveit2_WS/install/moveit_runtime:/root/Moveit2_WS/install/moveit2_tutorials:/root/Moveit2_WS/install/moveit:/root/Moveit2_WS/install/moveit_planners:/root/Moveit2_WS/install/pilz_industrial_motion_planner:/root/Moveit2_WS/install/hello_moveit:/root/Moveit2_WS/install/moveit_visual_tools:/root/Moveit2_WS/install/moveit_task_constructor_visualization:/root/Moveit2_WS/install/moveit_task_constructor_demo:/root/Moveit2_WS/install/moveit_task_constructor_capabilities:/root/Moveit2_WS/install/moveit_task_constructor_core:/root/Moveit2_WS/install/moveit_ros_control_interface:/root/Moveit2_WS/install/moveit_plugins:/root/Moveit2_WS/install/moveit_simple_controller_manager:/root/Moveit2_WS/install/moveit_setup_assistant:/root/Moveit2_WS/install/moveit_setup_srdf_plugins:/root/Moveit2_WS/install/moveit_setup_core_plugins:/root/Moveit2_WS/install/moveit_setup_controllers:/root/Moveit2_WS/install/moveit_setup_app_plugins:/root/Moveit2_WS/install/moveit_setup_framework:/root/Moveit2_WS/install/moveit_servo:/root/Moveit2_WS/install/moveit_ros:/root/Moveit2_WS/install/moveit_ros_visualization:/root/Moveit2_WS/install/moveit_hybrid_planning:/root/Moveit2_WS/install/moveit_ros_planning_interface:/root/Moveit2_WS/install/moveit_ros_benchmarks:/root/Moveit2_WS/install/moveit_ros_warehouse:/root/Moveit2_WS/install/moveit_ros_robot_interaction:/root/Moveit2_WS/install/moveit_ros_perception:/root/Moveit2_WS/install/moveit_resources_prbt_pg70_support:/root/Moveit2_WS/install/moveit_resources_prbt_moveit_config:/root/Moveit2_WS/install/moveit_ros_move_group:/root/Moveit2_WS/install/moveit_planners_ompl:/root/Moveit2_WS/install/moveit_ros_planning:/root/Moveit2_WS/install/moveit_ros_occupancy_map_monitor:/root/Moveit2_WS/install/moveit_resources_prbt_ikfast_manipulator_plugin:/root/Moveit2_WS/install/moveit_planners_chomp:/root/Moveit2_WS/install/moveit_kinematics:/root/Moveit2_WS/install/moveit_chomp_optimizer_adapter:/root/Moveit2_WS/install/chomp_motion_planner:/root/Moveit2_WS/install/moveit_core:/root/Moveit2_WS/install/srdfdom:/root/Moveit2_WS/install/rviz_marker_tools:/root/Moveit2_WS/install/rosparam_shortcuts:/root/Moveit2_WS/install/moveit_task_constructor_msgs:/root/Moveit2_WS/install/moveit_resources_prbt_support:/root/Moveit2_WS/install/moveit_resources:/root/Moveit2_WS/install/moveit_resources_pr2_description:/root/Moveit2_WS/install/moveit_resources_panda_moveit_config:/root/Moveit2_WS/install/moveit_resources_panda_description:/root/Moveit2_WS/install/moveit_resources_fanuc_moveit_config:/root/Moveit2_WS/install/moveit_resources_fanuc_description:/root/Moveit2_WS/install/moveit_common:/root/Moveit2_WS/install/moveit_configs_utils:/root/Moveit2_WS/install/launch_param_builder:/opt/ros/humble /usr/bin/cmake --build /root/Gazebo_WS/build/gazebo_practise -- -j20 -l20
[10.988s] DEBUG:colcon.colcon_core.event_handler.log_command:Invoked command in '/root/Gazebo_WS/build/gazebo_practise' returned '0': CMAKE_PREFIX_PATH=/root/Gazebo_WS/install/franka_description:/root/Gazebo_WS/install/gazebo_practise:/root/Gazebo_WS/install/franka_moveit_config:/root/Moveit2_WS/install/pilz_industrial_motion_planner_testutils:/root/Moveit2_WS/install/panda_moveit_config:/root/Moveit2_WS/install/moveit_runtime:/root/Moveit2_WS/install/moveit2_tutorials:/root/Moveit2_WS/install/moveit:/root/Moveit2_WS/install/moveit_planners:/root/Moveit2_WS/install/pilz_industrial_motion_planner:/root/Moveit2_WS/install/hello_moveit:/root/Moveit2_WS/install/moveit_visual_tools:/root/Moveit2_WS/install/moveit_task_constructor_visualization:/root/Moveit2_WS/install/moveit_task_constructor_demo:/root/Moveit2_WS/install/moveit_task_constructor_capabilities:/root/Moveit2_WS/install/moveit_task_constructor_core:/root/Moveit2_WS/install/moveit_ros_control_interface:/root/Moveit2_WS/install/moveit_plugins:/root/Moveit2_WS/install/moveit_simple_controller_manager:/root/Moveit2_WS/install/moveit_setup_assistant:/root/Moveit2_WS/install/moveit_setup_srdf_plugins:/root/Moveit2_WS/install/moveit_setup_core_plugins:/root/Moveit2_WS/install/moveit_setup_controllers:/root/Moveit2_WS/install/moveit_setup_app_plugins:/root/Moveit2_WS/install/moveit_setup_framework:/root/Moveit2_WS/install/moveit_servo:/root/Moveit2_WS/install/moveit_ros:/root/Moveit2_WS/install/moveit_ros_visualization:/root/Moveit2_WS/install/moveit_hybrid_planning:/root/Moveit2_WS/install/moveit_ros_planning_interface:/root/Moveit2_WS/install/moveit_ros_benchmarks:/root/Moveit2_WS/install/moveit_ros_warehouse:/root/Moveit2_WS/install/moveit_ros_robot_interaction:/root/Moveit2_WS/install/moveit_ros_perception:/root/Moveit2_WS/install/moveit_resources_prbt_pg70_support:/root/Moveit2_WS/install/moveit_resources_prbt_moveit_config:/root/Moveit2_WS/install/moveit_ros_move_group:/root/Moveit2_WS/install/moveit_planners_ompl:/root/Moveit2_WS/install/moveit_ros_planning:/root/Moveit2_WS/install/moveit_ros_occupancy_map_monitor:/root/Moveit2_WS/install/moveit_resources_prbt_ikfast_manipulator_plugin:/root/Moveit2_WS/install/moveit_planners_chomp:/root/Moveit2_WS/install/moveit_kinematics:/root/Moveit2_WS/install/moveit_chomp_optimizer_adapter:/root/Moveit2_WS/install/chomp_motion_planner:/root/Moveit2_WS/install/moveit_core:/root/Moveit2_WS/install/srdfdom:/root/Moveit2_WS/install/rviz_marker_tools:/root/Moveit2_WS/install/rosparam_shortcuts:/root/Moveit2_WS/install/moveit_task_constructor_msgs:/root/Moveit2_WS/install/moveit_resources_prbt_support:/root/Moveit2_WS/install/moveit_resources:/root/Moveit2_WS/install/moveit_resources_pr2_description:/root/Moveit2_WS/install/moveit_resources_panda_moveit_config:/root/Moveit2_WS/install/moveit_resources_panda_description:/root/Moveit2_WS/install/moveit_resources_fanuc_moveit_config:/root/Moveit2_WS/install/moveit_resources_fanuc_description:/root/Moveit2_WS/install/moveit_common:/root/Moveit2_WS/install/moveit_configs_utils:/root/Moveit2_WS/install/launch_param_builder:/opt/ros/humble /usr/bin/cmake --build /root/Gazebo_WS/build/gazebo_practise -- -j20 -l20
[10.989s] DEBUG:colcon.colcon_core.event_handler.log_command:Invoking command in '/root/Gazebo_WS/build/gazebo_practise': CMAKE_PREFIX_PATH=/root/Gazebo_WS/install/franka_description:/root/Gazebo_WS/install/gazebo_practise:/root/Gazebo_WS/install/franka_moveit_config:/root/Moveit2_WS/install/pilz_industrial_motion_planner_testutils:/root/Moveit2_WS/install/panda_moveit_config:/root/Moveit2_WS/install/moveit_runtime:/root/Moveit2_WS/install/moveit2_tutorials:/root/Moveit2_WS/install/moveit:/root/Moveit2_WS/install/moveit_planners:/root/Moveit2_WS/install/pilz_industrial_motion_planner:/root/Moveit2_WS/install/hello_moveit:/root/Moveit2_WS/install/moveit_visual_tools:/root/Moveit2_WS/install/moveit_task_constructor_visualization:/root/Moveit2_WS/install/moveit_task_constructor_demo:/root/Moveit2_WS/install/moveit_task_constructor_capabilities:/root/Moveit2_WS/install/moveit_task_constructor_core:/root/Moveit2_WS/install/moveit_ros_control_interface:/root/Moveit2_WS/install/moveit_plugins:/root/Moveit2_WS/install/moveit_simple_controller_manager:/root/Moveit2_WS/install/moveit_setup_assistant:/root/Moveit2_WS/install/moveit_setup_srdf_plugins:/root/Moveit2_WS/install/moveit_setup_core_plugins:/root/Moveit2_WS/install/moveit_setup_controllers:/root/Moveit2_WS/install/moveit_setup_app_plugins:/root/Moveit2_WS/install/moveit_setup_framework:/root/Moveit2_WS/install/moveit_servo:/root/Moveit2_WS/install/moveit_ros:/root/Moveit2_WS/install/moveit_ros_visualization:/root/Moveit2_WS/install/moveit_hybrid_planning:/root/Moveit2_WS/install/moveit_ros_planning_interface:/root/Moveit2_WS/install/moveit_ros_benchmarks:/root/Moveit2_WS/install/moveit_ros_warehouse:/root/Moveit2_WS/install/moveit_ros_robot_interaction:/root/Moveit2_WS/install/moveit_ros_perception:/root/Moveit2_WS/install/moveit_resources_prbt_pg70_support:/root/Moveit2_WS/install/moveit_resources_prbt_moveit_config:/root/Moveit2_WS/install/moveit_ros_move_group:/root/Moveit2_WS/install/moveit_planners_ompl:/root/Moveit2_WS/install/moveit_ros_planning:/root/Moveit2_WS/install/moveit_ros_occupancy_map_monitor:/root/Moveit2_WS/install/moveit_resources_prbt_ikfast_manipulator_plugin:/root/Moveit2_WS/install/moveit_planners_chomp:/root/Moveit2_WS/install/moveit_kinematics:/root/Moveit2_WS/install/moveit_chomp_optimizer_adapter:/root/Moveit2_WS/install/chomp_motion_planner:/root/Moveit2_WS/install/moveit_core:/root/Moveit2_WS/install/srdfdom:/root/Moveit2_WS/install/rviz_marker_tools:/root/Moveit2_WS/install/rosparam_shortcuts:/root/Moveit2_WS/install/moveit_task_constructor_msgs:/root/Moveit2_WS/install/moveit_resources_prbt_support:/root/Moveit2_WS/install/moveit_resources:/root/Moveit2_WS/install/moveit_resources_pr2_description:/root/Moveit2_WS/install/moveit_resources_panda_moveit_config:/root/Moveit2_WS/install/moveit_resources_panda_description:/root/Moveit2_WS/install/moveit_resources_fanuc_moveit_config:/root/Moveit2_WS/install/moveit_resources_fanuc_description:/root/Moveit2_WS/install/moveit_common:/root/Moveit2_WS/install/moveit_configs_utils:/root/Moveit2_WS/install/launch_param_builder:/opt/ros/humble /usr/bin/cmake --install /root/Gazebo_WS/build/gazebo_practise
[11.113s] Level 1:colcon.colcon_core.environment:create_environment_scripts_only(gazebo_practise)
[11.113s] Level 1:colcon.colcon_core.environment:checking '/root/Gazebo_WS/install/gazebo_practise' for CMake module files
[11.114s] DEBUG:colcon.colcon_core.event_handler.log_command:Invoked command in '/root/Gazebo_WS/build/gazebo_practise' returned '0': CMAKE_PREFIX_PATH=/root/Gazebo_WS/install/franka_description:/root/Gazebo_WS/install/gazebo_practise:/root/Gazebo_WS/install/franka_moveit_config:/root/Moveit2_WS/install/pilz_industrial_motion_planner_testutils:/root/Moveit2_WS/install/panda_moveit_config:/root/Moveit2_WS/install/moveit_runtime:/root/Moveit2_WS/install/moveit2_tutorials:/root/Moveit2_WS/install/moveit:/root/Moveit2_WS/install/moveit_planners:/root/Moveit2_WS/install/pilz_industrial_motion_planner:/root/Moveit2_WS/install/hello_moveit:/root/Moveit2_WS/install/moveit_visual_tools:/root/Moveit2_WS/install/moveit_task_constructor_visualization:/root/Moveit2_WS/install/moveit_task_constructor_demo:/root/Moveit2_WS/install/moveit_task_constructor_capabilities:/root/Moveit2_WS/install/moveit_task_constructor_core:/root/Moveit2_WS/install/moveit_ros_control_interface:/root/Moveit2_WS/install/moveit_plugins:/root/Moveit2_WS/install/moveit_simple_controller_manager:/root/Moveit2_WS/install/moveit_setup_assistant:/root/Moveit2_WS/install/moveit_setup_srdf_plugins:/root/Moveit2_WS/install/moveit_setup_core_plugins:/root/Moveit2_WS/install/moveit_setup_controllers:/root/Moveit2_WS/install/moveit_setup_app_plugins:/root/Moveit2_WS/install/moveit_setup_framework:/root/Moveit2_WS/install/moveit_servo:/root/Moveit2_WS/install/moveit_ros:/root/Moveit2_WS/install/moveit_ros_visualization:/root/Moveit2_WS/install/moveit_hybrid_planning:/root/Moveit2_WS/install/moveit_ros_planning_interface:/root/Moveit2_WS/install/moveit_ros_benchmarks:/root/Moveit2_WS/install/moveit_ros_warehouse:/root/Moveit2_WS/install/moveit_ros_robot_interaction:/root/Moveit2_WS/install/moveit_ros_perception:/root/Moveit2_WS/install/moveit_resources_prbt_pg70_support:/root/Moveit2_WS/install/moveit_resources_prbt_moveit_config:/root/Moveit2_WS/install/moveit_ros_move_group:/root/Moveit2_WS/install/moveit_planners_ompl:/root/Moveit2_WS/install/moveit_ros_planning:/root/Moveit2_WS/install/moveit_ros_occupancy_map_monitor:/root/Moveit2_WS/install/moveit_resources_prbt_ikfast_manipulator_plugin:/root/Moveit2_WS/install/moveit_planners_chomp:/root/Moveit2_WS/install/moveit_kinematics:/root/Moveit2_WS/install/moveit_chomp_optimizer_adapter:/root/Moveit2_WS/install/chomp_motion_planner:/root/Moveit2_WS/install/moveit_core:/root/Moveit2_WS/install/srdfdom:/root/Moveit2_WS/install/rviz_marker_tools:/root/Moveit2_WS/install/rosparam_shortcuts:/root/Moveit2_WS/install/moveit_task_constructor_msgs:/root/Moveit2_WS/install/moveit_resources_prbt_support:/root/Moveit2_WS/install/moveit_resources:/root/Moveit2_WS/install/moveit_resources_pr2_description:/root/Moveit2_WS/install/moveit_resources_panda_moveit_config:/root/Moveit2_WS/install/moveit_resources_panda_description:/root/Moveit2_WS/install/moveit_resources_fanuc_moveit_config:/root/Moveit2_WS/install/moveit_resources_fanuc_description:/root/Moveit2_WS/install/moveit_common:/root/Moveit2_WS/install/moveit_configs_utils:/root/Moveit2_WS/install/launch_param_builder:/opt/ros/humble /usr/bin/cmake --install /root/Gazebo_WS/build/gazebo_practise
[11.114s] Level 1:colcon.colcon_core.environment:checking '/root/Gazebo_WS/install/gazebo_practise' for CMake config files
[11.114s] Level 1:colcon.colcon_core.shell:create_environment_hook('gazebo_practise', 'cmake_prefix_path')
[11.114s] INFO:colcon.colcon_core.shell:Creating environment hook '/root/Gazebo_WS/install/gazebo_practise/share/gazebo_practise/hook/cmake_prefix_path.ps1'
[11.114s] INFO:colcon.colcon_core.shell:Creating environment descriptor '/root/Gazebo_WS/install/gazebo_practise/share/gazebo_practise/hook/cmake_prefix_path.dsv'
[11.115s] INFO:colcon.colcon_core.shell:Creating environment hook '/root/Gazebo_WS/install/gazebo_practise/share/gazebo_practise/hook/cmake_prefix_path.sh'
[11.115s] Level 1:colcon.colcon_core.environment:checking '/root/Gazebo_WS/install/gazebo_practise/lib'
[11.115s] Level 1:colcon.colcon_core.environment:checking '/root/Gazebo_WS/install/gazebo_practise/bin'
[11.115s] Level 1:colcon.colcon_core.environment:checking '/root/Gazebo_WS/install/gazebo_practise/lib/pkgconfig/gazebo_practise.pc'
[11.115s] Level 1:colcon.colcon_core.environment:checking '/root/Gazebo_WS/install/gazebo_practise/lib/python3.10/site-packages'
[11.115s] Level 1:colcon.colcon_core.environment:checking '/root/Gazebo_WS/install/gazebo_practise/bin'
[11.115s] INFO:colcon.colcon_core.shell:Creating package script '/root/Gazebo_WS/install/gazebo_practise/share/gazebo_practise/package.ps1'
[11.116s] INFO:colcon.colcon_core.shell:Creating package descriptor '/root/Gazebo_WS/install/gazebo_practise/share/gazebo_practise/package.dsv'
[11.116s] INFO:colcon.colcon_core.shell:Creating package script '/root/Gazebo_WS/install/gazebo_practise/share/gazebo_practise/package.sh'
[11.116s] INFO:colcon.colcon_core.shell:Creating package script '/root/Gazebo_WS/install/gazebo_practise/share/gazebo_practise/package.bash'
[11.116s] INFO:colcon.colcon_core.shell:Creating package script '/root/Gazebo_WS/install/gazebo_practise/share/gazebo_practise/package.zsh'
[11.116s] Level 1:colcon.colcon_core.environment:create_file_with_runtime_dependencies(/root/Gazebo_WS/install/gazebo_practise/share/colcon-core/packages/gazebo_practise)
[11.117s] Level 1:colcon.colcon_core.environment:create_environment_scripts_only(gazebo_practise)
[11.117s] Level 1:colcon.colcon_core.environment:checking '/root/Gazebo_WS/install/gazebo_practise' for CMake module files
[11.117s] Level 1:colcon.colcon_core.environment:checking '/root/Gazebo_WS/install/gazebo_practise' for CMake config files
[11.117s] Level 1:colcon.colcon_core.shell:create_environment_hook('gazebo_practise', 'cmake_prefix_path')
[11.117s] INFO:colcon.colcon_core.shell:Creating environment hook '/root/Gazebo_WS/install/gazebo_practise/share/gazebo_practise/hook/cmake_prefix_path.ps1'
[11.117s] INFO:colcon.colcon_core.shell:Creating environment descriptor '/root/Gazebo_WS/install/gazebo_practise/share/gazebo_practise/hook/cmake_prefix_path.dsv'
[11.117s] INFO:colcon.colcon_core.shell:Creating environment hook '/root/Gazebo_WS/install/gazebo_practise/share/gazebo_practise/hook/cmake_prefix_path.sh'
[11.118s] Level 1:colcon.colcon_core.environment:checking '/root/Gazebo_WS/install/gazebo_practise/lib'
[11.118s] Level 1:colcon.colcon_core.environment:checking '/root/Gazebo_WS/install/gazebo_practise/bin'
[11.118s] Level 1:colcon.colcon_core.environment:checking '/root/Gazebo_WS/install/gazebo_practise/lib/pkgconfig/gazebo_practise.pc'
[11.118s] Level 1:colcon.colcon_core.environment:checking '/root/Gazebo_WS/install/gazebo_practise/lib/python3.10/site-packages'
[11.118s] Level 1:colcon.colcon_core.environment:checking '/root/Gazebo_WS/install/gazebo_practise/bin'
[11.118s] INFO:colcon.colcon_core.shell:Creating package script '/root/Gazebo_WS/install/gazebo_practise/share/gazebo_practise/package.ps1'
[11.119s] INFO:colcon.colcon_core.shell:Creating package descriptor '/root/Gazebo_WS/install/gazebo_practise/share/gazebo_practise/package.dsv'
[11.119s] INFO:colcon.colcon_core.shell:Creating package script '/root/Gazebo_WS/install/gazebo_practise/share/gazebo_practise/package.sh'
[11.119s] INFO:colcon.colcon_core.shell:Creating package script '/root/Gazebo_WS/install/gazebo_practise/share/gazebo_practise/package.bash'
[11.119s] INFO:colcon.colcon_core.shell:Creating package script '/root/Gazebo_WS/install/gazebo_practise/share/gazebo_practise/package.zsh'
[11.119s] Level 1:colcon.colcon_core.environment:create_file_with_runtime_dependencies(/root/Gazebo_WS/install/gazebo_practise/share/colcon-core/packages/gazebo_practise)
[11.119s] DEBUG:colcon.colcon_parallel_executor.executor.parallel:closing loop
[11.120s] DEBUG:colcon.colcon_parallel_executor.executor.parallel:loop closed
[11.120s] DEBUG:colcon.colcon_parallel_executor.executor.parallel:run_until_complete finished with '0'
[11.120s] DEBUG:colcon.colcon_core.event_reactor:joining thread
[11.164s] INFO:colcon.colcon_core.plugin_system:Skipping extension 'colcon_notification.desktop_notification.notify_send': Could not find 'notify-send'
[11.164s] INFO:colcon.colcon_core.plugin_system:Skipping extension 'colcon_notification.desktop_notification.terminal_notifier': Not used on non-Darwin systems
[11.164s] INFO:colcon.colcon_core.plugin_system:Skipping extension 'colcon_notification.desktop_notification.win32': Not used on non-Windows systems
[11.164s] INFO:colcon.colcon_notification.desktop_notification:Sending desktop notification using 'notify2'
[11.164s] DEBUG:colcon.colcon_notification.desktop_notification.notify2:Failed to initialize notify2: org.freedesktop.DBus.Error.FileNotFound: Failed to connect to socket /run/user/0/bus: No such file or directory
[11.164s] DEBUG:colcon.colcon_core.event_reactor:joined thread
[11.165s] INFO:colcon.colcon_core.shell:Creating prefix script '/root/Gazebo_WS/install/local_setup.ps1'
[11.165s] INFO:colcon.colcon_core.shell:Creating prefix util module '/root/Gazebo_WS/install/_local_setup_util_ps1.py'
[11.166s] INFO:colcon.colcon_core.shell:Creating prefix chain script '/root/Gazebo_WS/install/setup.ps1'
[11.168s] INFO:colcon.colcon_core.shell:Creating prefix script '/root/Gazebo_WS/install/local_setup.sh'
[11.169s] INFO:colcon.colcon_core.shell:Creating prefix util module '/root/Gazebo_WS/install/_local_setup_util_sh.py'
[11.169s] INFO:colcon.colcon_core.shell:Creating prefix chain script '/root/Gazebo_WS/install/setup.sh'
[11.171s] INFO:colcon.colcon_core.shell:Creating prefix script '/root/Gazebo_WS/install/local_setup.bash'
[11.171s] INFO:colcon.colcon_core.shell:Creating prefix chain script '/root/Gazebo_WS/install/setup.bash'
[11.173s] INFO:colcon.colcon_core.shell:Creating prefix script '/root/Gazebo_WS/install/local_setup.zsh'
[11.174s] INFO:colcon.colcon_core.shell:Creating prefix chain script '/root/Gazebo_WS/install/setup.zsh'
