-- Found ament_cmake: 1.3.11 (/opt/ros/humble/share/ament_cmake/cmake)
-- Override CMake install command with custom implementation using symlinks instead of copying resources
-- Found rclcpp: 16.0.11 (/opt/ros/humble/share/rclcpp/cmake)
-- Found rosidl_generator_c: 3.1.6 (/opt/ros/humble/share/rosidl_generator_c/cmake)
-- Found rosidl_adapter: 3.1.6 (/opt/ros/humble/share/rosidl_adapter/cmake)
-- Found rosidl_generator_cpp: 3.1.6 (/opt/ros/humble/share/rosidl_generator_cpp/cmake)
-- Using all available rosidl_typesupport_c: rosidl_typesupport_fastrtps_c;rosidl_typesupport_introspection_c
-- Using all available rosidl_typesupport_cpp: rosidl_typesupport_fastrtps_cpp;rosidl_typesupport_introspection_cpp
-- Found rmw_implementation_cmake: 6.1.2 (/opt/ros/humble/share/rmw_implementation_cmake/cmake)
-- Found rmw_fastrtps_cpp: 6.2.7 (/opt/ros/humble/share/rmw_fastrtps_cpp/cmake)
-- Using RMW implementation 'rmw_fastrtps_cpp' as default
-- Found ros_gz_sim: 0.244.16 (/opt/ros/humble/share/ros_gz_sim/cmake)
-- Found robot_state_publisher: 3.0.3 (/opt/ros/humble/share/robot_state_publisher/cmake)
-- Found eigen3_cmake_module: 0.1.1 (/opt/ros/humble/share/eigen3_cmake_module/cmake)
-- Ensuring Eigen3 include directory is part of orocos-kdl CMake target
-- Found rviz2: 11.2.16 (/opt/ros/humble/share/rviz2/cmake)
-- Found franka_description: 0.4.0 (/root/Gazebo_WS/install/franka_description/share/franka_description/cmake)
-- Found trajectory_msgs: 4.2.4 (/opt/ros/humble/share/trajectory_msgs/cmake)
-- Found ament_lint_auto: 0.12.11 (/opt/ros/humble/share/ament_lint_auto/cmake)
-- Added test 'cppcheck' to perform static code analysis on C / C++ code
-- Configured cppcheck include dirs: 
-- Configured cppcheck exclude dirs and/or files: 
-- Added test 'flake8' to check Python code syntax and style conventions
-- Added test 'lint_cmake' to check CMake code style
-- Added test 'pep257' to check Python code against some of the docstring style conventions in PEP 257
-- Added test 'uncrustify' to check C / C++ code style
-- Configured uncrustify additional arguments: 
-- Added test 'xmllint' to check XML markup files
-- Configuring done
-- Generating done
-- Build files have been written to: /root/Gazebo_WS/build/gazebo_practise
[35m[1mConsolidate compiler generated dependencies of target reference_generator[0m
[100%] Built target reference_generator
-- Install configuration: ""
-- Execute custom install script
-- Up-to-date symlink: /root/Gazebo_WS/install/gazebo_practise/share/gazebo_practise/launch/empty_world.launch.py
-- Up-to-date symlink: /root/Gazebo_WS/install/gazebo_practise/share/gazebo_practise/launch/frames_2025-02-23_17.58.07.gv
-- Up-to-date symlink: /root/Gazebo_WS/install/gazebo_practise/share/gazebo_practise/launch/send_trajectory.launch.py
-- Up-to-date symlink: /root/Gazebo_WS/install/gazebo_practise/share/gazebo_practise/urdf/URDF_Practise.urdf
-- Up-to-date symlink: /root/Gazebo_WS/install/gazebo_practise/share/gazebo_practise/urdf/URDF_Simple.urdf
-- Up-to-date symlink: /root/Gazebo_WS/install/gazebo_practise/share/gazebo_practise/worlds/world.sdf
-- Up-to-date symlink: /root/Gazebo_WS/install/gazebo_practise/share/gazebo_practise/config/my_robot_config.rviz
-- Up-to-date symlink: /root/Gazebo_WS/install/gazebo_practise/share/gazebo_practise/controller_config/controller.yaml
-- Up-to-date symlink: /root/Gazebo_WS/install/gazebo_practise/lib/gazebo_practise/reference_generator
-- Up-to-date symlink: /root/Gazebo_WS/install/gazebo_practise/share/ament_index/resource_index/package_run_dependencies/gazebo_practise
-- Up-to-date symlink: /root/Gazebo_WS/install/gazebo_practise/share/ament_index/resource_index/parent_prefix_path/gazebo_practise
-- Up-to-date symlink: /root/Gazebo_WS/install/gazebo_practise/share/gazebo_practise/environment/ament_prefix_path.sh
-- Up-to-date symlink: /root/Gazebo_WS/install/gazebo_practise/share/gazebo_practise/environment/ament_prefix_path.dsv
-- Up-to-date symlink: /root/Gazebo_WS/install/gazebo_practise/share/gazebo_practise/environment/path.sh
-- Up-to-date symlink: /root/Gazebo_WS/install/gazebo_practise/share/gazebo_practise/environment/path.dsv
-- Up-to-date symlink: /root/Gazebo_WS/install/gazebo_practise/share/gazebo_practise/local_setup.bash
-- Up-to-date symlink: /root/Gazebo_WS/install/gazebo_practise/share/gazebo_practise/local_setup.sh
-- Up-to-date symlink: /root/Gazebo_WS/install/gazebo_practise/share/gazebo_practise/local_setup.zsh
-- Up-to-date symlink: /root/Gazebo_WS/install/gazebo_practise/share/gazebo_practise/local_setup.dsv
-- Symlinking: /root/Gazebo_WS/install/gazebo_practise/share/gazebo_practise/package.dsv
-- Up-to-date symlink: /root/Gazebo_WS/install/gazebo_practise/share/ament_index/resource_index/packages/gazebo_practise
-- Up-to-date symlink: /root/Gazebo_WS/install/gazebo_practise/share/gazebo_practise/cmake/gazebo_practiseConfig.cmake
-- Up-to-date symlink: /root/Gazebo_WS/install/gazebo_practise/share/gazebo_practise/cmake/gazebo_practiseConfig-version.cmake
-- Up-to-date symlink: /root/Gazebo_WS/install/gazebo_practise/share/gazebo_practise/package.xml
