[0.025s] Invoking command in '/root/Gazebo_WS/build/gazebo_practise': AMENT_PREFIX_PATH=/root/Gazebo_WS/install/franka_description:${AMENT_PREFIX_PATH} CMAKE_PREFIX_PATH=/root/Gazebo_WS/install/franka_description:/opt/ros/humble /usr/bin/cmake /root/Gazebo_WS/src/gazebo_practise -DCMAKE_INSTALL_PREFIX=/root/Gazebo_WS/install/gazebo_practise
[0.035s] -- Found ament_cmake: 1.3.11 (/opt/ros/humble/share/ament_cmake/cmake)
[0.107s] -- Override CMake install command with custom implementation using symlinks instead of copying resources
[0.114s] -- Found rclcpp: 16.0.11 (/opt/ros/humble/share/rclcpp/cmake)
[0.276s] -- Found rosidl_generator_c: 3.1.6 (/opt/ros/humble/share/rosidl_generator_c/cmake)
[0.279s] -- Found rosidl_adapter: 3.1.6 (/opt/ros/humble/share/rosidl_adapter/cmake)
[0.287s] -- Found rosidl_generator_cpp: 3.1.6 (/opt/ros/humble/share/rosidl_generator_cpp/cmake)
[0.299s] -- Using all available rosidl_typesupport_c: rosidl_typesupport_fastrtps_c;rosidl_typesupport_introspection_c
[0.310s] -- Using all available rosidl_typesupport_cpp: rosidl_typesupport_fastrtps_cpp;rosidl_typesupport_introspection_cpp
[0.344s] -- Found rmw_implementation_cmake: 6.1.2 (/opt/ros/humble/share/rmw_implementation_cmake/cmake)
[0.347s] -- Found rmw_fastrtps_cpp: 6.2.7 (/opt/ros/humble/share/rmw_fastrtps_cpp/cmake)
[4.368s] -- Using RMW implementation 'rmw_fastrtps_cpp' as default
[4.412s] -- Found ros_gz_sim: 0.244.16 (/opt/ros/humble/share/ros_gz_sim/cmake)
[4.414s] -- Found robot_state_publisher: 3.0.3 (/opt/ros/humble/share/robot_state_publisher/cmake)
[4.432s] -- Found eigen3_cmake_module: 0.1.1 (/opt/ros/humble/share/eigen3_cmake_module/cmake)
[4.434s] -- Ensuring Eigen3 include directory is part of orocos-kdl CMake target
[5.524s] -- Found rviz2: 11.2.16 (/opt/ros/humble/share/rviz2/cmake)
[5.524s] -- Found franka_description: 0.4.0 (/root/Gazebo_WS/install/franka_description/share/franka_description/cmake)
[5.525s] -- Found trajectory_msgs: 4.2.4 (/opt/ros/humble/share/trajectory_msgs/cmake)
[5.539s] -- Found ament_lint_auto: 0.12.11 (/opt/ros/humble/share/ament_lint_auto/cmake)
[5.591s] -- Added test 'cppcheck' to perform static code analysis on C / C++ code
[5.591s] -- Configured cppcheck include dirs: 
[5.591s] -- Configured cppcheck exclude dirs and/or files: 
[5.591s] -- Added test 'flake8' to check Python code syntax and style conventions
[5.592s] -- Added test 'lint_cmake' to check CMake code style
[5.592s] -- Added test 'pep257' to check Python code against some of the docstring style conventions in PEP 257
[5.594s] -- Added test 'uncrustify' to check C / C++ code style
[5.594s] -- Configured uncrustify additional arguments: 
[5.594s] -- Added test 'xmllint' to check XML markup files
[5.595s] -- Configuring done
[5.611s] -- Generating done
[5.614s] -- Build files have been written to: /root/Gazebo_WS/build/gazebo_practise
[5.620s] Invoked command in '/root/Gazebo_WS/build/gazebo_practise' returned '0': AMENT_PREFIX_PATH=/root/Gazebo_WS/install/franka_description:${AMENT_PREFIX_PATH} CMAKE_PREFIX_PATH=/root/Gazebo_WS/install/franka_description:/opt/ros/humble /usr/bin/cmake /root/Gazebo_WS/src/gazebo_practise -DCMAKE_INSTALL_PREFIX=/root/Gazebo_WS/install/gazebo_practise
[5.620s] Invoking command in '/root/Gazebo_WS/build/gazebo_practise': AMENT_PREFIX_PATH=/root/Gazebo_WS/install/franka_description:${AMENT_PREFIX_PATH} CMAKE_PREFIX_PATH=/root/Gazebo_WS/install/franka_description:/opt/ros/humble /usr/bin/cmake --build /root/Gazebo_WS/build/gazebo_practise -- -j20 -l20
[5.641s] [35m[1mConsolidate compiler generated dependencies of target reference_generator[0m
[5.675s] [100%] Built target reference_generator
[5.681s] Invoked command in '/root/Gazebo_WS/build/gazebo_practise' returned '0': AMENT_PREFIX_PATH=/root/Gazebo_WS/install/franka_description:${AMENT_PREFIX_PATH} CMAKE_PREFIX_PATH=/root/Gazebo_WS/install/franka_description:/opt/ros/humble /usr/bin/cmake --build /root/Gazebo_WS/build/gazebo_practise -- -j20 -l20
[5.682s] Invoking command in '/root/Gazebo_WS/build/gazebo_practise': AMENT_PREFIX_PATH=/root/Gazebo_WS/install/franka_description:${AMENT_PREFIX_PATH} CMAKE_PREFIX_PATH=/root/Gazebo_WS/install/franka_description:/opt/ros/humble /usr/bin/cmake --install /root/Gazebo_WS/build/gazebo_practise
[5.685s] -- Install configuration: ""
[5.686s] -- Execute custom install script
[5.686s] -- Up-to-date symlink: /root/Gazebo_WS/install/gazebo_practise/share/gazebo_practise/launch/empty_world.launch.py
[5.686s] -- Up-to-date symlink: /root/Gazebo_WS/install/gazebo_practise/share/gazebo_practise/launch/frames_2025-02-23_17.58.07.gv
[5.687s] -- Up-to-date symlink: /root/Gazebo_WS/install/gazebo_practise/share/gazebo_practise/launch/send_trajectory.launch.py
[5.687s] -- Up-to-date symlink: /root/Gazebo_WS/install/gazebo_practise/share/gazebo_practise/urdf/URDF_Practise.urdf
[5.687s] -- Up-to-date symlink: /root/Gazebo_WS/install/gazebo_practise/share/gazebo_practise/urdf/URDF_Simple.urdf
[5.687s] -- Up-to-date symlink: /root/Gazebo_WS/install/gazebo_practise/share/gazebo_practise/worlds/world.sdf
[5.687s] -- Up-to-date symlink: /root/Gazebo_WS/install/gazebo_practise/share/gazebo_practise/config/my_robot_config.rviz
[5.688s] -- Up-to-date symlink: /root/Gazebo_WS/install/gazebo_practise/share/gazebo_practise/controller_config/controller.yaml
[5.688s] -- Up-to-date symlink: /root/Gazebo_WS/install/gazebo_practise/lib/gazebo_practise/reference_generator
[5.688s] -- Up-to-date symlink: /root/Gazebo_WS/install/gazebo_practise/share/ament_index/resource_index/package_run_dependencies/gazebo_practise
[5.689s] -- Up-to-date symlink: /root/Gazebo_WS/install/gazebo_practise/share/ament_index/resource_index/parent_prefix_path/gazebo_practise
[5.689s] -- Up-to-date symlink: /root/Gazebo_WS/install/gazebo_practise/share/gazebo_practise/environment/ament_prefix_path.sh
[5.689s] -- Up-to-date symlink: /root/Gazebo_WS/install/gazebo_practise/share/gazebo_practise/environment/ament_prefix_path.dsv
[5.689s] -- Up-to-date symlink: /root/Gazebo_WS/install/gazebo_practise/share/gazebo_practise/environment/path.sh
[5.690s] -- Up-to-date symlink: /root/Gazebo_WS/install/gazebo_practise/share/gazebo_practise/environment/path.dsv
[5.690s] -- Up-to-date symlink: /root/Gazebo_WS/install/gazebo_practise/share/gazebo_practise/local_setup.bash
[5.690s] -- Up-to-date symlink: /root/Gazebo_WS/install/gazebo_practise/share/gazebo_practise/local_setup.sh
[5.690s] -- Up-to-date symlink: /root/Gazebo_WS/install/gazebo_practise/share/gazebo_practise/local_setup.zsh
[5.691s] -- Up-to-date symlink: /root/Gazebo_WS/install/gazebo_practise/share/gazebo_practise/local_setup.dsv
[5.691s] -- Symlinking: /root/Gazebo_WS/install/gazebo_practise/share/gazebo_practise/package.dsv
[5.695s] -- Up-to-date symlink: /root/Gazebo_WS/install/gazebo_practise/share/ament_index/resource_index/packages/gazebo_practise
[5.696s] -- Up-to-date symlink: /root/Gazebo_WS/install/gazebo_practise/share/gazebo_practise/cmake/gazebo_practiseConfig.cmake
[5.696s] -- Up-to-date symlink: /root/Gazebo_WS/install/gazebo_practise/share/gazebo_practise/cmake/gazebo_practiseConfig-version.cmake
[5.696s] -- Up-to-date symlink: /root/Gazebo_WS/install/gazebo_practise/share/gazebo_practise/package.xml
[5.697s] Invoked command in '/root/Gazebo_WS/build/gazebo_practise' returned '0': AMENT_PREFIX_PATH=/root/Gazebo_WS/install/franka_description:${AMENT_PREFIX_PATH} CMAKE_PREFIX_PATH=/root/Gazebo_WS/install/franka_description:/opt/ros/humble /usr/bin/cmake --install /root/Gazebo_WS/build/gazebo_practise
